{"S:\\claudecode\\LicenseSrv\\src\\admin-ui\\src\\App.tsx": {"path":"S:\\claudecode\\LicenseSrv\\src\\admin-ui\\src\\App.tsx","all":false,"statementMap":{"0":{"start":{"line":1,"column":0},"end":{"line":1,"column":103}},"8":{"start":{"line":9,"column":0},"end":{"line":9,"column":36}},"9":{"start":{"line":10,"column":0},"end":{"line":10,"column":57}},"10":{"start":{"line":11,"column":0},"end":{"line":11,"column":44}},"12":{"start":{"line":13,"column":0},"end":{"line":13,"column":19}},"13":{"start":{"line":14,"column":0},"end":{"line":14,"column":12}},"14":{"start":{"line":15,"column":0},"end":{"line":15,"column":11}},"15":{"start":{"line":16,"column":0},"end":{"line":16,"column":29}},"16":{"start":{"line":17,"column":0},"end":{"line":17,"column":32}},"17":{"start":{"line":18,"column":0},"end":{"line":18,"column":37}},"18":{"start":{"line":19,"column":0},"end":{"line":19,"column":9}},"20":{"start":{"line":21,"column":0},"end":{"line":21,"column":37}},"21":{"start":{"line":22,"column":0},"end":{"line":22,"column":49}},"22":{"start":{"line":23,"column":0},"end":{"line":23,"column":62}},"23":{"start":{"line":24,"column":0},"end":{"line":24,"column":1}}},"s":{"0":1,"8":1,"9":5,"10":5,"12":5,"13":2,"14":2,"15":2,"16":2,"17":2,"18":5,"20":5,"21":5,"22":1,"23":1},"branchMap":{"0":{"type":"branch","line":9,"loc":{"start":{"line":9,"column":7},"end":{"line":24,"column":1}},"locations":[{"start":{"line":9,"column":7},"end":{"line":24,"column":1}}]},"1":{"type":"branch","line":21,"loc":{"start":{"line":21,"column":14},"end":{"line":21,"column":37}},"locations":[{"start":{"line":21,"column":14},"end":{"line":21,"column":37}}]},"2":{"type":"branch","line":21,"loc":{"start":{"line":21,"column":32},"end":{"line":22,"column":19}},"locations":[{"start":{"line":21,"column":32},"end":{"line":22,"column":19}}]},"3":{"type":"branch","line":22,"loc":{"start":{"line":22,"column":12},"end":{"line":22,"column":49}},"locations":[{"start":{"line":22,"column":12},"end":{"line":22,"column":49}}]},"4":{"type":"branch","line":22,"loc":{"start":{"line":22,"column":46},"end":{"line":24,"column":1}},"locations":[{"start":{"line":22,"column":46},"end":{"line":24,"column":1}}]},"5":{"type":"branch","line":13,"loc":{"start":{"line":13,"column":12},"end":{"line":19,"column":5}},"locations":[{"start":{"line":13,"column":12},"end":{"line":19,"column":5}}]},"6":{"type":"branch","line":16,"loc":{"start":{"line":16,"column":12},"end":{"line":16,"column":28}},"locations":[{"start":{"line":16,"column":12},"end":{"line":16,"column":28}}]},"7":{"type":"branch","line":17,"loc":{"start":{"line":17,"column":13},"end":{"line":17,"column":31}},"locations":[{"start":{"line":17,"column":13},"end":{"line":17,"column":31}}]},"8":{"type":"branch","line":18,"loc":{"start":{"line":18,"column":15},"end":{"line":18,"column":35}},"locations":[{"start":{"line":18,"column":15},"end":{"line":18,"column":35}}]},"9":{"type":"branch","line":23,"loc":{"start":{"line":23,"column":39},"end":{"line":23,"column":59}},"locations":[{"start":{"line":23,"column":39},"end":{"line":23,"column":59}}]}},"b":{"0":[5],"1":[2],"2":[3],"3":[2],"4":[1],"5":[2],"6":[1],"7":[1],"8":[2],"9":[1]},"fnMap":{"0":{"name":"App","decl":{"start":{"line":9,"column":7},"end":{"line":24,"column":1}},"loc":{"start":{"line":9,"column":7},"end":{"line":24,"column":1}},"line":9},"1":{"name":"onSignedOut","decl":{"start":{"line":23,"column":39},"end":{"line":23,"column":59}},"loc":{"start":{"line":23,"column":39},"end":{"line":23,"column":59}},"line":23}},"f":{"0":5,"1":1}}
,"S:\\claudecode\\LicenseSrv\\src\\admin-ui\\src\\api.ts": {"path":"S:\\claudecode\\LicenseSrv\\src\\admin-ui\\src\\api.ts","all":false,"statementMap":{"58":{"start":{"line":59,"column":0},"end":{"line":59,"column":37}},"59":{"start":{"line":60,"column":0},"end":{"line":60,"column":14}},"60":{"start":{"line":61,"column":0},"end":{"line":61,"column":35}},"61":{"start":{"line":62,"column":0},"end":{"line":62,"column":33}},"62":{"start":{"line":63,"column":0},"end":{"line":63,"column":20}},"63":{"start":{"line":64,"column":0},"end":{"line":64,"column":5}},"64":{"start":{"line":65,"column":0},"end":{"line":65,"column":19}},"65":{"start":{"line":66,"column":0},"end":{"line":66,"column":27}},"66":{"start":{"line":67,"column":0},"end":{"line":67,"column":3}},"67":{"start":{"line":68,"column":0},"end":{"line":68,"column":1}},"70":{"start":{"line":71,"column":0},"end":{"line":71,"column":62}},"71":{"start":{"line":72,"column":0},"end":{"line":72,"column":82}},"72":{"start":{"line":73,"column":0},"end":{"line":73,"column":78}},"73":{"start":{"line":74,"column":0},"end":{"line":74,"column":1}},"75":{"start":{"line":76,"column":0},"end":{"line":76,"column":61}},"77":{"start":{"line":78,"column":0},"end":{"line":78,"column":85}},"78":{"start":{"line":79,"column":0},"end":{"line":79,"column":45}},"79":{"start":{"line":80,"column":0},"end":{"line":80,"column":71}},"80":{"start":{"line":81,"column":0},"end":{"line":81,"column":29}},"81":{"start":{"line":82,"column":0},"end":{"line":82,"column":42}},"82":{"start":{"line":83,"column":0},"end":{"line":83,"column":45}},"83":{"start":{"line":84,"column":0},"end":{"line":84,"column":3}},"84":{"start":{"line":85,"column":0},"end":{"line":85,"column":33}},"85":{"start":{"line":86,"column":0},"end":{"line":86,"column":11}},"86":{"start":{"line":87,"column":0},"end":{"line":87,"column":12}},"87":{"start":{"line":88,"column":0},"end":{"line":88,"column":27}},"88":{"start":{"line":89,"column":0},"end":{"line":89,"column":64}},"89":{"start":{"line":90,"column":0},"end":{"line":90,"column":5}},"90":{"start":{"line":91,"column":0},"end":{"line":91,"column":48}},"91":{"start":{"line":92,"column":0},"end":{"line":92,"column":32}},"92":{"start":{"line":93,"column":0},"end":{"line":93,"column":64}},"93":{"start":{"line":94,"column":0},"end":{"line":94,"column":16}},"94":{"start":{"line":95,"column":0},"end":{"line":95,"column":66}},"95":{"start":{"line":96,"column":0},"end":{"line":96,"column":83}},"96":{"start":{"line":97,"column":0},"end":{"line":97,"column":3}},"97":{"start":{"line":98,"column":0},"end":{"line":98,"column":19}},"98":{"start":{"line":99,"column":0},"end":{"line":99,"column":1}},"100":{"start":{"line":101,"column":0},"end":{"line":101,"column":40}},"101":{"start":{"line":102,"column":0},"end":{"line":102,"column":34}},"102":{"start":{"line":103,"column":0},"end":{"line":103,"column":44}},"103":{"start":{"line":104,"column":0},"end":{"line":104,"column":38}},"104":{"start":{"line":105,"column":0},"end":{"line":105,"column":58}},"105":{"start":{"line":106,"column":0},"end":{"line":106,"column":47}},"106":{"start":{"line":107,"column":0},"end":{"line":107,"column":50}},"107":{"start":{"line":108,"column":0},"end":{"line":108,"column":55}},"108":{"start":{"line":109,"column":0},"end":{"line":109,"column":25}},"109":{"start":{"line":110,"column":0},"end":{"line":110,"column":26}},"110":{"start":{"line":111,"column":0},"end":{"line":111,"column":1}},"113":{"start":{"line":114,"column":0},"end":{"line":114,"column":25}},"114":{"start":{"line":115,"column":0},"end":{"line":115,"column":65}},"115":{"start":{"line":116,"column":0},"end":{"line":116,"column":87}},"116":{"start":{"line":117,"column":0},"end":{"line":117,"column":56}},"117":{"start":{"line":118,"column":0},"end":{"line":118,"column":60}},"119":{"start":{"line":120,"column":0},"end":{"line":120,"column":93}},"120":{"start":{"line":121,"column":0},"end":{"line":121,"column":74}},"121":{"start":{"line":122,"column":0},"end":{"line":122,"column":79}},"122":{"start":{"line":123,"column":0},"end":{"line":123,"column":92}},"123":{"start":{"line":124,"column":0},"end":{"line":124,"column":102}},"125":{"start":{"line":126,"column":0},"end":{"line":126,"column":99}},"126":{"start":{"line":127,"column":0},"end":{"line":127,"column":95}},"127":{"start":{"line":128,"column":0},"end":{"line":128,"column":97}},"128":{"start":{"line":129,"column":0},"end":{"line":129,"column":34}},"129":{"start":{"line":130,"column":0},"end":{"line":130,"column":87}},"131":{"start":{"line":132,"column":0},"end":{"line":132,"column":95}},"132":{"start":{"line":133,"column":0},"end":{"line":133,"column":2}},"185":{"start":{"line":186,"column":0},"end":{"line":186,"column":50}},"186":{"start":{"line":187,"column":0},"end":{"line":187,"column":43}},"187":{"start":{"line":188,"column":0},"end":{"line":188,"column":1}},"190":{"start":{"line":191,"column":0},"end":{"line":191,"column":27}},"191":{"start":{"line":192,"column":0},"end":{"line":192,"column":42}},"192":{"start":{"line":193,"column":0},"end":{"line":193,"column":114}},"193":{"start":{"line":194,"column":0},"end":{"line":194,"column":80}},"194":{"start":{"line":195,"column":0},"end":{"line":195,"column":63}},"195":{"start":{"line":196,"column":0},"end":{"line":196,"column":100}},"197":{"start":{"line":198,"column":0},"end":{"line":198,"column":58}},"198":{"start":{"line":199,"column":0},"end":{"line":199,"column":124}},"199":{"start":{"line":200,"column":0},"end":{"line":200,"column":121}},"200":{"start":{"line":201,"column":0},"end":{"line":201,"column":79}},"201":{"start":{"line":202,"column":0},"end":{"line":202,"column":91}},"203":{"start":{"line":204,"column":0},"end":{"line":204,"column":46}},"204":{"start":{"line":205,"column":0},"end":{"line":205,"column":130}},"205":{"start":{"line":206,"column":0},"end":{"line":206,"column":107}},"206":{"start":{"line":207,"column":0},"end":{"line":207,"column":71}},"207":{"start":{"line":208,"column":0},"end":{"line":208,"column":112}},"209":{"start":{"line":210,"column":0},"end":{"line":210,"column":43}},"210":{"start":{"line":211,"column":0},"end":{"line":211,"column":136}},"211":{"start":{"line":212,"column":0},"end":{"line":212,"column":83}},"212":{"start":{"line":213,"column":0},"end":{"line":213,"column":116}},"213":{"start":{"line":214,"column":0},"end":{"line":214,"column":61}},"214":{"start":{"line":215,"column":0},"end":{"line":215,"column":92}},"217":{"start":{"line":218,"column":0},"end":{"line":218,"column":35}},"218":{"start":{"line":219,"column":0},"end":{"line":219,"column":88}},"219":{"start":{"line":220,"column":0},"end":{"line":220,"column":2}},"259":{"start":{"line":260,"column":0},"end":{"line":260,"column":47}},"260":{"start":{"line":261,"column":0},"end":{"line":261,"column":34}},"261":{"start":{"line":262,"column":0},"end":{"line":262,"column":42}},"262":{"start":{"line":263,"column":0},"end":{"line":263,"column":54}},"263":{"start":{"line":264,"column":0},"end":{"line":264,"column":42}},"264":{"start":{"line":265,"column":0},"end":{"line":265,"column":25}},"265":{"start":{"line":266,"column":0},"end":{"line":266,"column":26}},"266":{"start":{"line":267,"column":0},"end":{"line":267,"column":1}},"269":{"start":{"line":270,"column":0},"end":{"line":270,"column":29}},"270":{"start":{"line":271,"column":0},"end":{"line":271,"column":22}},"271":{"start":{"line":272,"column":0},"end":{"line":272,"column":91}},"272":{"start":{"line":273,"column":0},"end":{"line":273,"column":76}},"273":{"start":{"line":274,"column":0},"end":{"line":274,"column":57}},"274":{"start":{"line":275,"column":0},"end":{"line":275,"column":82}},"275":{"start":{"line":276,"column":0},"end":{"line":276,"column":83}},"277":{"start":{"line":278,"column":0},"end":{"line":278,"column":93}},"278":{"start":{"line":279,"column":0},"end":{"line":279,"column":61}},"279":{"start":{"line":280,"column":0},"end":{"line":280,"column":49}},"280":{"start":{"line":281,"column":0},"end":{"line":281,"column":108}},"281":{"start":{"line":282,"column":0},"end":{"line":282,"column":79}},"282":{"start":{"line":283,"column":0},"end":{"line":283,"column":32}},"283":{"start":{"line":284,"column":0},"end":{"line":284,"column":98}},"285":{"start":{"line":286,"column":0},"end":{"line":286,"column":90}},"286":{"start":{"line":287,"column":0},"end":{"line":287,"column":92}},"287":{"start":{"line":288,"column":0},"end":{"line":288,"column":96}},"288":{"start":{"line":289,"column":0},"end":{"line":289,"column":54}},"289":{"start":{"line":290,"column":0},"end":{"line":290,"column":79}},"290":{"start":{"line":291,"column":0},"end":{"line":291,"column":2}}},"s":{"58":1,"59":1,"60":11,"61":11,"62":11,"63":11,"64":11,"65":11,"66":11,"67":1,"70":1,"71":18,"72":18,"73":18,"75":1,"77":25,"78":25,"79":25,"80":25,"81":16,"82":16,"83":16,"84":25,"85":25,"86":25,"87":25,"88":25,"89":25,"90":25,"91":24,"92":25,"93":25,"94":2,"95":2,"96":2,"97":22,"98":22,"100":1,"101":1,"102":1,"103":1,"104":1,"105":1,"106":1,"107":1,"108":1,"109":1,"110":1,"113":1,"114":1,"115":2,"116":1,"117":1,"119":1,"120":1,"121":1,"122":1,"123":1,"125":1,"126":1,"127":1,"128":1,"129":1,"131":1,"132":1,"185":3,"186":3,"187":3,"190":1,"191":1,"192":1,"193":1,"194":1,"195":1,"197":1,"198":1,"199":1,"200":1,"201":1,"203":1,"204":1,"205":1,"206":1,"207":1,"209":1,"210":1,"211":1,"212":1,"213":1,"214":1,"217":1,"218":1,"219":1,"259":0,"260":0,"261":0,"262":0,"263":0,"264":0,"265":0,"266":0,"269":1,"270":1,"271":0,"272":1,"273":0,"274":1,"275":1,"277":1,"278":0,"279":1,"280":0,"281":1,"282":1,"283":0,"285":1,"286":1,"287":1,"288":1,"289":0,"290":1},"branchMap":{"0":{"type":"branch","line":60,"loc":{"start":{"line":60,"column":2},"end":{"line":67,"column":3}},"locations":[{"start":{"line":60,"column":2},"end":{"line":67,"column":3}}]},"1":{"type":"branch","line":71,"loc":{"start":{"line":71,"column":7},"end":{"line":74,"column":1}},"locations":[{"start":{"line":71,"column":7},"end":{"line":74,"column":1}}]},"2":{"type":"branch","line":73,"loc":{"start":{"line":73,"column":9},"end":{"line":73,"column":68}},"locations":[{"start":{"line":73,"column":9},"end":{"line":73,"column":68}}]},"3":{"type":"branch","line":73,"loc":{"start":{"line":73,"column":64},"end":{"line":73,"column":78}},"locations":[{"start":{"line":73,"column":64},"end":{"line":73,"column":78}}]},"4":{"type":"branch","line":72,"loc":{"start":{"line":72,"column":49},"end":{"line":72,"column":80}},"locations":[{"start":{"line":72,"column":49},"end":{"line":72,"column":80}}]},"5":{"type":"branch","line":78,"loc":{"start":{"line":78,"column":0},"end":{"line":99,"column":1}},"locations":[{"start":{"line":78,"column":0},"end":{"line":99,"column":1}}]},"6":{"type":"branch","line":80,"loc":{"start":{"line":80,"column":26},"end":{"line":80,"column":71}},"locations":[{"start":{"line":80,"column":26},"end":{"line":80,"column":71}}]},"7":{"type":"branch","line":81,"loc":{"start":{"line":81,"column":28},"end":{"line":84,"column":3}},"locations":[{"start":{"line":81,"column":28},"end":{"line":84,"column":3}}]},"8":{"type":"branch","line":89,"loc":{"start":{"line":89,"column":19},"end":{"line":89,"column":43}},"locations":[{"start":{"line":89,"column":19},"end":{"line":89,"column":43}}]},"9":{"type":"branch","line":89,"loc":{"start":{"line":89,"column":31},"end":{"line":89,"column":64}},"locations":[{"start":{"line":89,"column":31},"end":{"line":89,"column":64}}]},"10":{"type":"branch","line":91,"loc":{"start":{"line":91,"column":26},"end":{"line":91,"column":48}},"locations":[{"start":{"line":91,"column":26},"end":{"line":91,"column":48}}]},"11":{"type":"branch","line":91,"loc":{"start":{"line":91,"column":33},"end":{"line":93,"column":54}},"locations":[{"start":{"line":91,"column":33},"end":{"line":93,"column":54}}]},"12":{"type":"branch","line":93,"loc":{"start":{"line":93,"column":38},"end":{"line":93,"column":64}},"locations":[{"start":{"line":93,"column":38},"end":{"line":93,"column":64}}]},"13":{"type":"branch","line":94,"loc":{"start":{"line":94,"column":15},"end":{"line":97,"column":3}},"locations":[{"start":{"line":94,"column":15},"end":{"line":97,"column":3}}]},"14":{"type":"branch","line":95,"loc":{"start":{"line":95,"column":15},"end":{"line":95,"column":66}},"locations":[{"start":{"line":95,"column":15},"end":{"line":95,"column":66}}]},"15":{"type":"branch","line":96,"loc":{"start":{"line":96,"column":37},"end":{"line":96,"column":54}},"locations":[{"start":{"line":96,"column":37},"end":{"line":96,"column":54}}]},"16":{"type":"branch","line":96,"loc":{"start":{"line":96,"column":56},"end":{"line":96,"column":81}},"locations":[{"start":{"line":96,"column":56},"end":{"line":96,"column":81}}]},"17":{"type":"branch","line":97,"loc":{"start":{"line":97,"column":2},"end":{"line":99,"column":1}},"locations":[{"start":{"line":97,"column":2},"end":{"line":99,"column":1}}]},"18":{"type":"branch","line":101,"loc":{"start":{"line":101,"column":0},"end":{"line":111,"column":1}},"locations":[{"start":{"line":101,"column":0},"end":{"line":111,"column":1}}]},"19":{"type":"branch","line":103,"loc":{"start":{"line":103,"column":18},"end":{"line":103,"column":44}},"locations":[{"start":{"line":103,"column":18},"end":{"line":103,"column":44}}]},"20":{"type":"branch","line":104,"loc":{"start":{"line":104,"column":16},"end":{"line":104,"column":38}},"locations":[{"start":{"line":104,"column":16},"end":{"line":104,"column":38}}]},"21":{"type":"branch","line":107,"loc":{"start":{"line":107,"column":20},"end":{"line":107,"column":50}},"locations":[{"start":{"line":107,"column":20},"end":{"line":107,"column":50}}]},"22":{"type":"branch","line":110,"loc":{"start":{"line":110,"column":18},"end":{"line":110,"column":26}},"locations":[{"start":{"line":110,"column":18},"end":{"line":110,"column":26}}]},"23":{"type":"branch","line":115,"loc":{"start":{"line":115,"column":9},"end":{"line":116,"column":87}},"locations":[{"start":{"line":115,"column":9},"end":{"line":116,"column":87}}]},"24":{"type":"branch","line":117,"loc":{"start":{"line":117,"column":6},"end":{"line":117,"column":56}},"locations":[{"start":{"line":117,"column":6},"end":{"line":117,"column":56}}]},"25":{"type":"branch","line":118,"loc":{"start":{"line":118,"column":10},"end":{"line":118,"column":60}},"locations":[{"start":{"line":118,"column":10},"end":{"line":118,"column":60}}]},"26":{"type":"branch","line":120,"loc":{"start":{"line":120,"column":13},"end":{"line":120,"column":93}},"locations":[{"start":{"line":120,"column":13},"end":{"line":120,"column":93}}]},"27":{"type":"branch","line":120,"loc":{"start":{"line":120,"column":77},"end":{"line":120,"column":91}},"locations":[{"start":{"line":120,"column":77},"end":{"line":120,"column":91}}]},"28":{"type":"branch","line":121,"loc":{"start":{"line":121,"column":14},"end":{"line":122,"column":79}},"locations":[{"start":{"line":121,"column":14},"end":{"line":122,"column":79}}]},"29":{"type":"branch","line":123,"loc":{"start":{"line":123,"column":14},"end":{"line":124,"column":102}},"locations":[{"start":{"line":123,"column":14},"end":{"line":124,"column":102}}]},"30":{"type":"branch","line":126,"loc":{"start":{"line":126,"column":15},"end":{"line":126,"column":99}},"locations":[{"start":{"line":126,"column":15},"end":{"line":126,"column":99}}]},"31":{"type":"branch","line":126,"loc":{"start":{"line":126,"column":84},"end":{"line":126,"column":97}},"locations":[{"start":{"line":126,"column":84},"end":{"line":126,"column":97}}]},"32":{"type":"branch","line":127,"loc":{"start":{"line":127,"column":16},"end":{"line":127,"column":95}},"locations":[{"start":{"line":127,"column":16},"end":{"line":127,"column":95}}]},"33":{"type":"branch","line":128,"loc":{"start":{"line":128,"column":16},"end":{"line":128,"column":97}},"locations":[{"start":{"line":128,"column":16},"end":{"line":128,"column":97}}]},"34":{"type":"branch","line":129,"loc":{"start":{"line":129,"column":16},"end":{"line":130,"column":87}},"locations":[{"start":{"line":129,"column":16},"end":{"line":130,"column":87}}]},"35":{"type":"branch","line":132,"loc":{"start":{"line":132,"column":13},"end":{"line":132,"column":95}},"locations":[{"start":{"line":132,"column":13},"end":{"line":132,"column":95}}]},"36":{"type":"branch","line":186,"loc":{"start":{"line":186,"column":0},"end":{"line":188,"column":1}},"locations":[{"start":{"line":186,"column":0},"end":{"line":188,"column":1}}]},"37":{"type":"branch","line":187,"loc":{"start":{"line":187,"column":9},"end":{"line":187,"column":40}},"locations":[{"start":{"line":187,"column":9},"end":{"line":187,"column":40}}]},"38":{"type":"branch","line":187,"loc":{"start":{"line":187,"column":35},"end":{"line":187,"column":43}},"locations":[{"start":{"line":187,"column":35},"end":{"line":187,"column":43}}]},"39":{"type":"branch","line":192,"loc":{"start":{"line":192,"column":16},"end":{"line":193,"column":114}},"locations":[{"start":{"line":192,"column":16},"end":{"line":193,"column":114}}]},"40":{"type":"branch","line":193,"loc":{"start":{"line":193,"column":95},"end":{"line":193,"column":112}},"locations":[{"start":{"line":193,"column":95},"end":{"line":193,"column":112}}]},"41":{"type":"branch","line":194,"loc":{"start":{"line":194,"column":17},"end":{"line":195,"column":63}},"locations":[{"start":{"line":194,"column":17},"end":{"line":195,"column":63}}]},"42":{"type":"branch","line":196,"loc":{"start":{"line":196,"column":18},"end":{"line":196,"column":100}},"locations":[{"start":{"line":196,"column":18},"end":{"line":196,"column":100}}]},"43":{"type":"branch","line":198,"loc":{"start":{"line":198,"column":13},"end":{"line":199,"column":124}},"locations":[{"start":{"line":198,"column":13},"end":{"line":199,"column":124}}]},"44":{"type":"branch","line":199,"loc":{"start":{"line":199,"column":108},"end":{"line":199,"column":122}},"locations":[{"start":{"line":199,"column":108},"end":{"line":199,"column":122}}]},"45":{"type":"branch","line":200,"loc":{"start":{"line":200,"column":14},"end":{"line":201,"column":79}},"locations":[{"start":{"line":200,"column":14},"end":{"line":201,"column":79}}]},"46":{"type":"branch","line":202,"loc":{"start":{"line":202,"column":15},"end":{"line":202,"column":91}},"locations":[{"start":{"line":202,"column":15},"end":{"line":202,"column":91}}]},"47":{"type":"branch","line":204,"loc":{"start":{"line":204,"column":20},"end":{"line":205,"column":130}},"locations":[{"start":{"line":204,"column":20},"end":{"line":205,"column":130}}]},"48":{"type":"branch","line":205,"loc":{"start":{"line":205,"column":107},"end":{"line":205,"column":128}},"locations":[{"start":{"line":205,"column":107},"end":{"line":205,"column":128}}]},"49":{"type":"branch","line":206,"loc":{"start":{"line":206,"column":21},"end":{"line":207,"column":71}},"locations":[{"start":{"line":206,"column":21},"end":{"line":207,"column":71}}]},"50":{"type":"branch","line":208,"loc":{"start":{"line":208,"column":22},"end":{"line":208,"column":112}},"locations":[{"start":{"line":208,"column":22},"end":{"line":208,"column":112}}]},"51":{"type":"branch","line":210,"loc":{"start":{"line":210,"column":24},"end":{"line":211,"column":136}},"locations":[{"start":{"line":210,"column":24},"end":{"line":211,"column":136}}]},"52":{"type":"branch","line":211,"loc":{"start":{"line":211,"column":113},"end":{"line":211,"column":134}},"locations":[{"start":{"line":211,"column":113},"end":{"line":211,"column":134}}]},"53":{"type":"branch","line":212,"loc":{"start":{"line":212,"column":16},"end":{"line":213,"column":116}},"locations":[{"start":{"line":212,"column":16},"end":{"line":213,"column":116}}]},"54":{"type":"branch","line":214,"loc":{"start":{"line":214,"column":19},"end":{"line":215,"column":92}},"locations":[{"start":{"line":214,"column":19},"end":{"line":215,"column":92}}]},"55":{"type":"branch","line":218,"loc":{"start":{"line":218,"column":16},"end":{"line":219,"column":88}},"locations":[{"start":{"line":218,"column":16},"end":{"line":219,"column":88}}]}},"b":{"0":[11],"1":[18],"2":[17],"3":[1],"4":[18],"5":[25],"6":[9],"7":[16],"8":[16],"9":[9],"10":[1],"11":[24],"12":[0],"13":[2],"14":[0],"15":[0],"16":[0],"17":[22],"18":[1],"19":[0],"20":[0],"21":[0],"22":[0],"23":[2],"24":[1],"25":[1],"26":[1],"27":[1],"28":[1],"29":[1],"30":[1],"31":[1],"32":[1],"33":[1],"34":[1],"35":[1],"36":[3],"37":[2],"38":[1],"39":[1],"40":[1],"41":[1],"42":[1],"43":[1],"44":[1],"45":[1],"46":[1],"47":[1],"48":[1],"49":[1],"50":[1],"51":[1],"52":[1],"53":[1],"54":[1],"55":[1]},"fnMap":{"0":{"name":"ApiError","decl":{"start":{"line":60,"column":2},"end":{"line":67,"column":3}},"loc":{"start":{"line":60,"column":2},"end":{"line":67,"column":3}},"line":60},"1":{"name":"readCookie","decl":{"start":{"line":71,"column":7},"end":{"line":74,"column":1}},"loc":{"start":{"line":71,"column":7},"end":{"line":74,"column":1}},"line":71},"2":{"name":"request","decl":{"start":{"line":78,"column":0},"end":{"line":99,"column":1}},"loc":{"start":{"line":78,"column":0},"end":{"line":99,"column":1}},"line":78},"3":{"name":"qs","decl":{"start":{"line":101,"column":0},"end":{"line":111,"column":1}},"loc":{"start":{"line":101,"column":0},"end":{"line":111,"column":1}},"line":101},"4":{"name":"login","decl":{"start":{"line":115,"column":9},"end":{"line":116,"column":87}},"loc":{"start":{"line":115,"column":9},"end":{"line":116,"column":87}},"line":115},"5":{"name":"me","decl":{"start":{"line":117,"column":6},"end":{"line":117,"column":56}},"loc":{"start":{"line":117,"column":6},"end":{"line":117,"column":56}},"line":117},"6":{"name":"logout","decl":{"start":{"line":118,"column":10},"end":{"line":118,"column":60}},"loc":{"start":{"line":118,"column":10},"end":{"line":118,"column":60}},"line":118},"7":{"name":"listUsers","decl":{"start":{"line":120,"column":13},"end":{"line":120,"column":93}},"loc":{"start":{"line":120,"column":13},"end":{"line":120,"column":93}},"line":120},"8":{"name":"createUser","decl":{"start":{"line":121,"column":14},"end":{"line":122,"column":79}},"loc":{"start":{"line":121,"column":14},"end":{"line":122,"column":79}},"line":121},"9":{"name":"updateUser","decl":{"start":{"line":123,"column":14},"end":{"line":124,"column":102}},"loc":{"start":{"line":123,"column":14},"end":{"line":124,"column":102}},"line":123},"10":{"name":"listApiKeys","decl":{"start":{"line":126,"column":15},"end":{"line":126,"column":99}},"loc":{"start":{"line":126,"column":15},"end":{"line":126,"column":99}},"line":126},"11":{"name":"createApiKey","decl":{"start":{"line":127,"column":16},"end":{"line":127,"column":95}},"loc":{"start":{"line":127,"column":16},"end":{"line":127,"column":95}},"line":127},"12":{"name":"rotateApiKey","decl":{"start":{"line":128,"column":16},"end":{"line":128,"column":97}},"loc":{"start":{"line":128,"column":16},"end":{"line":128,"column":97}},"line":128},"13":{"name":"revokeApiKey","decl":{"start":{"line":129,"column":16},"end":{"line":130,"column":87}},"loc":{"start":{"line":129,"column":16},"end":{"line":130,"column":87}},"line":129},"14":{"name":"listAudit","decl":{"start":{"line":132,"column":13},"end":{"line":132,"column":95}},"loc":{"start":{"line":132,"column":13},"end":{"line":132,"column":95}},"line":132},"15":{"name":"statusQs","decl":{"start":{"line":186,"column":0},"end":{"line":188,"column":1}},"loc":{"start":{"line":186,"column":0},"end":{"line":188,"column":1}},"line":186},"16":{"name":"listProducts","decl":{"start":{"line":192,"column":16},"end":{"line":193,"column":114}},"loc":{"start":{"line":192,"column":16},"end":{"line":193,"column":114}},"line":192},"17":{"name":"createProduct","decl":{"start":{"line":194,"column":17},"end":{"line":195,"column":63}},"loc":{"start":{"line":194,"column":17},"end":{"line":195,"column":63}},"line":194},"18":{"name":"archiveProduct","decl":{"start":{"line":196,"column":18},"end":{"line":196,"column":100}},"loc":{"start":{"line":196,"column":18},"end":{"line":196,"column":100}},"line":196},"19":{"name":"listPlans","decl":{"start":{"line":198,"column":13},"end":{"line":199,"column":124}},"loc":{"start":{"line":198,"column":13},"end":{"line":199,"column":124}},"line":198},"20":{"name":"createPlan","decl":{"start":{"line":200,"column":14},"end":{"line":201,"column":79}},"loc":{"start":{"line":200,"column":14},"end":{"line":201,"column":79}},"line":200},"21":{"name":"archivePlan","decl":{"start":{"line":202,"column":15},"end":{"line":202,"column":91}},"loc":{"start":{"line":202,"column":15},"end":{"line":202,"column":91}},"line":202},"22":{"name":"listEntitlements","decl":{"start":{"line":204,"column":20},"end":{"line":205,"column":130}},"loc":{"start":{"line":204,"column":20},"end":{"line":205,"column":130}},"line":204},"23":{"name":"createEntitlement","decl":{"start":{"line":206,"column":21},"end":{"line":207,"column":71}},"loc":{"start":{"line":206,"column":21},"end":{"line":207,"column":71}},"line":206},"24":{"name":"archiveEntitlement","decl":{"start":{"line":208,"column":22},"end":{"line":208,"column":112}},"loc":{"start":{"line":208,"column":22},"end":{"line":208,"column":112}},"line":208},"25":{"name":"listPlanEntitlements","decl":{"start":{"line":210,"column":24},"end":{"line":211,"column":136}},"loc":{"start":{"line":210,"column":24},"end":{"line":211,"column":136}},"line":210},"26":{"name":"setPlanValue","decl":{"start":{"line":212,"column":16},"end":{"line":213,"column":116}},"loc":{"start":{"line":212,"column":16},"end":{"line":213,"column":116}},"line":212},"27":{"name":"removePlanValue","decl":{"start":{"line":214,"column":19},"end":{"line":215,"column":92}},"loc":{"start":{"line":214,"column":19},"end":{"line":215,"column":92}},"line":214},"28":{"name":"getEffective","decl":{"start":{"line":218,"column":16},"end":{"line":219,"column":88}},"loc":{"start":{"line":218,"column":16},"end":{"line":219,"column":88}},"line":218},"29":{"name":"licenseQs","decl":{"start":{"line":260,"column":0},"end":{"line":267,"column":1}},"loc":{"start":{"line":260,"column":0},"end":{"line":267,"column":1}},"line":260},"30":{"name":"listCustomers","decl":{"start":{"line":271,"column":17},"end":{"line":272,"column":91}},"loc":{"start":{"line":271,"column":17},"end":{"line":272,"column":91}},"line":271},"31":{"name":"createCustomer","decl":{"start":{"line":273,"column":18},"end":{"line":274,"column":57}},"loc":{"start":{"line":273,"column":18},"end":{"line":274,"column":57}},"line":273},"32":{"name":"getCustomer","decl":{"start":{"line":275,"column":15},"end":{"line":275,"column":82}},"loc":{"start":{"line":275,"column":15},"end":{"line":275,"column":82}},"line":275},"33":{"name":"eraseCustomer","decl":{"start":{"line":276,"column":17},"end":{"line":276,"column":83}},"loc":{"start":{"line":276,"column":17},"end":{"line":276,"column":83}},"line":276},"34":{"name":"issueLicense","decl":{"start":{"line":278,"column":16},"end":{"line":279,"column":61}},"loc":{"start":{"line":278,"column":16},"end":{"line":279,"column":61}},"line":278},"35":{"name":"listLicenses","decl":{"start":{"line":280,"column":16},"end":{"line":281,"column":108}},"loc":{"start":{"line":280,"column":16},"end":{"line":281,"column":108}},"line":280},"36":{"name":"getLicense","decl":{"start":{"line":282,"column":14},"end":{"line":282,"column":79}},"loc":{"start":{"line":282,"column":14},"end":{"line":282,"column":79}},"line":282},"37":{"name":"getLicenseKey","decl":{"start":{"line":283,"column":17},"end":{"line":284,"column":98}},"loc":{"start":{"line":283,"column":17},"end":{"line":284,"column":98}},"line":283},"38":{"name":"revokeLicense","decl":{"start":{"line":286,"column":17},"end":{"line":286,"column":90}},"loc":{"start":{"line":286,"column":17},"end":{"line":286,"column":90}},"line":286},"39":{"name":"suspendLicense","decl":{"start":{"line":287,"column":18},"end":{"line":287,"column":92}},"loc":{"start":{"line":287,"column":18},"end":{"line":287,"column":92}},"line":287},"40":{"name":"reinstateLicense","decl":{"start":{"line":288,"column":20},"end":{"line":288,"column":96}},"loc":{"start":{"line":288,"column":20},"end":{"line":288,"column":96}},"line":288},"41":{"name":"transferLicense","decl":{"start":{"line":289,"column":19},"end":{"line":290,"column":79}},"loc":{"start":{"line":289,"column":19},"end":{"line":290,"column":79}},"line":289}},"f":{"0":11,"1":18,"2":25,"3":1,"4":2,"5":1,"6":1,"7":1,"8":1,"9":1,"10":1,"11":1,"12":1,"13":1,"14":1,"15":3,"16":1,"17":1,"18":1,"19":1,"20":1,"21":1,"22":1,"23":1,"24":1,"25":1,"26":1,"27":1,"28":1,"29":0,"30":0,"31":0,"32":0,"33":0,"34":0,"35":0,"36":0,"37":0,"38":0,"39":0,"40":0,"41":0}}
,"S:\\claudecode\\LicenseSrv\\src\\admin-ui\\src\\components\\RequireRole.tsx": {"path":"S:\\claudecode\\LicenseSrv\\src\\admin-ui\\src\\components\\RequireRole.tsx","all":false,"statementMap":{"0":{"start":{"line":1,"column":0},"end":{"line":1,"column":103}},"7":{"start":{"line":8,"column":0},"end":{"line":8,"column":69}},"10":{"start":{"line":11,"column":0},"end":{"line":11,"column":61}},"11":{"start":{"line":12,"column":0},"end":{"line":12,"column":33}},"12":{"start":{"line":13,"column":0},"end":{"line":13,"column":1}},"14":{"start":{"line":15,"column":0},"end":{"line":15,"column":29}},"15":{"start":{"line":16,"column":0},"end":{"line":16,"column":7}},"16":{"start":{"line":17,"column":0},"end":{"line":17,"column":6}},"17":{"start":{"line":18,"column":0},"end":{"line":18,"column":11}},"18":{"start":{"line":19,"column":0},"end":{"line":19,"column":4}},"22":{"start":{"line":23,"column":0},"end":{"line":23,"column":24}},"23":{"start":{"line":24,"column":0},"end":{"line":24,"column":57}},"24":{"start":{"line":25,"column":0},"end":{"line":25,"column":1}}},"s":{"0":1,"7":1,"10":1,"11":359,"12":359,"14":1,"15":357,"16":357,"17":357,"18":357,"22":357,"23":357,"24":357},"branchMap":{"0":{"type":"branch","line":11,"loc":{"start":{"line":11,"column":7},"end":{"line":13,"column":1}},"locations":[{"start":{"line":11,"column":7},"end":{"line":13,"column":1}}]},"1":{"type":"branch","line":15,"loc":{"start":{"line":15,"column":7},"end":{"line":25,"column":1}},"locations":[{"start":{"line":15,"column":7},"end":{"line":25,"column":1}}]},"2":{"type":"branch","line":24,"loc":{"start":{"line":24,"column":30},"end":{"line":24,"column":52}},"locations":[{"start":{"line":24,"column":30},"end":{"line":24,"column":52}}]},"3":{"type":"branch","line":24,"loc":{"start":{"line":24,"column":46},"end":{"line":24,"column":57}},"locations":[{"start":{"line":24,"column":46},"end":{"line":24,"column":57}}]}},"b":{"0":[359],"1":[357],"2":[331],"3":[26]},"fnMap":{"0":{"name":"roleAtLeast","decl":{"start":{"line":11,"column":7},"end":{"line":13,"column":1}},"loc":{"start":{"line":11,"column":7},"end":{"line":13,"column":1}},"line":11},"1":{"name":"RequireRole","decl":{"start":{"line":15,"column":7},"end":{"line":25,"column":1}},"loc":{"start":{"line":15,"column":7},"end":{"line":25,"column":1}},"line":15}},"f":{"0":359,"1":357}}
,"S:\\claudecode\\LicenseSrv\\src\\admin-ui\\src\\components\\Shell.tsx": {"path":"S:\\claudecode\\LicenseSrv\\src\\admin-ui\\src\\components\\Shell.tsx","all":false,"statementMap":{"0":{"start":{"line":1,"column":0},"end":{"line":1,"column":102}},"14":{"start":{"line":15,"column":0},"end":{"line":15,"column":103}},"15":{"start":{"line":16,"column":0},"end":{"line":16,"column":47}},"17":{"start":{"line":18,"column":0},"end":{"line":18,"column":43}},"18":{"start":{"line":19,"column":0},"end":{"line":19,"column":9}},"19":{"start":{"line":20,"column":0},"end":{"line":20,"column":30}},"20":{"start":{"line":21,"column":0},"end":{"line":21,"column":15}},"21":{"start":{"line":22,"column":0},"end":{"line":22,"column":20}},"22":{"start":{"line":23,"column":0},"end":{"line":23,"column":5}},"23":{"start":{"line":24,"column":0},"end":{"line":24,"column":3}},"25":{"start":{"line":26,"column":0},"end":{"line":26,"column":10}},"26":{"start":{"line":27,"column":0},"end":{"line":27,"column":27}},"27":{"start":{"line":28,"column":0},"end":{"line":28,"column":14}},"28":{"start":{"line":29,"column":0},"end":{"line":29,"column":35}},"29":{"start":{"line":30,"column":0},"end":{"line":30,"column":95}},"31":{"start":{"line":32,"column":0},"end":{"line":32,"column":19}},"32":{"start":{"line":33,"column":0},"end":{"line":33,"column":101}},"34":{"start":{"line":35,"column":0},"end":{"line":35,"column":19}},"35":{"start":{"line":36,"column":0},"end":{"line":36,"column":95}},"37":{"start":{"line":38,"column":0},"end":{"line":38,"column":19}},"38":{"start":{"line":39,"column":0},"end":{"line":39,"column":99}},"40":{"start":{"line":41,"column":0},"end":{"line":41,"column":19}},"41":{"start":{"line":42,"column":0},"end":{"line":42,"column":103}},"43":{"start":{"line":44,"column":0},"end":{"line":44,"column":19}},"44":{"start":{"line":45,"column":0},"end":{"line":45,"column":14}},"45":{"start":{"line":46,"column":0},"end":{"line":46,"column":33}},"46":{"start":{"line":47,"column":0},"end":{"line":47,"column":33}},"47":{"start":{"line":48,"column":0},"end":{"line":48,"column":63}},"49":{"start":{"line":50,"column":0},"end":{"line":50,"column":19}},"50":{"start":{"line":51,"column":0},"end":{"line":51,"column":14}},"51":{"start":{"line":52,"column":0},"end":{"line":52,"column":15}},"52":{"start":{"line":53,"column":0},"end":{"line":53,"column":12}},"53":{"start":{"line":54,"column":0},"end":{"line":54,"column":61}},"54":{"start":{"line":55,"column":0},"end":{"line":55,"column":66}},"55":{"start":{"line":56,"column":0},"end":{"line":56,"column":38}},"56":{"start":{"line":57,"column":0},"end":{"line":57,"column":65}},"57":{"start":{"line":58,"column":0},"end":{"line":58,"column":69}},"58":{"start":{"line":59,"column":0},"end":{"line":59,"column":13}},"59":{"start":{"line":60,"column":0},"end":{"line":60,"column":10}},"61":{"start":{"line":62,"column":0},"end":{"line":62,"column":1}}},"s":{"0":1,"14":1,"15":5,"17":5,"18":2,"19":2,"20":2,"21":2,"22":2,"23":2,"25":5,"26":5,"27":5,"28":5,"29":5,"31":5,"32":5,"34":5,"35":5,"37":5,"38":5,"40":5,"41":5,"43":5,"44":5,"45":5,"46":5,"47":5,"49":5,"50":5,"51":5,"52":5,"53":5,"54":5,"55":5,"56":5,"57":5,"58":5,"59":5,"61":5},"branchMap":{"0":{"type":"branch","line":15,"loc":{"start":{"line":15,"column":7},"end":{"line":62,"column":1}},"locations":[{"start":{"line":15,"column":7},"end":{"line":62,"column":1}}]},"1":{"type":"branch","line":54,"loc":{"start":{"line":54,"column":17},"end":{"line":54,"column":61}},"locations":[{"start":{"line":54,"column":17},"end":{"line":54,"column":61}}]},"2":{"type":"branch","line":55,"loc":{"start":{"line":55,"column":17},"end":{"line":55,"column":66}},"locations":[{"start":{"line":55,"column":17},"end":{"line":55,"column":66}}]},"3":{"type":"branch","line":56,"loc":{"start":{"line":56,"column":17},"end":{"line":56,"column":38}},"locations":[{"start":{"line":56,"column":17},"end":{"line":56,"column":38}}]},"4":{"type":"branch","line":57,"loc":{"start":{"line":57,"column":17},"end":{"line":57,"column":65}},"locations":[{"start":{"line":57,"column":17},"end":{"line":57,"column":65}}]},"5":{"type":"branch","line":58,"loc":{"start":{"line":58,"column":17},"end":{"line":58,"column":69}},"locations":[{"start":{"line":58,"column":17},"end":{"line":58,"column":69}}]},"6":{"type":"branch","line":18,"loc":{"start":{"line":18,"column":2},"end":{"line":24,"column":3}},"locations":[{"start":{"line":18,"column":2},"end":{"line":24,"column":3}}]},"7":{"type":"branch","line":33,"loc":{"start":{"line":33,"column":75},"end":{"line":33,"column":101}},"locations":[{"start":{"line":33,"column":75},"end":{"line":33,"column":101}}]},"8":{"type":"branch","line":36,"loc":{"start":{"line":36,"column":72},"end":{"line":36,"column":95}},"locations":[{"start":{"line":36,"column":72},"end":{"line":36,"column":95}}]},"9":{"type":"branch","line":48,"loc":{"start":{"line":48,"column":41},"end":{"line":48,"column":63}},"locations":[{"start":{"line":48,"column":41},"end":{"line":48,"column":63}}]}},"b":{"0":[5],"1":[3],"2":[1],"3":[1],"4":[0],"5":[0],"6":[2],"7":[1],"8":[1],"9":[2]},"fnMap":{"0":{"name":"Shell","decl":{"start":{"line":15,"column":7},"end":{"line":62,"column":1}},"loc":{"start":{"line":15,"column":7},"end":{"line":62,"column":1}},"line":15},"1":{"name":"signOut","decl":{"start":{"line":18,"column":2},"end":{"line":24,"column":3}},"loc":{"start":{"line":18,"column":2},"end":{"line":24,"column":3}},"line":18},"2":{"name":"onClick","decl":{"start":{"line":30,"column":72},"end":{"line":30,"column":95}},"loc":{"start":{"line":30,"column":72},"end":{"line":30,"column":95}},"line":30},"3":{"name":"onClick","decl":{"start":{"line":33,"column":75},"end":{"line":33,"column":101}},"loc":{"start":{"line":33,"column":75},"end":{"line":33,"column":101}},"line":33},"4":{"name":"onClick","decl":{"start":{"line":36,"column":72},"end":{"line":36,"column":95}},"loc":{"start":{"line":36,"column":72},"end":{"line":36,"column":95}},"line":36},"5":{"name":"onClick","decl":{"start":{"line":39,"column":74},"end":{"line":39,"column":99}},"loc":{"start":{"line":39,"column":74},"end":{"line":39,"column":99}},"line":39},"6":{"name":"onClick","decl":{"start":{"line":42,"column":76},"end":{"line":42,"column":103}},"loc":{"start":{"line":42,"column":76},"end":{"line":42,"column":103}},"line":42},"7":{"name":"onClick","decl":{"start":{"line":48,"column":41},"end":{"line":48,"column":63}},"loc":{"start":{"line":48,"column":41},"end":{"line":48,"column":63}},"line":48}},"f":{"0":5,"1":2,"2":0,"3":1,"4":1,"5":0,"6":0,"7":2}}
,"S:\\claudecode\\LicenseSrv\\src\\admin-ui\\src\\pages\\ApiKeys.tsx": {"path":"S:\\claudecode\\LicenseSrv\\src\\admin-ui\\src\\pages\\ApiKeys.tsx","all":false,"statementMap":{"0":{"start":{"line":1,"column":0},"end":{"line":1,"column":102}},"8":{"start":{"line":9,"column":0},"end":{"line":9,"column":58}},"10":{"start":{"line":11,"column":0},"end":{"line":11,"column":95}},"11":{"start":{"line":12,"column":0},"end":{"line":12,"column":53}},"12":{"start":{"line":13,"column":0},"end":{"line":13,"column":66}},"13":{"start":{"line":14,"column":0},"end":{"line":14,"column":76}},"14":{"start":{"line":15,"column":0},"end":{"line":15,"column":58}},"16":{"start":{"line":17,"column":0},"end":{"line":17,"column":43}},"17":{"start":{"line":18,"column":0},"end":{"line":18,"column":42}},"18":{"start":{"line":19,"column":0},"end":{"line":19,"column":9}},"20":{"start":{"line":21,"column":0},"end":{"line":21,"column":19}},"21":{"start":{"line":22,"column":0},"end":{"line":22,"column":69}},"22":{"start":{"line":23,"column":0},"end":{"line":23,"column":16}},"24":{"start":{"line":25,"column":0},"end":{"line":25,"column":39}},"25":{"start":{"line":26,"column":0},"end":{"line":26,"column":99}},"26":{"start":{"line":27,"column":0},"end":{"line":27,"column":3}},"28":{"start":{"line":29,"column":0},"end":{"line":29,"column":42}},"29":{"start":{"line":30,"column":0},"end":{"line":30,"column":19}},"30":{"start":{"line":31,"column":0},"end":{"line":31,"column":9}},"31":{"start":{"line":32,"column":0},"end":{"line":32,"column":60}},"32":{"start":{"line":33,"column":0},"end":{"line":33,"column":40}},"33":{"start":{"line":34,"column":0},"end":{"line":34,"column":22}},"34":{"start":{"line":35,"column":0},"end":{"line":35,"column":13}},"35":{"start":{"line":36,"column":0},"end":{"line":36,"column":33}},"36":{"start":{"line":37,"column":0},"end":{"line":37,"column":5}},"37":{"start":{"line":38,"column":0},"end":{"line":38,"column":3}},"39":{"start":{"line":40,"column":0},"end":{"line":40,"column":52}},"40":{"start":{"line":41,"column":0},"end":{"line":41,"column":19}},"41":{"start":{"line":42,"column":0},"end":{"line":42,"column":9}},"42":{"start":{"line":43,"column":0},"end":{"line":43,"column":54}},"43":{"start":{"line":44,"column":0},"end":{"line":44,"column":40}},"44":{"start":{"line":45,"column":0},"end":{"line":45,"column":22}},"45":{"start":{"line":46,"column":0},"end":{"line":46,"column":13}},"46":{"start":{"line":47,"column":0},"end":{"line":47,"column":33}},"47":{"start":{"line":48,"column":0},"end":{"line":48,"column":5}},"48":{"start":{"line":49,"column":0},"end":{"line":49,"column":3}},"50":{"start":{"line":51,"column":0},"end":{"line":51,"column":52}},"51":{"start":{"line":52,"column":0},"end":{"line":52,"column":19}},"52":{"start":{"line":53,"column":0},"end":{"line":53,"column":9}},"53":{"start":{"line":54,"column":0},"end":{"line":54,"column":38}},"54":{"start":{"line":55,"column":0},"end":{"line":55,"column":22}},"55":{"start":{"line":56,"column":0},"end":{"line":56,"column":13}},"56":{"start":{"line":57,"column":0},"end":{"line":57,"column":33}},"57":{"start":{"line":58,"column":0},"end":{"line":58,"column":5}},"58":{"start":{"line":59,"column":0},"end":{"line":59,"column":3}},"60":{"start":{"line":61,"column":0},"end":{"line":61,"column":10}},"61":{"start":{"line":62,"column":0},"end":{"line":62,"column":35}},"62":{"start":{"line":63,"column":0},"end":{"line":63,"column":23}},"63":{"start":{"line":64,"column":0},"end":{"line":64,"column":62}},"65":{"start":{"line":66,"column":0},"end":{"line":66,"column":26}},"66":{"start":{"line":67,"column":0},"end":{"line":67,"column":50}},"67":{"start":{"line":68,"column":0},"end":{"line":68,"column":67}},"68":{"start":{"line":69,"column":0},"end":{"line":69,"column":39}},"69":{"start":{"line":70,"column":0},"end":{"line":70,"column":72}},"71":{"start":{"line":72,"column":0},"end":{"line":72,"column":19}},"72":{"start":{"line":73,"column":0},"end":{"line":73,"column":14}},"75":{"start":{"line":76,"column":0},"end":{"line":76,"column":50}},"76":{"start":{"line":77,"column":0},"end":{"line":77,"column":46}},"77":{"start":{"line":78,"column":0},"end":{"line":78,"column":41}},"78":{"start":{"line":79,"column":0},"end":{"line":79,"column":30}},"79":{"start":{"line":80,"column":0},"end":{"line":80,"column":27}},"80":{"start":{"line":81,"column":0},"end":{"line":81,"column":101}},"81":{"start":{"line":82,"column":0},"end":{"line":82,"column":20}},"82":{"start":{"line":83,"column":0},"end":{"line":83,"column":13}},"83":{"start":{"line":84,"column":0},"end":{"line":84,"column":95}},"85":{"start":{"line":86,"column":0},"end":{"line":86,"column":19}},"86":{"start":{"line":87,"column":0},"end":{"line":87,"column":19}},"87":{"start":{"line":88,"column":0},"end":{"line":88,"column":20}},"89":{"start":{"line":90,"column":0},"end":{"line":90,"column":13}},"90":{"start":{"line":91,"column":0},"end":{"line":91,"column":15}},"91":{"start":{"line":92,"column":0},"end":{"line":92,"column":14}},"92":{"start":{"line":93,"column":0},"end":{"line":93,"column":27}},"93":{"start":{"line":94,"column":0},"end":{"line":94,"column":27}},"94":{"start":{"line":95,"column":0},"end":{"line":95,"column":27}},"95":{"start":{"line":96,"column":0},"end":{"line":96,"column":28}},"96":{"start":{"line":97,"column":0},"end":{"line":97,"column":15}},"97":{"start":{"line":98,"column":0},"end":{"line":98,"column":16}},"98":{"start":{"line":99,"column":0},"end":{"line":99,"column":15}},"99":{"start":{"line":100,"column":0},"end":{"line":100,"column":28}},"100":{"start":{"line":101,"column":0},"end":{"line":101,"column":27}},"101":{"start":{"line":102,"column":0},"end":{"line":102,"column":29}},"102":{"start":{"line":103,"column":0},"end":{"line":103,"column":44}},"103":{"start":{"line":104,"column":0},"end":{"line":104,"column":33}},"104":{"start":{"line":105,"column":0},"end":{"line":105,"column":18}},"105":{"start":{"line":106,"column":0},"end":{"line":106,"column":60}},"106":{"start":{"line":107,"column":0},"end":{"line":107,"column":45}},"107":{"start":{"line":108,"column":0},"end":{"line":108,"column":22}},"108":{"start":{"line":109,"column":0},"end":{"line":109,"column":93}},"109":{"start":{"line":110,"column":0},"end":{"line":110,"column":93}},"110":{"start":{"line":111,"column":0},"end":{"line":111,"column":23}},"112":{"start":{"line":113,"column":0},"end":{"line":113,"column":30}},"113":{"start":{"line":114,"column":0},"end":{"line":114,"column":19}},"114":{"start":{"line":115,"column":0},"end":{"line":115,"column":17}},"115":{"start":{"line":116,"column":0},"end":{"line":116,"column":13}},"116":{"start":{"line":117,"column":0},"end":{"line":117,"column":16}},"117":{"start":{"line":118,"column":0},"end":{"line":118,"column":14}},"118":{"start":{"line":119,"column":0},"end":{"line":119,"column":14}},"120":{"start":{"line":121,"column":0},"end":{"line":121,"column":1}}},"s":{"0":1,"8":1,"10":1,"11":15,"12":15,"13":15,"14":15,"16":15,"17":7,"18":15,"20":15,"21":4,"22":15,"24":15,"25":0,"26":0,"28":15,"29":1,"30":1,"31":1,"32":1,"33":1,"34":1,"35":0,"36":0,"37":1,"39":15,"40":1,"41":1,"42":1,"43":1,"44":1,"45":1,"46":0,"47":0,"48":1,"50":15,"51":1,"52":1,"53":1,"54":1,"55":1,"56":0,"57":0,"58":1,"60":15,"61":15,"62":15,"63":15,"65":15,"66":4,"67":4,"68":4,"69":4,"71":4,"72":4,"75":15,"76":15,"77":15,"78":15,"79":45,"80":45,"81":45,"82":15,"83":15,"85":15,"86":15,"87":15,"89":15,"90":15,"91":15,"92":15,"93":15,"94":15,"95":15,"96":15,"97":15,"98":15,"99":15,"100":10,"101":10,"102":10,"103":10,"104":10,"105":10,"106":10,"107":10,"108":10,"109":10,"110":10,"112":10,"113":10,"114":10,"115":15,"116":15,"117":15,"118":15,"120":15},"branchMap":{"0":{"type":"branch","line":11,"loc":{"start":{"line":11,"column":7},"end":{"line":121,"column":1}},"locations":[{"start":{"line":11,"column":7},"end":{"line":121,"column":1}}]},"1":{"type":"branch","line":64,"loc":{"start":{"line":64,"column":7},"end":{"line":64,"column":62}},"locations":[{"start":{"line":64,"column":7},"end":{"line":64,"column":62}}]},"2":{"type":"branch","line":66,"loc":{"start":{"line":66,"column":7},"end":{"line":73,"column":14}},"locations":[{"start":{"line":66,"column":7},"end":{"line":73,"column":14}}]},"3":{"type":"branch","line":17,"loc":{"start":{"line":17,"column":30},"end":{"line":19,"column":5}},"locations":[{"start":{"line":17,"column":30},"end":{"line":19,"column":5}}]},"4":{"type":"branch","line":21,"loc":{"start":{"line":21,"column":12},"end":{"line":23,"column":5}},"locations":[{"start":{"line":21,"column":12},"end":{"line":23,"column":5}}]},"5":{"type":"branch","line":29,"loc":{"start":{"line":29,"column":2},"end":{"line":38,"column":3}},"locations":[{"start":{"line":29,"column":2},"end":{"line":38,"column":3}}]},"6":{"type":"branch","line":35,"loc":{"start":{"line":35,"column":4},"end":{"line":37,"column":5}},"locations":[{"start":{"line":35,"column":4},"end":{"line":37,"column":5}}]},"7":{"type":"branch","line":40,"loc":{"start":{"line":40,"column":2},"end":{"line":49,"column":3}},"locations":[{"start":{"line":40,"column":2},"end":{"line":49,"column":3}}]},"8":{"type":"branch","line":46,"loc":{"start":{"line":46,"column":4},"end":{"line":48,"column":5}},"locations":[{"start":{"line":46,"column":4},"end":{"line":48,"column":5}}]},"9":{"type":"branch","line":51,"loc":{"start":{"line":51,"column":2},"end":{"line":59,"column":3}},"locations":[{"start":{"line":51,"column":2},"end":{"line":59,"column":3}}]},"10":{"type":"branch","line":56,"loc":{"start":{"line":56,"column":4},"end":{"line":58,"column":5}},"locations":[{"start":{"line":56,"column":4},"end":{"line":58,"column":5}}]},"11":{"type":"branch","line":70,"loc":{"start":{"line":70,"column":41},"end":{"line":70,"column":72}},"locations":[{"start":{"line":70,"column":41},"end":{"line":70,"column":72}}]},"12":{"type":"branch","line":79,"loc":{"start":{"line":79,"column":22},"end":{"line":82,"column":20}},"locations":[{"start":{"line":79,"column":22},"end":{"line":82,"column":20}}]},"13":{"type":"branch","line":84,"loc":{"start":{"line":84,"column":41},"end":{"line":84,"column":62}},"locations":[{"start":{"line":84,"column":41},"end":{"line":84,"column":62}}]},"14":{"type":"branch","line":100,"loc":{"start":{"line":100,"column":20},"end":{"line":115,"column":17}},"locations":[{"start":{"line":100,"column":20},"end":{"line":115,"column":17}}]},"15":{"type":"branch","line":109,"loc":{"start":{"line":109,"column":53},"end":{"line":109,"column":78}},"locations":[{"start":{"line":109,"column":53},"end":{"line":109,"column":78}}]},"16":{"type":"branch","line":110,"loc":{"start":{"line":110,"column":53},"end":{"line":110,"column":78}},"locations":[{"start":{"line":110,"column":53},"end":{"line":110,"column":78}}]}},"b":{"0":[15],"1":[0],"2":[4],"3":[7],"4":[4],"5":[1],"6":[0],"7":[1],"8":[0],"9":[1],"10":[0],"11":[1],"12":[45],"13":[1],"14":[10],"15":[1],"16":[1]},"fnMap":{"0":{"name":"ApiKeys","decl":{"start":{"line":11,"column":7},"end":{"line":121,"column":1}},"loc":{"start":{"line":11,"column":7},"end":{"line":121,"column":1}},"line":11},"1":{"name":"toggle","decl":{"start":{"line":25,"column":2},"end":{"line":27,"column":3}},"loc":{"start":{"line":25,"column":2},"end":{"line":27,"column":3}},"line":25},"2":{"name":"create","decl":{"start":{"line":29,"column":2},"end":{"line":38,"column":3}},"loc":{"start":{"line":29,"column":2},"end":{"line":38,"column":3}},"line":29},"3":{"name":"rotate","decl":{"start":{"line":40,"column":2},"end":{"line":49,"column":3}},"loc":{"start":{"line":40,"column":2},"end":{"line":49,"column":3}},"line":40},"4":{"name":"revoke","decl":{"start":{"line":51,"column":2},"end":{"line":59,"column":3}},"loc":{"start":{"line":51,"column":2},"end":{"line":59,"column":3}},"line":51},"5":{"name":"onClick","decl":{"start":{"line":70,"column":41},"end":{"line":70,"column":72}},"loc":{"start":{"line":70,"column":41},"end":{"line":70,"column":72}},"line":70},"6":{"name":"onChange","decl":{"start":{"line":81,"column":78},"end":{"line":81,"column":95}},"loc":{"start":{"line":81,"column":78},"end":{"line":81,"column":95}},"line":81},"7":{"name":"onClick","decl":{"start":{"line":84,"column":41},"end":{"line":84,"column":62}},"loc":{"start":{"line":84,"column":41},"end":{"line":84,"column":62}},"line":84},"8":{"name":"onClick","decl":{"start":{"line":109,"column":53},"end":{"line":109,"column":78}},"loc":{"start":{"line":109,"column":53},"end":{"line":109,"column":78}},"line":109},"9":{"name":"onClick","decl":{"start":{"line":110,"column":53},"end":{"line":110,"column":78}},"loc":{"start":{"line":110,"column":53},"end":{"line":110,"column":78}},"line":110}},"f":{"0":15,"1":0,"2":1,"3":1,"4":1,"5":1,"6":0,"7":1,"8":1,"9":1}}
,"S:\\claudecode\\LicenseSrv\\src\\admin-ui\\src\\pages\\Audit.tsx": {"path":"S:\\claudecode\\LicenseSrv\\src\\admin-ui\\src\\pages\\Audit.tsx","all":false,"statementMap":{"0":{"start":{"line":1,"column":0},"end":{"line":1,"column":91}},"7":{"start":{"line":8,"column":0},"end":{"line":8,"column":38}},"8":{"start":{"line":9,"column":0},"end":{"line":9,"column":59}},"9":{"start":{"line":10,"column":0},"end":{"line":10,"column":60}},"10":{"start":{"line":11,"column":0},"end":{"line":11,"column":39}},"11":{"start":{"line":12,"column":0},"end":{"line":12,"column":35}},"12":{"start":{"line":13,"column":0},"end":{"line":13,"column":41}},"13":{"start":{"line":14,"column":0},"end":{"line":14,"column":58}},"14":{"start":{"line":15,"column":0},"end":{"line":15,"column":58}},"16":{"start":{"line":17,"column":0},"end":{"line":17,"column":33}},"17":{"start":{"line":18,"column":0},"end":{"line":18,"column":45}},"18":{"start":{"line":19,"column":0},"end":{"line":19,"column":30}},"19":{"start":{"line":20,"column":0},"end":{"line":20,"column":26}},"20":{"start":{"line":21,"column":0},"end":{"line":21,"column":39}},"21":{"start":{"line":22,"column":0},"end":{"line":22,"column":47}},"22":{"start":{"line":23,"column":0},"end":{"line":23,"column":34}},"23":{"start":{"line":24,"column":0},"end":{"line":24,"column":7}},"24":{"start":{"line":25,"column":0},"end":{"line":25,"column":36}},"25":{"start":{"line":26,"column":0},"end":{"line":26,"column":4}},"27":{"start":{"line":28,"column":0},"end":{"line":28,"column":27}},"28":{"start":{"line":29,"column":0},"end":{"line":29,"column":38}},"29":{"start":{"line":30,"column":0},"end":{"line":30,"column":21}},"30":{"start":{"line":31,"column":0},"end":{"line":31,"column":11}},"31":{"start":{"line":32,"column":0},"end":{"line":32,"column":66}},"32":{"start":{"line":33,"column":0},"end":{"line":33,"column":81}},"33":{"start":{"line":34,"column":0},"end":{"line":34,"column":35}},"34":{"start":{"line":35,"column":0},"end":{"line":35,"column":15}},"35":{"start":{"line":36,"column":0},"end":{"line":36,"column":50}},"36":{"start":{"line":37,"column":0},"end":{"line":37,"column":7}},"37":{"start":{"line":38,"column":0},"end":{"line":38,"column":6}},"38":{"start":{"line":39,"column":0},"end":{"line":39,"column":17}},"39":{"start":{"line":40,"column":0},"end":{"line":40,"column":4}},"41":{"start":{"line":42,"column":0},"end":{"line":42,"column":19}},"42":{"start":{"line":43,"column":0},"end":{"line":43,"column":20}},"45":{"start":{"line":46,"column":0},"end":{"line":46,"column":9}},"47":{"start":{"line":48,"column":0},"end":{"line":48,"column":10}},"48":{"start":{"line":49,"column":0},"end":{"line":49,"column":36}},"49":{"start":{"line":50,"column":0},"end":{"line":50,"column":24}},"50":{"start":{"line":51,"column":0},"end":{"line":51,"column":62}},"52":{"start":{"line":53,"column":0},"end":{"line":53,"column":11}},"53":{"start":{"line":54,"column":0},"end":{"line":54,"column":34}},"54":{"start":{"line":55,"column":0},"end":{"line":55,"column":26}},"55":{"start":{"line":56,"column":0},"end":{"line":56,"column":29}},"56":{"start":{"line":57,"column":0},"end":{"line":57,"column":26}},"57":{"start":{"line":58,"column":0},"end":{"line":58,"column":10}},"59":{"start":{"line":60,"column":0},"end":{"line":60,"column":15}},"61":{"start":{"line":62,"column":0},"end":{"line":62,"column":96}},"62":{"start":{"line":63,"column":0},"end":{"line":63,"column":16}},"63":{"start":{"line":64,"column":0},"end":{"line":64,"column":15}},"65":{"start":{"line":66,"column":0},"end":{"line":66,"column":92}},"66":{"start":{"line":67,"column":0},"end":{"line":67,"column":16}},"67":{"start":{"line":68,"column":0},"end":{"line":68,"column":15}},"69":{"start":{"line":70,"column":0},"end":{"line":70,"column":99}},"70":{"start":{"line":71,"column":0},"end":{"line":71,"column":16}},"71":{"start":{"line":72,"column":0},"end":{"line":72,"column":15}},"72":{"start":{"line":73,"column":0},"end":{"line":73,"column":16}},"73":{"start":{"line":74,"column":0},"end":{"line":74,"column":27}},"74":{"start":{"line":75,"column":0},"end":{"line":75,"column":34}},"75":{"start":{"line":76,"column":0},"end":{"line":76,"column":63}},"76":{"start":{"line":77,"column":0},"end":{"line":77,"column":12}},"78":{"start":{"line":79,"column":0},"end":{"line":79,"column":16}},"79":{"start":{"line":80,"column":0},"end":{"line":80,"column":44}},"80":{"start":{"line":81,"column":0},"end":{"line":81,"column":13}},"82":{"start":{"line":83,"column":0},"end":{"line":83,"column":13}},"83":{"start":{"line":84,"column":0},"end":{"line":84,"column":15}},"84":{"start":{"line":85,"column":0},"end":{"line":85,"column":14}},"85":{"start":{"line":86,"column":0},"end":{"line":86,"column":30}},"86":{"start":{"line":87,"column":0},"end":{"line":87,"column":26}},"87":{"start":{"line":88,"column":0},"end":{"line":88,"column":27}},"88":{"start":{"line":89,"column":0},"end":{"line":89,"column":27}},"89":{"start":{"line":90,"column":0},"end":{"line":90,"column":29}},"90":{"start":{"line":91,"column":0},"end":{"line":91,"column":15}},"91":{"start":{"line":92,"column":0},"end":{"line":92,"column":16}},"92":{"start":{"line":93,"column":0},"end":{"line":93,"column":15}},"93":{"start":{"line":94,"column":0},"end":{"line":94,"column":31}},"94":{"start":{"line":95,"column":0},"end":{"line":95,"column":27}},"95":{"start":{"line":96,"column":0},"end":{"line":96,"column":29}},"96":{"start":{"line":97,"column":0},"end":{"line":97,"column":32}},"97":{"start":{"line":98,"column":0},"end":{"line":98,"column":33}},"98":{"start":{"line":99,"column":0},"end":{"line":99,"column":40}},"99":{"start":{"line":100,"column":0},"end":{"line":100,"column":53}},"100":{"start":{"line":101,"column":0},"end":{"line":101,"column":17}},"101":{"start":{"line":102,"column":0},"end":{"line":102,"column":13}},"102":{"start":{"line":103,"column":0},"end":{"line":103,"column":16}},"103":{"start":{"line":104,"column":0},"end":{"line":104,"column":14}},"105":{"start":{"line":106,"column":0},"end":{"line":106,"column":18}},"106":{"start":{"line":107,"column":0},"end":{"line":107,"column":64}},"108":{"start":{"line":109,"column":0},"end":{"line":109,"column":17}},"110":{"start":{"line":111,"column":0},"end":{"line":111,"column":14}},"112":{"start":{"line":113,"column":0},"end":{"line":113,"column":1}}},"s":{"0":1,"7":1,"8":19,"9":19,"10":19,"11":19,"12":19,"13":19,"14":19,"16":19,"17":19,"18":6,"19":6,"20":6,"21":6,"22":6,"23":6,"24":19,"25":19,"27":19,"28":19,"29":6,"30":6,"31":6,"32":5,"33":5,"34":6,"35":1,"36":1,"37":6,"38":19,"39":19,"41":19,"42":4,"45":19,"47":19,"48":19,"49":19,"50":19,"52":19,"53":19,"54":19,"55":1,"56":1,"57":1,"59":19,"61":19,"62":19,"63":19,"65":19,"66":19,"67":19,"69":19,"70":19,"71":19,"72":19,"73":19,"74":19,"75":19,"76":19,"78":19,"79":19,"80":19,"82":19,"83":19,"84":19,"85":19,"86":19,"87":19,"88":19,"89":19,"90":19,"91":19,"92":19,"93":19,"94":20,"95":20,"96":20,"97":20,"98":20,"99":20,"100":20,"101":19,"102":19,"103":19,"105":19,"106":2,"108":2,"110":19,"112":19},"branchMap":{"0":{"type":"branch","line":8,"loc":{"start":{"line":8,"column":7},"end":{"line":113,"column":1}},"locations":[{"start":{"line":8,"column":7},"end":{"line":113,"column":1}}]},"1":{"type":"branch","line":51,"loc":{"start":{"line":51,"column":7},"end":{"line":51,"column":62}},"locations":[{"start":{"line":51,"column":7},"end":{"line":51,"column":62}}]},"2":{"type":"branch","line":106,"loc":{"start":{"line":106,"column":7},"end":{"line":109,"column":17}},"locations":[{"start":{"line":106,"column":7},"end":{"line":109,"column":17}}]},"3":{"type":"branch","line":18,"loc":{"start":{"line":18,"column":4},"end":{"line":24,"column":7}},"locations":[{"start":{"line":18,"column":4},"end":{"line":24,"column":7}}]},"4":{"type":"branch","line":19,"loc":{"start":{"line":19,"column":12},"end":{"line":19,"column":30}},"locations":[{"start":{"line":19,"column":12},"end":{"line":19,"column":30}}]},"5":{"type":"branch","line":20,"loc":{"start":{"line":20,"column":10},"end":{"line":20,"column":26}},"locations":[{"start":{"line":20,"column":10},"end":{"line":20,"column":26}}]},"6":{"type":"branch","line":21,"loc":{"start":{"line":21,"column":24},"end":{"line":21,"column":39}},"locations":[{"start":{"line":21,"column":24},"end":{"line":21,"column":39}}]},"7":{"type":"branch","line":22,"loc":{"start":{"line":22,"column":21},"end":{"line":22,"column":47}},"locations":[{"start":{"line":22,"column":21},"end":{"line":22,"column":47}}]},"8":{"type":"branch","line":23,"loc":{"start":{"line":23,"column":14},"end":{"line":23,"column":34}},"locations":[{"start":{"line":23,"column":14},"end":{"line":23,"column":34}}]},"9":{"type":"branch","line":29,"loc":{"start":{"line":29,"column":4},"end":{"line":38,"column":6}},"locations":[{"start":{"line":29,"column":4},"end":{"line":38,"column":6}}]},"10":{"type":"branch","line":32,"loc":{"start":{"line":32,"column":64},"end":{"line":35,"column":14}},"locations":[{"start":{"line":32,"column":64},"end":{"line":35,"column":14}}]},"11":{"type":"branch","line":35,"loc":{"start":{"line":35,"column":6},"end":{"line":37,"column":7}},"locations":[{"start":{"line":35,"column":6},"end":{"line":37,"column":7}}]},"12":{"type":"branch","line":33,"loc":{"start":{"line":33,"column":19},"end":{"line":33,"column":79}},"locations":[{"start":{"line":33,"column":19},"end":{"line":33,"column":79}}]},"13":{"type":"branch","line":33,"loc":{"start":{"line":33,"column":29},"end":{"line":33,"column":66}},"locations":[{"start":{"line":33,"column":29},"end":{"line":33,"column":66}}]},"14":{"type":"branch","line":33,"loc":{"start":{"line":33,"column":62},"end":{"line":33,"column":79}},"locations":[{"start":{"line":33,"column":62},"end":{"line":33,"column":79}}]},"15":{"type":"branch","line":42,"loc":{"start":{"line":42,"column":12},"end":{"line":46,"column":5}},"locations":[{"start":{"line":42,"column":12},"end":{"line":46,"column":5}}]},"16":{"type":"branch","line":55,"loc":{"start":{"line":55,"column":18},"end":{"line":58,"column":10}},"locations":[{"start":{"line":55,"column":18},"end":{"line":58,"column":10}}]},"17":{"type":"branch","line":62,"loc":{"start":{"line":62,"column":62},"end":{"line":62,"column":94}},"locations":[{"start":{"line":62,"column":62},"end":{"line":62,"column":94}}]},"18":{"type":"branch","line":66,"loc":{"start":{"line":66,"column":60},"end":{"line":66,"column":90}},"locations":[{"start":{"line":66,"column":60},"end":{"line":66,"column":90}}]},"19":{"type":"branch","line":70,"loc":{"start":{"line":70,"column":41},"end":{"line":70,"column":74}},"locations":[{"start":{"line":70,"column":41},"end":{"line":70,"column":74}}]},"20":{"type":"branch","line":76,"loc":{"start":{"line":76,"column":22},"end":{"line":76,"column":63}},"locations":[{"start":{"line":76,"column":22},"end":{"line":76,"column":63}}]},"21":{"type":"branch","line":94,"loc":{"start":{"line":94,"column":23},"end":{"line":101,"column":17}},"locations":[{"start":{"line":94,"column":23},"end":{"line":101,"column":17}}]},"22":{"type":"branch","line":99,"loc":{"start":{"line":99,"column":21},"end":{"line":99,"column":35}},"locations":[{"start":{"line":99,"column":21},"end":{"line":99,"column":35}}]},"23":{"type":"branch","line":100,"loc":{"start":{"line":100,"column":21},"end":{"line":100,"column":45}},"locations":[{"start":{"line":100,"column":21},"end":{"line":100,"column":45}}]},"24":{"type":"branch","line":100,"loc":{"start":{"line":100,"column":37},"end":{"line":100,"column":48}},"locations":[{"start":{"line":100,"column":37},"end":{"line":100,"column":48}}]},"25":{"type":"branch","line":107,"loc":{"start":{"line":107,"column":39},"end":{"line":107,"column":64}},"locations":[{"start":{"line":107,"column":39},"end":{"line":107,"column":64}}]}},"b":{"0":[19],"1":[2],"2":[2],"3":[6],"4":[5],"5":[5],"6":[5],"7":[5],"8":[5],"9":[6],"10":[5],"11":[1],"12":[5],"13":[1],"14":[4],"15":[4],"16":[1],"17":[1],"18":[1],"19":[2],"20":[1],"21":[20],"22":[0],"23":[9],"24":[11],"25":[1]},"fnMap":{"0":{"name":"Audit","decl":{"start":{"line":8,"column":7},"end":{"line":113,"column":1}},"loc":{"start":{"line":8,"column":7},"end":{"line":113,"column":1}},"line":8},"1":{"name":"onSubmit","decl":{"start":{"line":55,"column":18},"end":{"line":58,"column":10}},"loc":{"start":{"line":55,"column":18},"end":{"line":58,"column":10}},"line":55},"2":{"name":"onChange","decl":{"start":{"line":62,"column":62},"end":{"line":62,"column":94}},"loc":{"start":{"line":62,"column":62},"end":{"line":62,"column":94}},"line":62},"3":{"name":"onChange","decl":{"start":{"line":66,"column":60},"end":{"line":66,"column":90}},"loc":{"start":{"line":66,"column":60},"end":{"line":66,"column":90}},"line":66},"4":{"name":"onChange","decl":{"start":{"line":70,"column":41},"end":{"line":70,"column":74}},"loc":{"start":{"line":70,"column":41},"end":{"line":70,"column":74}},"line":70},"5":{"name":"onChange","decl":{"start":{"line":76,"column":22},"end":{"line":76,"column":63}},"loc":{"start":{"line":76,"column":22},"end":{"line":76,"column":63}},"line":76},"6":{"name":"onClick","decl":{"start":{"line":107,"column":39},"end":{"line":107,"column":64}},"loc":{"start":{"line":107,"column":39},"end":{"line":107,"column":64}},"line":107}},"f":{"0":19,"1":1,"2":1,"3":1,"4":2,"5":1,"6":1}}
,"S:\\claudecode\\LicenseSrv\\src\\admin-ui\\src\\pages\\Login.tsx": {"path":"S:\\claudecode\\LicenseSrv\\src\\admin-ui\\src\\pages\\Login.tsx","all":false,"statementMap":{"0":{"start":{"line":1,"column":0},"end":{"line":1,"column":100}},"7":{"start":{"line":8,"column":0},"end":{"line":8,"column":94}},"8":{"start":{"line":9,"column":0},"end":{"line":9,"column":51}},"9":{"start":{"line":10,"column":0},"end":{"line":10,"column":41}},"10":{"start":{"line":11,"column":0},"end":{"line":11,"column":47}},"11":{"start":{"line":12,"column":0},"end":{"line":12,"column":58}},"12":{"start":{"line":13,"column":0},"end":{"line":13,"column":42}},"14":{"start":{"line":15,"column":0},"end":{"line":15,"column":54}},"15":{"start":{"line":16,"column":0},"end":{"line":16,"column":23}},"16":{"start":{"line":17,"column":0},"end":{"line":17,"column":19}},"17":{"start":{"line":18,"column":0},"end":{"line":18,"column":18}},"18":{"start":{"line":19,"column":0},"end":{"line":19,"column":9}},"19":{"start":{"line":20,"column":0},"end":{"line":20,"column":70}},"20":{"start":{"line":21,"column":0},"end":{"line":21,"column":38}},"21":{"start":{"line":22,"column":0},"end":{"line":22,"column":22}},"22":{"start":{"line":23,"column":0},"end":{"line":23,"column":19}},"23":{"start":{"line":24,"column":0},"end":{"line":24,"column":58}},"24":{"start":{"line":25,"column":0},"end":{"line":25,"column":93}},"25":{"start":{"line":26,"column":0},"end":{"line":26,"column":14}},"26":{"start":{"line":27,"column":0},"end":{"line":27,"column":79}},"27":{"start":{"line":28,"column":0},"end":{"line":28,"column":7}},"28":{"start":{"line":29,"column":0},"end":{"line":29,"column":15}},"29":{"start":{"line":30,"column":0},"end":{"line":30,"column":21}},"30":{"start":{"line":31,"column":0},"end":{"line":31,"column":5}},"31":{"start":{"line":32,"column":0},"end":{"line":32,"column":3}},"33":{"start":{"line":34,"column":0},"end":{"line":34,"column":10}},"34":{"start":{"line":35,"column":0},"end":{"line":35,"column":28}},"35":{"start":{"line":36,"column":0},"end":{"line":36,"column":28}},"36":{"start":{"line":37,"column":0},"end":{"line":37,"column":51}},"37":{"start":{"line":38,"column":0},"end":{"line":38,"column":15}},"39":{"start":{"line":40,"column":0},"end":{"line":40,"column":16}},"40":{"start":{"line":41,"column":0},"end":{"line":41,"column":29}},"41":{"start":{"line":42,"column":0},"end":{"line":42,"column":30}},"42":{"start":{"line":43,"column":0},"end":{"line":43,"column":59}},"43":{"start":{"line":44,"column":0},"end":{"line":44,"column":39}},"44":{"start":{"line":45,"column":0},"end":{"line":45,"column":20}},"45":{"start":{"line":46,"column":0},"end":{"line":46,"column":12}},"46":{"start":{"line":47,"column":0},"end":{"line":47,"column":16}},"47":{"start":{"line":48,"column":0},"end":{"line":48,"column":15}},"49":{"start":{"line":50,"column":0},"end":{"line":50,"column":16}},"50":{"start":{"line":51,"column":0},"end":{"line":51,"column":24}},"51":{"start":{"line":52,"column":0},"end":{"line":52,"column":24}},"52":{"start":{"line":53,"column":0},"end":{"line":53,"column":25}},"53":{"start":{"line":54,"column":0},"end":{"line":54,"column":54}},"54":{"start":{"line":55,"column":0},"end":{"line":55,"column":35}},"55":{"start":{"line":56,"column":0},"end":{"line":56,"column":20}},"56":{"start":{"line":57,"column":0},"end":{"line":57,"column":12}},"57":{"start":{"line":58,"column":0},"end":{"line":58,"column":16}},"58":{"start":{"line":59,"column":0},"end":{"line":59,"column":15}},"60":{"start":{"line":61,"column":0},"end":{"line":61,"column":16}},"61":{"start":{"line":62,"column":0},"end":{"line":62,"column":27}},"62":{"start":{"line":63,"column":0},"end":{"line":63,"column":27}},"63":{"start":{"line":64,"column":0},"end":{"line":64,"column":28}},"64":{"start":{"line":65,"column":0},"end":{"line":65,"column":57}},"65":{"start":{"line":66,"column":0},"end":{"line":66,"column":43}},"66":{"start":{"line":67,"column":0},"end":{"line":67,"column":20}},"67":{"start":{"line":68,"column":0},"end":{"line":68,"column":12}},"68":{"start":{"line":69,"column":0},"end":{"line":69,"column":16}},"69":{"start":{"line":70,"column":0},"end":{"line":70,"column":19}},"70":{"start":{"line":71,"column":0},"end":{"line":71,"column":44}},"71":{"start":{"line":72,"column":0},"end":{"line":72,"column":19}},"72":{"start":{"line":73,"column":0},"end":{"line":73,"column":14}},"74":{"start":{"line":75,"column":0},"end":{"line":75,"column":46}},"75":{"start":{"line":76,"column":0},"end":{"line":76,"column":44}},"76":{"start":{"line":77,"column":0},"end":{"line":77,"column":17}},"77":{"start":{"line":78,"column":0},"end":{"line":78,"column":13}},"78":{"start":{"line":79,"column":0},"end":{"line":79,"column":11}},"80":{"start":{"line":81,"column":0},"end":{"line":81,"column":1}}},"s":{"0":1,"7":1,"8":56,"9":56,"10":56,"11":56,"12":56,"14":56,"15":3,"16":3,"17":3,"18":3,"19":3,"20":1,"21":1,"22":3,"23":2,"24":1,"25":1,"26":1,"27":1,"28":3,"29":3,"30":3,"31":3,"33":56,"34":56,"35":56,"36":56,"37":56,"39":56,"40":56,"41":56,"42":56,"43":56,"44":56,"45":56,"46":56,"47":56,"49":56,"50":56,"51":56,"52":56,"53":56,"54":56,"55":56,"56":56,"57":56,"58":56,"60":56,"61":56,"62":56,"63":56,"64":56,"65":56,"66":56,"67":56,"68":56,"69":56,"70":2,"71":2,"72":2,"74":56,"75":56,"76":56,"77":56,"78":56,"80":56},"branchMap":{"0":{"type":"branch","line":8,"loc":{"start":{"line":8,"column":7},"end":{"line":81,"column":1}},"locations":[{"start":{"line":8,"column":7},"end":{"line":81,"column":1}}]},"1":{"type":"branch","line":70,"loc":{"start":{"line":70,"column":9},"end":{"line":73,"column":14}},"locations":[{"start":{"line":70,"column":9},"end":{"line":73,"column":14}}]},"2":{"type":"branch","line":76,"loc":{"start":{"line":76,"column":11},"end":{"line":76,"column":34}},"locations":[{"start":{"line":76,"column":11},"end":{"line":76,"column":34}}]},"3":{"type":"branch","line":76,"loc":{"start":{"line":76,"column":18},"end":{"line":76,"column":44}},"locations":[{"start":{"line":76,"column":18},"end":{"line":76,"column":44}}]},"4":{"type":"branch","line":15,"loc":{"start":{"line":15,"column":2},"end":{"line":32,"column":3}},"locations":[{"start":{"line":15,"column":2},"end":{"line":32,"column":3}}]},"5":{"type":"branch","line":20,"loc":{"start":{"line":20,"column":68},"end":{"line":23,"column":13}},"locations":[{"start":{"line":20,"column":68},"end":{"line":23,"column":13}}]},"6":{"type":"branch","line":23,"loc":{"start":{"line":23,"column":4},"end":{"line":29,"column":6}},"locations":[{"start":{"line":23,"column":4},"end":{"line":29,"column":6}}]},"7":{"type":"branch","line":24,"loc":{"start":{"line":24,"column":57},"end":{"line":28,"column":7}},"locations":[{"start":{"line":24,"column":57},"end":{"line":28,"column":7}}]},"8":{"type":"branch","line":43,"loc":{"start":{"line":43,"column":22},"end":{"line":43,"column":59}},"locations":[{"start":{"line":43,"column":22},"end":{"line":43,"column":59}}]},"9":{"type":"branch","line":54,"loc":{"start":{"line":54,"column":22},"end":{"line":54,"column":54}},"locations":[{"start":{"line":54,"column":22},"end":{"line":54,"column":54}}]},"10":{"type":"branch","line":65,"loc":{"start":{"line":65,"column":22},"end":{"line":65,"column":57}},"locations":[{"start":{"line":65,"column":22},"end":{"line":65,"column":57}}]}},"b":{"0":[56],"1":[2],"2":[3],"3":[53],"4":[3],"5":[1],"6":[2],"7":[1],"8":[12],"9":[25],"10":[8]},"fnMap":{"0":{"name":"Login","decl":{"start":{"line":8,"column":7},"end":{"line":81,"column":1}},"loc":{"start":{"line":8,"column":7},"end":{"line":81,"column":1}},"line":8},"1":{"name":"submit","decl":{"start":{"line":15,"column":2},"end":{"line":32,"column":3}},"loc":{"start":{"line":15,"column":2},"end":{"line":32,"column":3}},"line":15},"2":{"name":"onChange","decl":{"start":{"line":43,"column":22},"end":{"line":43,"column":59}},"loc":{"start":{"line":43,"column":22},"end":{"line":43,"column":59}},"line":43},"3":{"name":"onChange","decl":{"start":{"line":54,"column":22},"end":{"line":54,"column":54}},"loc":{"start":{"line":54,"column":22},"end":{"line":54,"column":54}},"line":54},"4":{"name":"onChange","decl":{"start":{"line":65,"column":22},"end":{"line":65,"column":57}},"loc":{"start":{"line":65,"column":22},"end":{"line":65,"column":57}},"line":65}},"f":{"0":56,"1":3,"2":12,"3":25,"4":8}}
,"S:\\claudecode\\LicenseSrv\\src\\admin-ui\\src\\pages\\Users.tsx": {"path":"S:\\claudecode\\LicenseSrv\\src\\admin-ui\\src\\pages\\Users.tsx","all":false,"statementMap":{"0":{"start":{"line":1,"column":0},"end":{"line":1,"column":102}},"8":{"start":{"line":9,"column":0},"end":{"line":9,"column":51}},"10":{"start":{"line":11,"column":0},"end":{"line":11,"column":76}},"11":{"start":{"line":12,"column":0},"end":{"line":12,"column":52}},"12":{"start":{"line":13,"column":0},"end":{"line":13,"column":41}},"13":{"start":{"line":14,"column":0},"end":{"line":14,"column":51}},"14":{"start":{"line":15,"column":0},"end":{"line":15,"column":60}},"15":{"start":{"line":16,"column":0},"end":{"line":16,"column":58}},"17":{"start":{"line":18,"column":0},"end":{"line":18,"column":43}},"18":{"start":{"line":19,"column":0},"end":{"line":19,"column":41}},"19":{"start":{"line":20,"column":0},"end":{"line":20,"column":9}},"21":{"start":{"line":22,"column":0},"end":{"line":22,"column":19}},"22":{"start":{"line":23,"column":0},"end":{"line":23,"column":66}},"23":{"start":{"line":24,"column":0},"end":{"line":24,"column":16}},"25":{"start":{"line":26,"column":0},"end":{"line":26,"column":54}},"26":{"start":{"line":27,"column":0},"end":{"line":27,"column":23}},"27":{"start":{"line":28,"column":0},"end":{"line":28,"column":19}},"28":{"start":{"line":29,"column":0},"end":{"line":29,"column":20}},"29":{"start":{"line":30,"column":0},"end":{"line":30,"column":9}},"30":{"start":{"line":31,"column":0},"end":{"line":31,"column":79}},"31":{"start":{"line":32,"column":0},"end":{"line":32,"column":64}},"32":{"start":{"line":33,"column":0},"end":{"line":33,"column":19}},"33":{"start":{"line":34,"column":0},"end":{"line":34,"column":22}},"34":{"start":{"line":35,"column":0},"end":{"line":35,"column":19}},"35":{"start":{"line":36,"column":0},"end":{"line":36,"column":112}},"36":{"start":{"line":37,"column":0},"end":{"line":37,"column":5}},"37":{"start":{"line":38,"column":0},"end":{"line":38,"column":3}},"39":{"start":{"line":40,"column":0},"end":{"line":40,"column":68}},"40":{"start":{"line":41,"column":0},"end":{"line":41,"column":19}},"41":{"start":{"line":42,"column":0},"end":{"line":42,"column":20}},"42":{"start":{"line":43,"column":0},"end":{"line":43,"column":9}},"43":{"start":{"line":44,"column":0},"end":{"line":44,"column":52}},"44":{"start":{"line":45,"column":0},"end":{"line":45,"column":22}},"45":{"start":{"line":46,"column":0},"end":{"line":46,"column":19}},"46":{"start":{"line":47,"column":0},"end":{"line":47,"column":114}},"47":{"start":{"line":48,"column":0},"end":{"line":48,"column":5}},"48":{"start":{"line":49,"column":0},"end":{"line":49,"column":3}},"50":{"start":{"line":51,"column":0},"end":{"line":51,"column":56}},"51":{"start":{"line":52,"column":0},"end":{"line":52,"column":19}},"52":{"start":{"line":53,"column":0},"end":{"line":53,"column":20}},"53":{"start":{"line":54,"column":0},"end":{"line":54,"column":9}},"54":{"start":{"line":55,"column":0},"end":{"line":55,"column":63}},"55":{"start":{"line":56,"column":0},"end":{"line":56,"column":22}},"56":{"start":{"line":57,"column":0},"end":{"line":57,"column":19}},"57":{"start":{"line":58,"column":0},"end":{"line":58,"column":118}},"58":{"start":{"line":59,"column":0},"end":{"line":59,"column":5}},"59":{"start":{"line":60,"column":0},"end":{"line":60,"column":3}},"61":{"start":{"line":62,"column":0},"end":{"line":62,"column":10}},"62":{"start":{"line":63,"column":0},"end":{"line":63,"column":32}},"63":{"start":{"line":64,"column":0},"end":{"line":64,"column":20}},"64":{"start":{"line":65,"column":0},"end":{"line":65,"column":62}},"65":{"start":{"line":66,"column":0},"end":{"line":66,"column":47}},"67":{"start":{"line":68,"column":0},"end":{"line":68,"column":50}},"68":{"start":{"line":69,"column":0},"end":{"line":69,"column":57}},"69":{"start":{"line":70,"column":0},"end":{"line":70,"column":16}},"70":{"start":{"line":71,"column":0},"end":{"line":71,"column":39}},"71":{"start":{"line":72,"column":0},"end":{"line":72,"column":24}},"72":{"start":{"line":73,"column":0},"end":{"line":73,"column":44}},"73":{"start":{"line":74,"column":0},"end":{"line":74,"column":25}},"74":{"start":{"line":75,"column":0},"end":{"line":75,"column":54}},"75":{"start":{"line":76,"column":0},"end":{"line":76,"column":20}},"76":{"start":{"line":77,"column":0},"end":{"line":77,"column":12}},"77":{"start":{"line":78,"column":0},"end":{"line":78,"column":108}},"78":{"start":{"line":79,"column":0},"end":{"line":79,"column":31}},"79":{"start":{"line":80,"column":0},"end":{"line":80,"column":52}},"80":{"start":{"line":81,"column":0},"end":{"line":81,"column":15}},"81":{"start":{"line":82,"column":0},"end":{"line":82,"column":19}},"82":{"start":{"line":83,"column":0},"end":{"line":83,"column":47}},"83":{"start":{"line":84,"column":0},"end":{"line":84,"column":15}},"84":{"start":{"line":85,"column":0},"end":{"line":85,"column":20}},"86":{"start":{"line":87,"column":0},"en
[...]
ne":60,"column":44}},"60":{"start":{"line":61,"column":0},"end":{"line":61,"column":13}},"61":{"start":{"line":62,"column":0},"end":{"line":62,"column":54}},"62":{"start":{"line":63,"column":0},"end":{"line":63,"column":5}},"63":{"start":{"line":64,"column":0},"end":{"line":64,"column":3}},"65":{"start":{"line":66,"column":0},"end":{"line":66,"column":65}},"66":{"start":{"line":67,"column":0},"end":{"line":67,"column":19}},"67":{"start":{"line":68,"column":0},"end":{"line":68,"column":9}},"68":{"start":{"line":69,"column":0},"end":{"line":69,"column":17}},"69":{"start":{"line":70,"column":0},"end":{"line":70,"column":22}},"70":{"start":{"line":71,"column":0},"end":{"line":71,"column":19}},"71":{"start":{"line":72,"column":0},"end":{"line":72,"column":36}},"72":{"start":{"line":73,"column":0},"end":{"line":73,"column":5}},"73":{"start":{"line":74,"column":0},"end":{"line":74,"column":3}},"75":{"start":{"line":76,"column":0},"end":{"line":76,"column":54}},"76":{"start":{"line":77,"column":0},"end":{"line":77,"column":26}},"77":{"start":{"line":78,"column":0},"end":{"line":78,"column":59}},"78":{"start":{"line":79,"column":0},"end":{"line":79,"column":13}},"79":{"start":{"line":80,"column":0},"end":{"line":80,"column":5}},"80":{"start":{"line":81,"column":0},"end":{"line":81,"column":70}},"81":{"start":{"line":82,"column":0},"end":{"line":82,"column":3}},"83":{"start":{"line":84,"column":0},"end":{"line":84,"column":10}},"84":{"start":{"line":85,"column":0},"end":{"line":85,"column":35}},"85":{"start":{"line":86,"column":0},"end":{"line":86,"column":23}},"86":{"start":{"line":87,"column":0},"end":{"line":87,"column":62}},"88":{"start":{"line":89,"column":0},"end":{"line":89,"column":31}},"89":{"start":{"line":90,"column":0},"end":{"line":90,"column":15}},"91":{"start":{"line":92,"column":0},"end":{"line":92,"column":120}},"92":{"start":{"line":93,"column":0},"end":{"line":93,"column":44}},"93":{"start":{"line":94,"column":0},"end":{"line":94,"column":50}},"94":{"start":{"line":95,"column":0},"end":{"line":95,"column":56}},"95":{"start":{"line":96,"column":0},"end":{"line":96,"column":52}},"96":{"start":{"line":97,"column":0},"end":{"line":97,"column":19}},"97":{"start":{"line":98,"column":0},"end":{"line":98,"column":16}},"98":{"start":{"line":99,"column":0},"end":{"line":99,"column":15}},"100":{"start":{"line":101,"column":0},"end":{"line":101,"column":114}},"101":{"start":{"line":102,"column":0},"end":{"line":102,"column":51}},"102":{"start":{"line":103,"column":0},"end":{"line":103,"column":35}},"103":{"start":{"line":104,"column":0},"end":{"line":104,"column":62}},"104":{"start":{"line":105,"column":0},"end":{"line":105,"column":15}},"105":{"start":{"line":106,"column":0},"end":{"line":106,"column":19}},"106":{"start":{"line":107,"column":0},"end":{"line":107,"column":16}},"107":{"start":{"line":108,"column":0},"end":{"line":108,"column":52}},"108":{"start":{"line":109,"column":0},"end":{"line":109,"column":17}},"110":{"start":{"line":111,"column":0},"end":{"line":111,"column":124}},"111":{"start":{"line":112,"column":0},"end":{"line":112,"column":58}},"112":{"start":{"line":113,"column":0},"end":{"line":113,"column":24}},"113":{"start":{"line":114,"column":0},"end":{"line":114,"column":53}},"114":{"start":{"line":115,"column":0},"end":{"line":115,"column":29}},"115":{"start":{"line":116,"column":0},"end":{"line":116,"column":66}},"116":{"start":{"line":117,"column":0},"end":{"line":117,"column":19}},"117":{"start":{"line":118,"column":0},"end":{"line":118,"column":21}},"118":{"start":{"line":119,"column":0},"end":{"line":119,"column":18}},"119":{"start":{"line":120,"column":0},"end":{"line":120,"column":22}},"120":{"start":{"line":121,"column":0},"end":{"line":121,"column":12}},"122":{"start":{"line":123,"column":0},"end":{"line":123,"column":13}},"123":{"start":{"line":124,"column":0},"end":{"line":124,"column":15}},"124":{"start":{"line":125,"column":0},"end":{"line":125,"column":117}},"125":{"start":{"line":126,"column":0},"end":{"line":126,"column":16}},"126":{"start":{"line":127,"column":0},"end":{"line":127,"column":15}},"127":{"start":{"line":128,"column":0},"end":{"line":128,"column":32}},"128":{"start":{"line":129,"column":0},"end":{"line":129,"column":27}},"129":{"start":{"line":130,"column":0},"end":{"line":130,"column":29}},"130":{"start":{"line":131,"column":0},"end":{"line":131,"column":69}},"131":{"start":{"line":132,"column":0},"end":{"line":132,"column":33}},"132":{"start":{"line":133,"column":0},"end":{"line":133,"column":51}},"133":{"start":{"line":134,"column":0},"end":{"line":134,"column":40}},"134":{"start":{"line":135,"column":0},"end":{"line":135,"column":18}},"135":{"start":{"line":136,"column":0},"end":{"line":136,"column":89}},"136":{"start":{"line":137,"column":0},"end":{"line":137,"column":60}},"137":{"start":{"line":138,"column":0},"end":{"line":138,"column":45}},"138":{"start":{"line":139,"column":0},"end":{"line":139,"column":124}},"140":{"start":{"line":141,"column":0},"end":{"line":141,"column":48}},"141":{"start":{"line":142,"column":0},"end":{"line":142,"column":128}},"143":{"start":{"line":144,"column":0},"end":{"line":144,"column":46}},"144":{"start":{"line":145,"column":0},"end":{"line":145,"column":22}},"145":{"start":{"line":146,"column":0},"end":{"line":146,"column":124}},"146":{"start":{"line":147,"column":0},"end":{"line":147,"column":97}},"147":{"start":{"line":148,"column":0},"end":{"line":148,"column":23}},"149":{"start":{"line":150,"column":0},"end":{"line":150,"column":30}},"150":{"start":{"line":151,"column":0},"end":{"line":151,"column":19}},"151":{"start":{"line":152,"column":0},"end":{"line":152,"column":17}},"152":{"start":{"line":153,"column":0},"end":{"line":153,"column":13}},"153":{"start":{"line":154,"column":0},"end":{"line":154,"column":16}},"154":{"start":{"line":155,"column":0},"end":{"line":155,"column":14}},"156":{"start":{"line":157,"column":0},"end":{"line":157,"column":48}},"157":{"start":{"line":158,"column":0},"end":{"line":158,"column":69}},"158":{"start":{"line":159,"column":0},"end":{"line":159,"column":17}},"159":{"start":{"line":160,"column":0},"end":{"line":160,"column":24}},"160":{"start":{"line":161,"column":0},"end":{"line":161,"column":83}},"161":{"start":{"line":162,"column":0},"end":{"line":162,"column":18}},"162":{"start":{"line":163,"column":0},"end":{"line":163,"column":14}},"163":{"start":{"line":164,"column":0},"end":{"line":164,"column":9}},"164":{"start":{"line":165,"column":0},"end":{"line":165,"column":14}},"166":{"start":{"line":167,"column":0},"end":{"line":167,"column":1}}},"s":{"0":1,"18":1,"19":1,"20":1,"21":0,"22":0,"23":1,"24":0,"25":0,"27":1,"28":22,"29":22,"30":22,"31":22,"32":22,"33":22,"34":22,"36":22,"38":22,"39":9,"40":9,"41":9,"42":9,"43":9,"44":9,"45":22,"47":22,"48":6,"49":22,"51":22,"52":7,"53":22,"55":22,"56":1,"57":1,"58":1,"59":1,"60":1,"61":0,"62":0,"63":1,"65":22,"66":3,"67":3,"68":3,"69":2,"70":3,"71":1,"72":1,"73":3,"75":22,"76":2,"77":0,"78":0,"79":0,"80":2,"81":2,"83":22,"84":22,"85":22,"86":22,"88":22,"89":22,"91":22,"92":22,"93":22,"94":22,"95":22,"96":22,"97":22,"98":22,"100":22,"101":22,"102":22,"103":32,"104":22,"105":22,"106":22,"107":22,"108":22,"110":22,"111":22,"112":22,"113":22,"114":22,"115":32,"116":22,"117":22,"118":22,"119":22,"120":22,"122":22,"123":22,"124":22,"125":22,"126":22,"127":22,"128":16,"129":16,"130":16,"131":16,"132":16,"133":16,"134":16,"135":16,"136":16,"137":16,"138":16,"140":16,"141":0,"143":16,"144":16,"145":16,"146":16,"147":16,"149":16,"150":16,"151":16,"152":22,"153":22,"154":22,"156":22,"157":1,"158":1,"159":1,"160":1,"161":1,"162":1,"163":22,"164":22,"166":22},"branchMap":{"0":{"type":"branch","line":19,"loc":{"start":{"line":19,"column":0},"end":{"line":26,"column":1}},"locations":[{"start":{"line":19,"column":0},"end":{"line":26,"column":1}}]},"1":{"type":"branch","line":21,"loc":{"start":{"line":21,"column":55},"end":{"line":23,"column":84}},"locations":[{"start":{"line":21,"column":55},"end":{"line":23,"column":84}}]},"2":{"type":"branch","line":24,"loc":{"start":{"line":24,"column":2},"end":{"line":26,"column":1}},"locations":[{"start":{"line":24,"column":2},"end":{"line":26,"column":1}}]},"3":{"type":"branch","line":28,"loc":{"start":{"line":28,"column":7},"end":{"line":167,"column":1}},"locations":[{"start":{"line":28,"column":7},"end":{"line":167,"column":1}}]},"4":{"type":"branch","line":87,"loc":{"start":{"line":87,"column":7},"end":{"line":87,"column":62}},"locations":[{"start":{"line":87,"column":7},"end":{"line":87,"column":62}}]},"5":{"type":"branch","line":37,"loc":{"start":{"line":37,"column":29},"end":{"line":37,"column":81}},"locations":[{"start":{"line":37,"column":29},"end":{"line":37,"column":81}}]},"6":{"type":"branch","line":37,"loc":{"start":{"line":37,"column":57},"end":{"line":37,"column":77}},"locations":[{"start":{"line":37,"column":57},"end":{"line":37,"column":77}}]},"7":{"type":"branch","line":39,"loc":{"start":{"line":39,"column":30},"end":{"line":46,"column":5}},"locations":[{"start":{"line":39,"column":30},"end":{"line":46,"column":5}}]},"8":{"type":"branch","line":42,"loc":{"start":{"line":42,"column":27},"end":{"line":42,"column":47}},"locations":[{"start":{"line":42,"column":27},"end":{"line":42,"column":47}}]},"9":{"type":"branch","line":42,"loc":{"start":{"line":42,"column":35},"end":{"line":42,"column":54}},"locations":[{"start":{"line":42,"column":35},"end":{"line":42,"column":54}}]},"10":{"type":"branch","line":48,"loc":{"start":{"line":48,"column":12},"end":{"line":50,"column":5}},"locations":[{"start":{"line":48,"column":12},"end":{"line":50,"column":5}}]},"11":{"type":"branch","line":52,"loc":{"start":{"line":52,"column":12},"end":{"line":54,"column":5}},"locations":[{"start":{"line":52,"column":12},"end":{"line":54,"column":5}}]},"12":{"type":"branch","line":56,"loc":{"start":{"line":56,"column":2},"end":{"line":64,"column":3}},"locations":[{"start":{"line":56,"column":2},"end":{"line":64,"column":3}}]},"13":{"type":"branch","line":61,"loc":{"start":{"line":61,"column":4},"end":{"line":63,"column":5}},"locations":[{"start":{"line":61,"column":4},"end":{"line":63,"column":5}}]},"14":{"type":"branch","line":60,"loc":{"start":{"line":60,"column":14},"end":{"line":60,"column":42}},"locations":[{"start":{"line":60,"column":14},"end":{"line":60,"column":42}}]},"15":{"type":"branch","line":66,"loc":{"start":{"line":66,"column":2},"end":{"line":74,"column":3}},"locations":[{"start":{"line":66,"column":2},"end":{"line":74,"column":3}}]},"16":{"type":"branch","line":69,"loc":{"start":{"line":69,"column":15},"end":{"line":71,"column":13}},"locations":[{"start":{"line":69,"column":15},"end":{"line":71,"column":13}}]},"17":{"type":"branch","line":71,"loc":{"start":{"line":71,"column":4},"end":{"line":73,"column":5}},"locations":[{"start":{"line":71,"column":4},"end":{"line":73,"column":5}}]},"18":{"type":"branch","line":76,"loc":{"start":{"line":76,"column":2},"end":{"line":82,"column":3}},"locations":[{"start":{"line":76,"column":2},"end":{"line":82,"column":3}}]},"19":{"type":"branch","line":77,"loc":{"start":{"line":77,"column":25},"end":{"line":80,"column":5}},"locations":[{"start":{"line":77,"column":25},"end":{"line":80,"column":5}}]},"20":{"type":"branch","line":81,"loc":{"start":{"line":81,"column":14},"end":{"line":81,"column":68}},"locations":[{"start":{"line":81,"column":14},"end":{"line":81,"column":68}}]},"21":{"type":"branch","line":92,"loc":{"start":{"line":92,"column":70},"end":{"line":92,"column":120}},"locations":[{"start":{"line":92,"column":70},"end":{"line":92,"column":120}}]},"22":{"type":"branch","line":103,"loc":{"start":{"line":103,"column":27},"end":{"line":104,"column":62}},"locations":[{"start":{"line":103,"column":27},"end":{"line":104,"column":62}}]},"23":{"type":"branch","line":111,"loc":{"start":{"line":111,"column":82},"end":{"line":111,"column":124}},"locations":[{"start":{"line":111,"column":82},"end":{"line":111,"column":124}}]},"24":{"type":"branch","line":114,"loc":{"start":{"line":114,"column":24},"end":{"line":114,"column":52}},"locations":[{"start":{"line":114,"column":24},"end":{"line":114,"column":52}}]},"25":{"type":"branch","line":115,"loc":{"start":{"line":115,"column":21},"end":{"line":116,"column":66}},"locations":[{"start":{"line":115,"column":21},"end":{"line":116,"column":66}}]},"26":{"type":"branch","line":128,"loc":{"start":{"line":128,"column":24},"end":{"line":152,"column":17}},"locations":[{"start":{"line":128,"column":24},"end":{"line":152,"column":17}}]},"27":{"type":"branch","line":131,"loc":{"start":{"line":131,"column":46},"end":{"line":131,"column":64}},"locations":[{"start":{"line":131,"column":46},"end":{"line":131,"column":64}}]},"28":{"type":"branch","line":141,"loc":{"start":{"line":141,"column":32},"end":{"line":142,"column":128}},"locations":[{"start":{"line":141,"column":32},"end":{"line":142,"column":128}}]},"29":{"type":"branch","line":136,"loc":{"start":{"line":136,"column":47},"end":{"line":136,"column":73}},"locations":[{"start":{"line":136,"column":47},"end":{"line":136,"column":73}}]},"30":{"type":"branch","line":139,"loc":{"start":{"line":139,"column":51},"end":{"line":139,"column":108}},"locations":[{"start":{"line":139,"column":51},"end":{"line":139,"column":108}}]},"31":{"type":"branch","line":139,"loc":{"start":{"line":139,"column":66},"end":{"line":139,"column":105}},"locations":[{"start":{"line":139,"column":66},"end":{"line":139,"column":105}}]},"32":{"type":"branch","line":147,"loc":{"start":{"line":147,"column":53},"end":{"line":147,"column":80}},"locations":[{"start":{"line":147,"column":53},"end":{"line":147,"column":80}}]},"33":{"type":"branch","line":157,"loc":{"start":{"line":157,"column":32},"end":{"line":163,"column":14}},"locations":[{"start":{"line":157,"column":32},"end":{"line":163,"column":14}}]}},"b":{"0":[1],"1":[0],"2":[0],"3":[22],"4":[1],"5":[12],"6":[12],"7":[9],"8":[8],"9":[1],"10":[6],"11":[7],"12":[1],"13":[0],"14":[1],"15":[3],"16":[2],"17":[1],"18":[2],"19":[0],"20":[2],"21":[1],"22":[32],"23":[2],"24":[32],"25":[32],"26":[16],"27":[0],"28":[0],"29":[1],"30":[1],"31":[1],"32":[2],"33":[1]},"fnMap":{"0":{"name":"lifecycleError","decl":{"start":{"line":19,"column":0},"end":{"line":26,"column":1}},"loc":{"start":{"line":19,"column":0},"end":{"line":26,"column":1}},"line":19},"1":{"name":"Licenses","decl":{"start":{"line":28,"column":7},"end":{"line":167,"column":1}},"loc":{"start":{"line":28,"column":7},"end":{"line":167,"column":1}},"line":28},"2":{"name":"showKey","decl":{"start":{"line":56,"column":2},"end":{"line":64,"column":3}},"loc":{"start":{"line":56,"column":2},"end":{"line":64,"column":3}},"line":56},"3":{"name":"act","decl":{"start":{"line":66,"column":2},"end":{"line":74,"column":3}},"loc":{"start":{"line":66,"column":2},"end":{"line":74,"column":3}},"line":66},"4":{"name":"transfer","decl":{"start":{"line":76,"column":2},"end":{"line":82,"column":3}},"loc":{"start":{"line":76,"column":2},"end":{"line":82,"column":3}},"line":76},"5":{"name":"onChange","decl":{"start":{"line":92,"column":70},"end":{"line":92,"column":120}},"loc":{"start":{"line":92,"column":70},"end":{"line":92,"column":120}},"line":92},"6":{"name":"onChange","decl":{"start":{"line":101,"column":76},"end":{"line":101,"column":114}},"loc":{"start":{"line":101,"column":76},"end":{"line":101,"column":114}},"line":101},"7":{"name":"onChange","decl":{"start":{"line":111,"column":82},"end":{"line":111,"column":124}},"loc":{"start":{"line":111,"column":82},"end":{"line":111,"column":124}},"line":111},"8":{"name":"onClick","decl":{"start":{"line":136,"column":47},"end":{"line":136,"column":73}},"loc":{"start":{"line":136,"column":47},"end":{"line":136,"column":73}},"line":136},"9":{"name":"onClick","decl":{"start":{"line":139,"column":51},"end":{"line":139,"column":108}},"loc":{"start":{"line":139,"column":51},"end":{"line":139,"column":108}},"line":139},"10":{"name":"onClick","decl":{"start":{"line":142,"column":51},"end":{"line":142,"column":110}},"loc":{"start":{"line":142,"column":51},"end":{"line":142,"column":110}},"line":142},"11":{"name":"onClick","decl":{"start":{"line":146,"column":53},"end":{"line":146,"column":109}},"loc":{"start":{"line":146,"column":53},"end":{"line":146,"column":109}},"line":146},"12":{"name":"onClick","decl":{"start":{"line":147,"column":53},"end":{"line":147,"column":80}},"loc":{"start":{"line":147,"column":53},"end":{"line":147,"column":80}},"line":147}},"f":{"0":1,"1":22,"2":1,"3":3,"4":2,"5":1,"6":0,"7":2,"8":1,"9":1,"10":0,"11":0,"12":2}}
,"S:\\claudecode\\LicenseSrv\\src\\admin-ui\\src\\pages\\licensing\\Licensing.tsx": {"path":"S:\\claudecode\\LicenseSrv\\src\\admin-ui\\src\\pages\\licensing\\Licensing.tsx","all":false,"statementMap":{"0":{"start":{"line":1,"column":0},"end":{"line":1,"column":103}},"12":{"start":{"line":13,"column":0},"end":{"line":13,"column":80}},"13":{"start":{"line":14,"column":0},"end":{"line":14,"column":53}},"15":{"start":{"line":16,"column":0},"end":{"line":16,"column":10}},"16":{"start":{"line":17,"column":0},"end":{"line":17,"column":36}},"17":{"start":{"line":18,"column":0},"end":{"line":18,"column":43}},"18":{"start":{"line":19,"column":0},"end":{"line":19,"column":95}},"20":{"start":{"line":21,"column":0},"end":{"line":21,"column":17}},"21":{"start":{"line":22,"column":0},"end":{"line":22,"column":101}},"23":{"start":{"line":24,"column":0},"end":{"line":24,"column":17}},"24":{"start":{"line":25,"column":0},"end":{"line":25,"column":103}},"26":{"start":{"line":27,"column":0},"end":{"line":27,"column":17}},"27":{"start":{"line":28,"column":0},"end":{"line":28,"column":12}},"29":{"start":{"line":30,"column":0},"end":{"line":30,"column":63}},"30":{"start":{"line":31,"column":0},"end":{"line":31,"column":69}},"31":{"start":{"line":32,"column":0},"end":{"line":32,"column":71}},"32":{"start":{"line":33,"column":0},"end":{"line":33,"column":14}},"34":{"start":{"line":35,"column":0},"end":{"line":35,"column":1}}},"s":{"0":1,"12":1,"13":3,"15":3,"16":3,"17":3,"18":3,"20":3,"21":3,"23":3,"24":3,"26":3,"27":3,"29":3,"30":3,"31":3,"32":3,"34":3},"branchMap":{"0":{"type":"branch","line":13,"loc":{"start":{"line":13,"column":7},"end":{"line":35,"column":1}},"locations":[{"start":{"line":13,"column":7},"end":{"line":35,"column":1}}]},"1":{"type":"branch","line":30,"loc":{"start":{"line":30,"column":16},"end":{"line":30,"column":63}},"locations":[{"start":{"line":30,"column":16},"end":{"line":30,"column":63}}]},"2":{"type":"branch","line":31,"loc":{"start":{"line":31,"column":16},"end":{"line":31,"column":69}},"locations":[{"start":{"line":31,"column":16},"end":{"line":31,"column":69}}]},"3":{"type":"branch","line":32,"loc":{"start":{"line":32,"column":16},"end":{"line":32,"column":71}},"locations":[{"start":{"line":32,"column":16},"end":{"line":32,"column":71}}]},"4":{"type":"branch","line":19,"loc":{"start":{"line":19,"column":71},"end":{"line":19,"column":95}},"locations":[{"start":{"line":19,"column":71},"end":{"line":19,"column":95}}]},"5":{"type":"branch","line":25,"loc":{"start":{"line":25,"column":75},"end":{"line":25,"column":103}},"locations":[{"start":{"line":25,"column":75},"end":{"line":25,"column":103}}]}},"b":{"0":[3],"1":[1],"2":[1],"3":[1],"4":[1],"5":[1]},"fnMap":{"0":{"name":"Licensing","decl":{"start":{"line":13,"column":7},"end":{"line":35,"column":1}},"loc":{"start":{"line":13,"column":7},"end":{"line":35,"column":1}},"line":13},"1":{"name":"onClick","decl":{"start":{"line":19,"column":71},"end":{"line":19,"column":95}},"loc":{"start":{"line":19,"column":71},"end":{"line":19,"column":95}},"line":19},"2":{"name":"onClick","decl":{"start":{"line":22,"column":74},"end":{"line":22,"column":101}},"loc":{"start":{"line":22,"column":74},"end":{"line":22,"column":101}},"line":22},"3":{"name":"onClick","decl":{"start":{"line":25,"column":75},"end":{"line":25,"column":103}},"loc":{"start":{"line":25,"column":75},"end":{"line":25,"column":103}},"line":25}},"f":{"0":3,"1":1,"2":0,"3":1}}
}
