{"S:\\claudecode\\LicenseSrv\\src\\admin-ui\\src\\App.tsx": {"path":"S:\\claudecode\\LicenseSrv\\src\\admin-ui\\src\\App.tsx","all":false,"statementMap":{"0":{"start":{"line":1,"column":0},"end":{"line":1,"column":97}},"20":{"start":{"line":21,"column":0},"end":{"line":21,"column":62}},"21":{"start":{"line":22,"column":0},"end":{"line":22,"column":10}},"22":{"start":{"line":23,"column":0},"end":{"line":23,"column":12}},"23":{"start":{"line":24,"column":0},"end":{"line":24,"column":46}},"24":{"start":{"line":25,"column":0},"end":{"line":25,"column":66}},"25":{"start":{"line":26,"column":0},"end":{"line":26,"column":69}},"26":{"start":{"line":27,"column":0},"end":{"line":27,"column":74}},"27":{"start":{"line":28,"column":0},"end":{"line":28,"column":50}},"29":{"start":{"line":30,"column":0},"end":{"line":30,"column":75}},"30":{"start":{"line":31,"column":0},"end":{"line":31,"column":79}},"31":{"start":{"line":32,"column":0},"end":{"line":32,"column":73}},"32":{"start":{"line":33,"column":0},"end":{"line":33,"column":71}},"33":{"start":{"line":34,"column":0},"end":{"line":34,"column":69}},"34":{"start":{"line":35,"column":0},"end":{"line":35,"column":76}},"35":{"start":{"line":36,"column":0},"end":{"line":36,"column":77}},"36":{"start":{"line":37,"column":0},"end":{"line":37,"column":69}},"37":{"start":{"line":38,"column":0},"end":{"line":38,"column":14}},"38":{"start":{"line":39,"column":0},"end":{"line":39,"column":13}},"40":{"start":{"line":41,"column":0},"end":{"line":41,"column":1}},"42":{"start":{"line":43,"column":0},"end":{"line":43,"column":36}},"43":{"start":{"line":44,"column":0},"end":{"line":44,"column":57}},"44":{"start":{"line":45,"column":0},"end":{"line":45,"column":44}},"46":{"start":{"line":47,"column":0},"end":{"line":47,"column":19}},"47":{"start":{"line":48,"column":0},"end":{"line":48,"column":12}},"48":{"start":{"line":49,"column":0},"end":{"line":49,"column":11}},"49":{"start":{"line":50,"column":0},"end":{"line":50,"column":29}},"50":{"start":{"line":51,"column":0},"end":{"line":51,"column":32}},"51":{"start":{"line":52,"column":0},"end":{"line":52,"column":37}},"52":{"start":{"line":53,"column":0},"end":{"line":53,"column":9}},"54":{"start":{"line":55,"column":0},"end":{"line":55,"column":15}},"55":{"start":{"line":56,"column":0},"end":{"line":56,"column":88}},"56":{"start":{"line":57,"column":0},"end":{"line":57,"column":3}},"58":{"start":{"line":59,"column":0},"end":{"line":59,"column":10}},"59":{"start":{"line":60,"column":0},"end":{"line":60,"column":19}},"60":{"start":{"line":61,"column":0},"end":{"line":61,"column":55}},"61":{"start":{"line":62,"column":0},"end":{"line":62,"column":80}},"62":{"start":{"line":63,"column":0},"end":{"line":63,"column":32}},"63":{"start":{"line":64,"column":0},"end":{"line":64,"column":20}},"65":{"start":{"line":66,"column":0},"end":{"line":66,"column":1}}},"s":{"0":1,"20":1,"21":1,"22":1,"23":1,"24":1,"25":1,"26":1,"27":1,"29":1,"30":1,"31":1,"32":1,"33":1,"34":1,"35":1,"36":1,"37":1,"38":1,"40":1,"42":1,"43":5,"44":5,"46":5,"47":2,"48":2,"49":2,"50":2,"51":2,"52":5,"54":5,"55":2,"56":2,"58":3,"59":3,"60":3,"61":5,"62":5,"63":5,"65":5},"branchMap":{"0":{"type":"branch","line":21,"loc":{"start":{"line":21,"column":0},"end":{"line":41,"column":1}},"locations":[{"start":{"line":21,"column":0},"end":{"line":41,"column":1}}]},"1":{"type":"branch","line":43,"loc":{"start":{"line":43,"column":7},"end":{"line":66,"column":1}},"locations":[{"start":{"line":43,"column":7},"end":{"line":66,"column":1}}]},"2":{"type":"branch","line":55,"loc":{"start":{"line":55,"column":14},"end":{"line":57,"column":3}},"locations":[{"start":{"line":55,"column":14},"end":{"line":57,"column":3}}]},"3":{"type":"branch","line":57,"loc":{"start":{"line":57,"column":2},"end":{"line":62,"column":15}},"locations":[{"start":{"line":57,"column":2},"end":{"line":62,"column":15}}]},"4":{"type":"branch","line":62,"loc":{"start":{"line":62,"column":9},"end":{"line":62,"column":50}},"locations":[{"start":{"line":62,"column":9},"end":{"line":62,"column":50}}]},"5":{"type":"branch","line":62,"loc":{"start":{"line":62,"column":45},"end":{"line":62,"column":80}},"locations":[{"start":{"line":62,"column":45},"end":{"line":62,"column":80}}]},"6":{"type":"branch","line":47,"loc":{"start":{"line":47,"column":12},"end":{"line":53,"column":5}},"locations":[{"start":{"line":47,"column":12},"end":{"line":53,"column":5}}]},"7":{"type":"branch","line":50,"loc":{"start":{"line":50,"column":12},"end":{"line":50,"column":28}},"locations":[{"start":{"line":50,"column":12},"end":{"line":50,"column":28}}]},"8":{"type":"branch","line":51,"loc":{"start":{"line":51,"column":13},"end":{"line":51,"column":31}},"locations":[{"start":{"line":51,"column":13},"end":{"line":51,"column":31}}]},"9":{"type":"branch","line":52,"loc":{"start":{"line":52,"column":15},"end":{"line":52,"column":35}},"locations":[{"start":{"line":52,"column":15},"end":{"line":52,"column":35}}]}},"b":{"0":[1],"1":[5],"2":[2],"3":[3],"4":[1],"5":[2],"6":[2],"7":[1],"8":[1],"9":[2]},"fnMap":{"0":{"name":"AuthedRoutes","decl":{"start":{"line":21,"column":0},"end":{"line":41,"column":1}},"loc":{"start":{"line":21,"column":0},"end":{"line":41,"column":1}},"line":21},"1":{"name":"App","decl":{"start":{"line":43,"column":7},"end":{"line":66,"column":1}},"loc":{"start":{"line":43,"column":7},"end":{"line":66,"column":1}},"line":43}},"f":{"0":1,"1":5}}
,"S:\\claudecode\\LicenseSrv\\src\\admin-ui\\src\\api.ts": {"path":"S:\\claudecode\\LicenseSrv\\src\\admin-ui\\src\\api.ts","all":false,"statementMap":{"58":{"start":{"line":59,"column":0},"end":{"line":59,"column":37}},"59":{"start":{"line":60,"column":0},"end":{"line":60,"column":14}},"60":{"start":{"line":61,"column":0},"end":{"line":61,"column":35}},"61":{"start":{"line":62,"column":0},"end":{"line":62,"column":33}},"62":{"start":{"line":63,"column":0},"end":{"line":63,"column":20}},"63":{"start":{"line":64,"column":0},"end":{"line":64,"column":5}},"64":{"start":{"line":65,"column":0},"end":{"line":65,"column":19}},"65":{"start":{"line":66,"column":0},"end":{"line":66,"column":27}},"66":{"start":{"line":67,"column":0},"end":{"line":67,"column":3}},"67":{"start":{"line":68,"column":0},"end":{"line":68,"column":1}},"70":{"start":{"line":71,"column":0},"end":{"line":71,"column":62}},"71":{"start":{"line":72,"column":0},"end":{"line":72,"column":82}},"72":{"start":{"line":73,"column":0},"end":{"line":73,"column":78}},"73":{"start":{"line":74,"column":0},"end":{"line":74,"column":1}},"75":{"start":{"line":76,"column":0},"end":{"line":76,"column":61}},"77":{"start":{"line":78,"column":0},"end":{"line":78,"column":85}},"78":{"start":{"line":79,"column":0},"end":{"line":79,"column":45}},"79":{"start":{"line":80,"column":0},"end":{"line":80,"column":71}},"80":{"start":{"line":81,"column":0},"end":{"line":81,"column":29}},"81":{"start":{"line":82,"column":0},"end":{"line":82,"column":42}},"82":{"start":{"line":83,"column":0},"end":{"line":83,"column":45}},"83":{"start":{"line":84,"column":0},"end":{"line":84,"column":3}},"84":{"start":{"line":85,"column":0},"end":{"line":85,"column":33}},"85":{"start":{"line":86,"column":0},"end":{"line":86,"column":11}},"86":{"start":{"line":87,"column":0},"end":{"line":87,"column":12}},"87":{"start":{"line":88,"column":0},"end":{"line":88,"column":27}},"88":{"start":{"line":89,"column":0},"end":{"line":89,"column":64}},"89":{"start":{"line":90,"column":0},"end":{"line":90,"column":5}},"90":{"start":{"line":91,"column":0},"end":{"line":91,"column":48}},"91":{"start":{"line":92,"column":0},"end":{"line":92,"column":32}},"92":{"start":{"line":93,"column":0},"end":{"line":93,"column":64}},"93":{"start":{"line":94,"column":0},"end":{"line":94,"column":16}},"94":{"start":{"line":95,"column":0},"end":{"line":95,"column":66}},"95":{"start":{"line":96,"column":0},"end":{"line":96,"column":83}},"96":{"start":{"line":97,"column":0},"end":{"line":97,"column":3}},"97":{"start":{"line":98,"column":0},"end":{"line":98,"column":19}},"98":{"start":{"line":99,"column":0},"end":{"line":99,"column":1}},"100":{"start":{"line":101,"column":0},"end":{"line":101,"column":40}},"101":{"start":{"line":102,"column":0},"end":{"line":102,"column":34}},"102":{"start":{"line":103,"column":0},"end":{"line":103,"column":44}},"103":{"start":{"line":104,"column":0},"end":{"line":104,"column":38}},"104":{"start":{"line":105,"column":0},"end":{"line":105,"column":58}},"105":{"start":{"line":106,"column":0},"end":{"line":106,"column":47}},"106":{"start":{"line":107,"column":0},"end":{"line":107,"column":50}},"107":{"start":{"line":108,"column":0},"end":{"line":108,"column":55}},"108":{"start":{"line":109,"column":0},"end":{"line":109,"column":25}},"109":{"start":{"line":110,"column":0},"end":{"line":110,"column":26}},"110":{"start":{"line":111,"column":0},"end":{"line":111,"column":1}},"113":{"start":{"line":114,"column":0},"end":{"line":114,"column":25}},"114":{"start":{"line":115,"column":0},"end":{"line":115,"column":65}},"115":{"start":{"line":116,"column":0},"end":{"line":116,"column":87}},"116":{"start":{"line":117,"column":0},"end":{"line":117,"column":56}},"117":{"start":{"line":118,"column":0},"end":{"line":118,"column":60}},"119":{"start":{"line":120,"column":0},"end":{"line":120,"column":93}},"120":{"start":{"line":121,"column":0},"end":{"line":121,"column":74}},"121":{"start":{"line":122,"column":0},"end":{"line":122,"column":79}},"122":{"start":{"line":123,"column":0},"end":{"line":123,"column":92}},"123":{"start":{"line":124,"column":0},"end":{"line":124,"column":102}},"125":{"start":{"line":126,"column":0},"end":{"line":126,"column":99}},"126":{"start":{"line":127,"column":0},"end":{"line":127,"column":95}},"127":{"start":{"line":128,"column":0},"end":{"line":128,"column":97}},"128":{"start":{"line":129,"column":0},"end":{"line":129,"column":34}},"129":{"start":{"line":130,"column":0},"end":{"line":130,"column":87}},"131":{"start":{"line":132,"column":0},"end":{"line":132,"column":95}},"132":{"start":{"line":133,"column":0},"end":{"line":133,"column":2}},"195":{"start":{"line":196,"column":0},"end":{"line":196,"column":50}},"196":{"start":{"line":197,"column":0},"end":{"line":197,"column":43}},"197":{"start":{"line":198,"column":0},"end":{"line":198,"column":1}},"200":{"start":{"line":201,"column":0},"end":{"line":201,"column":27}},"201":{"start":{"line":202,"column":0},"end":{"line":202,"column":42}},"202":{"start":{"line":203,"column":0},"end":{"line":203,"column":114}},"203":{"start":{"line":204,"column":0},"end":{"line":204,"column":80}},"204":{"start":{"line":205,"column":0},"end":{"line":205,"column":63}},"205":{"start":{"line":206,"column":0},"end":{"line":206,"column":100}},"207":{"start":{"line":208,"column":0},"end":{"line":208,"column":58}},"208":{"start":{"line":209,"column":0},"end":{"line":209,"column":124}},"209":{"start":{"line":210,"column":0},"end":{"line":210,"column":121}},"210":{"start":{"line":211,"column":0},"end":{"line":211,"column":79}},"211":{"start":{"line":212,"column":0},"end":{"line":212,"column":91}},"213":{"start":{"line":214,"column":0},"end":{"line":214,"column":46}},"214":{"start":{"line":215,"column":0},"end":{"line":215,"column":130}},"215":{"start":{"line":216,"column":0},"end":{"line":216,"column":30}},"223":{"start":{"line":224,"column":0},"end":{"line":224,"column":75}},"224":{"start":{"line":225,"column":0},"end":{"line":225,"column":112}},"226":{"start":{"line":227,"column":0},"end":{"line":227,"column":43}},"227":{"start":{"line":228,"column":0},"end":{"line":228,"column":136}},"228":{"start":{"line":229,"column":0},"end":{"line":229,"column":83}},"229":{"start":{"line":230,"column":0},"end":{"line":230,"column":116}},"230":{"start":{"line":231,"column":0},"end":{"line":231,"column":61}},"231":{"start":{"line":232,"column":0},"end":{"line":232,"column":92}},"234":{"start":{"line":235,"column":0},"end":{"line":235,"column":35}},"235":{"start":{"line":236,"column":0},"end":{"line":236,"column":88}},"236":{"start":{"line":237,"column":0},"end":{"line":237,"column":2}},"276":{"start":{"line":277,"column":0},"end":{"line":277,"column":47}},"277":{"start":{"line":278,"column":0},"end":{"line":278,"column":34}},"278":{"start":{"line":279,"column":0},"end":{"line":279,"column":42}},"279":{"start":{"line":280,"column":0},"end":{"line":280,"column":54}},"280":{"start":{"line":281,"column":0},"end":{"line":281,"column":42}},"281":{"start":{"line":282,"column":0},"end":{"line":282,"column":25}},"282":{"start":{"line":283,"column":0},"end":{"line":283,"column":26}},"283":{"start":{"line":284,"column":0},"end":{"line":284,"column":1}},"286":{"start":{"line":287,"column":0},"end":{"line":287,"column":29}},"287":{"start":{"line":288,"column":0},"end":{"line":288,"column":22}},"288":{"start":{"line":289,"column":0},"end":{"line":289,"column":91}},"289":{"start":{"line":290,"column":0},"end":{"line":290,"column":76}},"290":{"start":{"line":291,"column":0},"end":{"line":291,"column":57}},"291":{"start":{"line":292,"column":0},"end":{"line":292,"column":82}},"292":{"start":{"line":293,"column":0},"end":{"line":293,"column":83}},"294":{"start":{"line":295,"column":0},"end":{"line":295,"column":93}},"295":{"start":{"line":296,"column":0},"end":{"line":296,"column":61}},"296":{"start":{"line":297,"column":0},"end":{"line":297,"column":49}},"297":{"start":{"line":298,"column":0},"end":{"line":298,"column":108}},"298":{"start":{"line":299,"column":0},"end":{"line":299,"column":79}},"299":{"start":{"line":300,"column":0},"end":{"line":300,"column":32}},"300":{"start":{"line":301,"column":0},"end":{"line":301,"column":98}},"302":{"start":{"line":303,"column":0},"end":{"line":303,"column":90}},"303":{"start":{"line":304,"column":0},"end":{"line":304,"column":92}},"304":{"start":{"line":305,"column":0},"end":{"line":305,"column":96}},"305":{"start":{"line":306,"column":0},"end":{"line":306,"column":54}},"306":{"start":{"line":307,"column":0},"end":{"line":307,"column":79}},"307":{"start":{"line":308,"column":0},"end":{"line":308,"column":2}},"331":{"start":{"line":332,"column":0},"end":{"line":332,"column":30}},"332":{"start":{"line":333,"column":0},"end":{"line":333,"column":41}},"333":{"start":{"line":334,"column":0},"end":{"line":334,"column":83}},"334":{"start":{"line":335,"column":0},"end":{"line":335,"column":55}},"335":{"start":{"line":336,"column":0},"end":{"line":336,"column":133}},"336":{"start":{"line":337,"column":0},"end":{"line":337,"column":2}},"392":{"start":{"line":393,"column":0},"end":{"line":393,"column":27}},"393":{"start":{"line":394,"column":0},"end":{"line":394,"column":24}},"394":{"start":{"line":395,"column":0},"end":{"line":395,"column":114}},"395":{"start":{"line":396,"column":0},"end":{"line":396,"column":53}},"396":{"start":{"line":397,"column":0},"end":{"line":397,"column":76}},"397":{"start":{"line":398,"column":0},"end":{"line":398,"column":65}},"398":{"start":{"line":399,"column":0},"end":{"line":399,"column":83}},"400":{"start":{"line":401,"column":0},"end":{"line":401,"column":54}},"401":{"start":{"line":402,"column":0},"end":{"line":402,"column":108}},"402":{"start":{"line":403,"column":0},"end":{"line":403,"column":80}},"403":{"start":{"line":404,"column":0},"end":{"line":404,"column":74}},"404":{"start":{"line":405,"column":0},"end":{"line":405,"column":2}},"442":{"start":{"line":443,"column":0},"end":{"line":443,"column":53}},"443":{"start":{"line":444,"column":0},"end":{"line":444,"column":43}},"444":{"start":{"line":445,"column":0},"end":{"line":445,"column":1}},"451":{"start":{"line":452,"column":0},"end":{"line":452,"column":25}},"452":{"start":{"line":453,"column":0},"end":{"line":453,"column":57}},"453":{"start":{"line":454,"column":0},"end":{"line":454,"column":97}},"454":{"start":{"line":455,"column":0},"end":{"line":455,"column":36}},"455":{"start":{"line":456,"column":0},"end":{"line":456,"column":82}},"456":{"start":{"line":457,"column":0},"end":{"line":457,"column":2}},"503":{"start":{"line":504,"column":0},"end":{"line":504,"column":41}},"504":{"start":{"line":505,"column":0},"end":{"line":505,"column":34}},"505":{"start":{"line":506,"column":0},"end":{"line":506,"column":24}},"506":{"start":{"line":507,"column":0},"end":{"line":507,"column":20}},"507":{"start":{"line":508,"column":0},"end":{"line":508,"column":63}},"508":{"start":{"line":509,"column":0},"end":{"line":509,"column":42}},"509":{"start":{"line":510,"column":0},"end":{"line":510,"column":34}},"510":{"start":{"line":511,"column":0},"end":{"line":511,"column":28}},"511":{"start":{"line":512,"column":0},"end":{"line":512,"column":1}},"518":{"start":{"line":519,"column":0},"end":{"line":519,"column":25}},"519":{"start":{"line":520,"column":0},"end":{"line":520,"column":53}},"520":{"start":{"line":521,"column":0},"end":{"line":521,"column":92}},"521":{"start":{"line":522,"column":0},"end":{"line":522,"column":2}},"648":{"start":{"line":649,"column":0},"end":{"line":649,"column":53}},"649":{"start":{"line":650,"column":0},"end":{"line":650,"column":34}},"650":{"start":{"line":651,"column":0},"end":{"line":651,"column":63}},"651":{"start":{"line":652,"column":0},"end":{"line":652,"column":42}},"652":{"start":{"line":653,"column":0},"end":{"line":653,"column":25}},"653":{"start":{"line":654,"column":0},"end":{"line":654,"column":26}},"654":{"start":{"line":655,"column":0},"end":{"line":655,"column":1}},"662":{"start":{"line":663,"column":0},"end":{"line":663,"column":26}},"663":{"start":{"line":664,"column":0},"end":{"line":664,"column":49}},"664":{"start":{"line":665,"column":0},"end":{"line":665,"column":82}},"665":{"start":{"line":666,"column":0},"end":{"line":666,"column":99}},"666":{"start":{"line":667,"column":0},"end":{"line":667,"column":113}},"667":{"start":{"line":668,"column":0},"end":{"line":668,"column":60}},"668":{"start":{"line":669,"column":0},"end":{"line":669,"column":81}},"669":{"start":{"line":670,"column":0},"end":{"line":670,"column":59}},"670":{"start":{"line":671,"column":0},"end":{"line":671,"column":92}},"671":{"start":{"line":672,"column":0},"end":{"line":672,"column":50}},"672":{"start":{"line":673,"column":0},"end":{"line":673,"column":83}},"673":{"start":{"line":674,"column":0},"end":{"line":674,"column":2}},"699":{"start":{"line":700,"column":0},"end":{"line":700,"column":67}},"700":{"start":{"line":701,"column":0},"end":{"line":701,"column":12}},"701":{"start":{"line":702,"column":0},"end":{"line":702,"column":17}},"702":{"start":{"line":703,"column":0},"end":{"line":703,"column":19}},"703":{"start":{"line":704,"column":0},"end":{"line":704,"column":16}},"704":{"start":{"line":705,"column":0},"end":{"line":705,"column":15}},"705":{"start":{"line":706,"column":0},"end":{"line":706,"column":12}},"706":{"start":{"line":707,"column":0},"end":{"line":707,"column":23}},"707":{"start":{"line":708,"column":0},"end":{"line":708,"column":17}},"708":{"start":{"line":709,"column":0},"end":{"line":709,"column":2}},"806":{"start":{"line":807,"column":0},"end":{"line":807,"column":28}},"808":{"start":{"line":809,"column":0},"end":{"line":809,"column":45}},"809":{"start":{"line":810,"column":0},"end":{"line":810,"column":98}},"810":{"start":{"line":811,"column":0},"end":{"line":811,"column":107}},"811":{"start":{"line":812,"column":0},"end":{"line":812,"column":114}},"812":{"start":{"line":813,"column":0},"end":{"line":813,"column":62}},"813":{"start":{"line":814,"column":0},"end":{"line":814,"column":100}},"814":{"start":{"line":815,"column":0},"end":{"line":815,"column":42}},"815":{"start":{"line":816,"column":0},"end":{"line":816,"column":81}},"816":{"start":{"line":817,"column":0},"end":{"line":817,"column":44}},"817":{"start":{"line":818,"column":0},"end":{"line":818,"column":83}},"818":{"start":{"line":819,"column":0},"end":{"line":819,"column":43}},"819":{"start":{"line":820,"column":0},"end":{"line":820,"column":88}},"820":{"start":{"line":821,"column":0},"end":{"line":821,"column":71}},"821":{"start":{"line":822,"column":0},"end":{"line":822,"column":99}},"824":{"start":{"line":825,"column":0},"end":{"line":825,"column":85}},"825":{"start":{"line":826,"column":0},"end":{"line":826,"column":113}},"826":{"start":{"line":827,"column":0},"end":{"line":827,"column":90}},"827":{"start":{"line":828,"column":0},"end":{"line":828,"column":69}},"830":{"start":{"line":831,"column":0},"end":{"line":831,"column":90}},"831":{"start":{"line":832,"column":0},"end":{"line":832,"column":91}},"832":{"start":{"line":833,"column":0},"end":{"line":833,"column":72}},"835":{"start":{"line":836,"column":0},"end":{"line":836,"column":114}},"836":{"start":{"line":837,"column":0},"end":{"line":837,"column":106}},"837":{"start":{"line":838,"column":0},"end":{"line":838,"column":71}},"838":{"start":{"line":839,"column":0},"end":{"line":839,"column":69}},"839":{"start":{"line":840,"column":0},"end":{"line":840,"column":38}},"840":{"start":{"line":841,"column":0},"end":{"line":841,"column":82}},"841":{"start":{"line":842,"column":0},"end":{"line":842,"column":40}},"842":{"start":{"line":843,"column":0},"end":{"line":843,"column":84}},"845":{"start":{"line":846,"column":0},"end":{"line":846,"column":74}},"846":{"start":{"line":847,"column":0},"end":{"line":847,"column":45}},"847":{"start":{"line":848,"column":0},"end":{"line":848,"column":72}},"848":{"start":{"line":849,"column":0},"end":{"line":849,"column":2}}},"s":{"58":1,"59":1,"60":22,"61":22,"62":22,"63":22,"64":22,"65":22,"66":22,"67":1,"70":1,"71":52,"72":52,"73":52,"75":1,"77":82,"78":82,"79":82,"80":82,"81":50,"82":50,"83":50,"84":82,"85":82,"86":82,"87":82,"88":82,"89":82,"90":82,"91":81,"92":82,"93":82,"94":2,"95":2,"96":2,"97":79,"98":79,"100":1,"101":1,"102":1,"103":1,"104":1,"105":1,"106":1,"107":1,"108":1,"109":1,"110":1,"113":1,"114":1,"115":2,"116":1,"117":1,"119":1,"120":1,"121":1,"122":1,"123":1,"125":1,"126":1,"127":1,"128":1,"129":1,"131":1,"132":1,"195":3,"196":3,"197":3,"200":1,"201":1,"202":1,"203":1,"204":1,"205":1,"207":1,"208":1,"209":1,"210":1,"211":1,"213":1,"214":1,"215":1,"223":1,"224":1,"226":1,"227":1,"228":1,"229":1,"230":1,"231":1,"234":1,"235":1,"236":1,"276":1,"277":1,"278":1,"279":1,"280":1,"281":1,"282":1,"283":1,"286":1,"287":1,"288":1,"289":1,"290":1,"291":1,"292":1,"294":1,"295":1,"296":1,"297":1,"298":1,"299":1,"300":1,"302":1,"303":1,"304":1,"305":1,"306":1,"307":1,"331":1,"332":1,"333":1,"334":1,"335":1,"336":1,"392":1,"393":1,"394":1,"395":1,"396":2,"397":1,"398":1,"400":1,"401":2,"402":1,"403":2,"404":1,"442":2,"443":2,"444":2,"451":1,"452":1,"453":2,"454":1,"455":1,"456":1,"503":2,"504":2,"505":2,"506":2,"507":2,"508":2,"509":2,"510":2,"511":2,"518":1,"519":1,"520":2,"521":1,"648":2,"649":2,"650":2,"651":2,"652":2,"653":2,"654":2,"662":1,"663":1,"664":2,"665":1,"666":1,"667":1,"668":1,"669":1,"670":1,"671":1,"672":1,"673":1,"699":1,"700":1,"701":1,"702":1,"703":1,"704":1,"705":1,"706":1,"707":1,"708":1,"806":1,"808":1,"809":2,"810":1,"811":1,"812":1,"813":1,"814":1,"815":1,"816":1,"817":1,"818":1,"819":1,"820":1,"821":1,"824":1,"825":1,"826":1,"827":1,"830":1,"831":1,"832":1,"835":1,"836":1,"837":1,"838":1,"839":1,"840":1,"841":1,"842":1,"845":1,"846":1,"847":1,"848":1},"branchMap":{"0":{"type":"branch","line":60,"loc":{"start":{"line":60,"column":2},"end":{"line":67,"column":3}},"locations":[{"start":{"line":60,"column":2},"end":{"line":67,"column":3}}]},"1":{"type":"branch","line":71,"loc":{"start":{"line":71,"column":7},"end":{"line":74,"column":1}},"locations":[{"start":{"line":71,"column":7},"end":{"line":74,"column":1}}]},"2":{"type":"branch","line":73,"loc":{"start":{"line":73,"column":9},"end":{"line":73,"column":68}},"locations":[{"start":{"line":73,"column":9},"end":{"line":73,"column":68}}]},"3":{"type":"branch","line":73,"loc":{"start":{"line":73,"column":64},"end":{"line":73,"column":78}},"locations":[{"start":{"line":73,"column":64},"end":{"line":73,"column":78}}]},"4":{"type":"branch","line":72,"loc":{"start":{"line":72,"column":49},"end":{"line":72,"column":80}},"locations":[{"start":{"line":72,"column":49},"end":{"line":72,"column":80}}]},"5":{"type":"branch","line":78,"loc":{"start":{"line":78,"column":0},"end":{"line":99,"column":1}},"locations":[{"start":{"line":78,"column":0},"end":{"line":99,"column":1}}]},"6":{"type":"branch","line":80,"loc":{"start":{"line":80,"column":26},"end":{"line":80,"column":71}},"locations":[{"start":{"line":80,"column":26},"end":{"line":80,"column":71}}]},"7":{"type":"branch","line":81,"loc":{"start":{"line":81,"column":28},"end":{"line":84,"column":3}},"locations":[{"start":{"line":81,"column":28},"end":{"line":84,"column":3}}]},"8":{"type":"branch","line":83,"loc":{"start":{"line":83,"column":14},"end":{"line":83,"column":45}},"locations":[{"start":{"line":83,"column":14},"end":{"line":83,"column":45}}]},"9":{"type":"branch","line":89,"loc":{"start":{"line":89,"column":19},"end":{"line":89,"column":43}},"locations":[{"start":{"line":89,"column":19},"end":{"line":89,"column":43}}]},"10":{"type":"branch","line":89,"loc":{"start":{"line":89,"column":31},"end":{"line":89,"column":64}},"locations":[{"start":{"line":89,"column":31},"end":{"line":89,"column":64}}]},"11":{"type":"branch","line":91,"loc":{"start":{"line":91,"column":26},"end":{"line":91,"column":48}},"locations":[{"start":{"line":91,"column":26},"end":{"line":91,"column":48}}]},"12":{"type":"branch","line":91,"loc":{"start":{"line":91,"column":33},"end":{"line":93,"column":54}},"locations":[{"start":{"line":91,"column":33},"end":{"line":93,"column":54}}]},"13":{"type":"branch","line":93,"loc":{"start":{"line":93,"column":38},"end":{"line":93,"column":64}},"locations":[{"start":{"line":93,"column":38},"end":{"line":93,"column":64}}]},"14":{"type":"branch","line":94,"loc":{"start":{"line":94,"column":15},"end":{"line":97,"column":3}},"locations":[{"start":{"line":94,"column":15},"end":{"line":97,"column":3}}]},"15":{"type":"branch","line":95,"loc":{"start":{"line":95,"column":15},"end":{"line":95,"column":66}},"locations":[{"start":{"line":95,"column":15},"end":{"line":95,"column":66}}]},"16":{"type":"branch","line":96,"loc":{"start":{"line":96,"column":37},"end":{"line":96,"column":54}},"locations":[{"start":{"line":96,"column":37},"end":{"line":96,"column":54}}]},"17":{"type":"branch","line":96,"loc":{"start":{"line":96,"column":56},"end":{"line":96,"column":81}},"locations":[{"start":{"line":96,"column":56},"end":{"line":96,"column":81}}]},"18":{"type":"branch","line":97,"loc":{"start":{"line":97,"column":2},"end":{"line":99,"column":1}},"locations":[{"start":{"line":97,"column":2},"end":{"line":99,"column":1}}]},"19":{"type":"branch","line":101,"loc":{"start":{"line":101,"column":0},"end":{"line":111,"column":1}},"locations":[{"start":{"line":101,"column":0},"end":{"line":111,"column":1}}]},"20":{"type":"branch","line":103,"loc":{"start":{"line":103,"column":18},"end":{"line":103,"column":44}},"locations":[{"start":{"line":103,"column":18},"end":{"line":103,"column":44}}]},"21":{"type":"branch","line":104,"loc":{"start":{"line":104,"column":16},"end":{"line":104,"column":38}},"locations":[{"start":{"line":104,"column":16},"end":{"line":104,"column":38}}]},"22":{"type":"branch","line":107,"loc":{"start":{"line":107,"column":20},"end":{"line":107,"column":50}},"locations":[{"start":{"line":107,"column":20},"end":{"line":107,"column":50}}]},"23":{"type":"branch","line":110,"loc":{"start":{"line":110,"column":18},"end":{"line":110,"column":26}},"locations":[{"start":{"line":110,"column":18},"end":{"line":110,"column":26}}]},"24":{"type":"branch","line":115,"loc":{"start":{"line":115,"column":9},"end":{"line":116,"column":87}},"locations":[{"start":{"line":115,"column":9},"end":{"line":116,"column":87}}]},"25":{"type":"branch","line":117,"loc":{"start":{"line":117,"column":6},"end":{"line":117,"column":56}},"locations":[{"start":{"line":117,"column":6},"end":{"line":117,"column":56}}]},"26":{"type":"branch","line":118,"loc":{"start":{"line":118,"column":10},"end":{"line":118,"column":60}},"locations":[{"start":{"line":118,"column":10},"end":{"line":118,"column":60}}]},"27":{"type":"branch","line":120,"loc":{"start":{"line":120,"column":13},"end":{"line":120,"column":93}},"locations":[{"start":{"line":120,"column":13},"end":{"line":120,"column":93}}]},"28":{"type":"branch","line":120,"loc":{"start":{"line":120,"column":77},"end":{"line":120,"column":91}},"locations":[{"start":{"line":120,"column":77},"end":{"line":120,"column":91}}]},"29":{"type":"branch","line":121,"loc":{"start":{"line":121,"column":14},"end":{"line":122,"column":79}},"locations":[{"start":{"line":121,"column":14},"end":{"line":122,"column":79}}]},"30":{"type":"branch","line":123,"loc":{"start":{"line":123,"column":14},"end":{"line":124,"column":102}},"locations":[{"start":{"line":123,"column":14},"end":{"line":124,"column":102}}]},"31":{"type":"branch","line":126,"loc":{"start":{"line":126,"column":15},"end":{"line":126,"column":99}},"locations":[{"start":{"line":126,"column":15},"end":{"line":126,"column":99}}]},"32":{"type":"branch","line":126,"loc":{"start":{"line":126,"column":84},"end":{"line":126,"column":97}},"locations":[{"start":{"line":126,"column":84},"end":{"line":126,"column":97}}]},"33":{"type":"branch","line":127,"loc":{"start":{"line":127,"column":16},"end":{"line":127,"column":95}},"locations":[{"start":{"line":127,"column":16},"end":{"line":127,"column":95}}]},"34":{"type":"branch","line":128,"loc":{"start":{"line":128,"column":16},"end":{"line":128,"column":97}},"locations":[{"start":{"line":128,"column":16},"end":{"line":128,"column":97}}]},"35":{"type":"branch","line":129,"loc":{"start":{"line":129,"column":16},"end":{"line":130,"column":87}},"locations":[{"start":{"line":129,"column":16},"end":{"line":130,"column":87}}]},"36":{"type":"branch","line":132,"loc":{"start":{"line":132,"column":13},"end":{"line":132,"column":95}},"locations":[{"start":{"line":132,"column":13},"end":{"line":132,"column":95}}]},"37":{"type":"branch","line":196,"loc":{"start":{"line":196,"column":0},"end":{"line":198,"column":1}},"locations":[{"start":{"line":196,"column":0},"end":{"line":198,"column":1}}]},"38":{"type":"branch","line":197,"loc":{"start":{"line":197,"column":9},"end":{"line":197,"column":40}},"locations":[{"start":{"line":197,"column":9},"end":{"line":197,"column":40}}]},"39":{"type":"branch","line":197,"loc":{"start":{"line":197,"column":35},"end":{"line":197,"column":43}},"locations":[{"start":{"line":197,"column":35},"end":{"line":197,"column":43}}]},"40":{"type":"branch","line":202,"loc":{"start":{"line":202,"column":16},"end":{"line":203,"column":114}},"locations":[{"start":{"line":202,"column":16},"end":{"line":203,"column":114}}]},"41":{"type":"branch","line":203,"loc":{"start":{"line":203,"column":95},"end":{"line":203,"column":112}},"locations":[{"start":{"line":203,"column":95},"end":{"line":203,"column":112}}]},"42":{"type":"branch","line":204,"loc":{"start":{"line":204,"column":17},"end":{"line":205,"column":63}},"locations":[{"start":{"line":204,"column":17},"end":{"line":205,"column":63}}]},"43":{"type":"branch","line":206,"loc":{"start":{"line":206,"column":18},"end":{"line":206,"column":100}},"locations":[{"start":{"line":206,"column":18},"end":{"line":206,"column":100}}]},"44":{"type":"branch","line":208,"loc":{"start":{"line":208,"column":13},"end":{"line":209,"column":124}},"locations":[{"start":{"line":208,"column":13},"end":{"line":209,"column":124}}]},"45":{"type":"branch","line":209,"loc":{"start":{"line":209,"column":108},"end":{"line":209,"column":122}},"locations":[{"start":{"line":209,"column":108},"end":{"line":209,"column":122}}]},"46":{"type":"branch","line":210,"loc":{"start":{"line":210,"column":14},"end":{"line":211,"column":79}},"locations":[{"start":{"line":210,"column":14},"end":{"line":211,"column":79}}]},"47":{"type":"branch","line":212,"loc":{"start":{"line":212,"column":15},"end":{"line":212,"column":91}},"locations":[{"start":{"line":212,"column":15},"end":{"line":212,"column":91}}]},"48":{"type":"branch","line":214,"loc":{"start":{"line":214,"column":20},"end":{"line":215,"column":130}},"locations":[{"start":{"line":214,"column":20},"end":{"line":215,"column":130}}]},"49":{"type":"branch","line":215,"loc":{"start":{"line":215,"column":107},"end":{"line":215,"column":128}},"locations":[{"start":{"line":215,"column":107},"end":{"line":215,"column":128}}]},"50":{"type":"branch","line":216,"loc":{"start":{"line":216,"column":21},"end":{"line":224,"column":75}},"locations":[{"start":{"line":216,"column":21},"end":{"line":224,"column":75}}]},"51":{"type":"branch","line":225,"loc":{"start":{"line":225,"column":22},"end":{"line":225,"column":112}},"locations":[{"start":{"line":225,"column":22},"end":{"line":225,"column":112}}]},"52":{"type":"branch","line":227,"loc":{"start":{"line":227,"column":24},"end":{"line":228,"column":136}},"locations":[{"start":{"line":227,"column":24},"end":{"line":228,"column":136}}]},"53":{"type":"branch","line":228,"loc":{"start":{"line":228,"column":113},"end":{"line":228,"column":134}},"locations":[{"start":{"line":228,"column":113},"end":{"line":228,"column":134}}]},"54":{"type":"branch","line":229,"loc":{"start":{"line":229,"column":16},"end":{"line":230,"column":116}},"locations":[{"start":{"line":229,"column":16},"end":{"line":230,"column":116}}]},"55":{"type":"branch","line":231,"loc":{"start":{"line":231,"column":19},"end":{"line":232,"column":92}},"locations":[{"start":{"line":231,"column":19},"end":{"line":232,"column":92}}]},"56":{"type":"branch","line":235,"loc":{"start":{"line":235,"column":16},"end":{"line":236,"column":88}},"locations":[{"start":{"line":235,"column":16},"end":{"line":236,"column":88}}]},"57":{"type":"branch","line":277,"loc":{"start":{"line":277,"column":0},"end":{"line":284,"column":1}},"locations":[{"start":{"line":277,"column":0},"end":{"line":284,"column":1}}]},"58":{"type":"branch","line":283,"loc":{"start":{"line":283,"column":18},"end":{"line":283,"column":26}},"locations":[{"start":{"line":283,"column":18},"end":{"line":283,"column":26}}]},"59":{"type":"branch","line":288,"loc":{"start":{"line":288,"column":17},"end":{"line":289,"column":91}},"locations":[{"start":{"line":288,"column":17},"end":{"line":289,"column":91}}]},"60":{"type":"branch","line":289,"loc":{"start":{"line":289,"column":71},"end":{"line":289,"column":89}},"locations":[{"start":{"line":289,"column":71},"end":{"line":289,"column":89}}]},"61":{"type":"branch","line":290,"loc":{"start":{"line":290,"column":18},"end":{"line":291,"column":57}},"locations":[{"start":{"line":290,"column":18},"end":{"line":291,"column":57}}]},"62":{"type":"branch","line":292,"loc":{"start":{"line":292,"column":15},"end":{"line":292,"column":82}},"locations":[{"start":{"line":292,"column":15},"end":{"line":292,"column":82}}]},"63":{"type":"branch","line":293,"loc":{"start":{"line":293,"column":17},"end":{"line":293,"column":83}},"locations":[{"start":{"line":293,"column":17},"end":{"line":293,"column":83}}]},"64":{"type":"branch","line":295,"loc":{"start":{"line":295,"column":16},"end":{"line":296,"column":61}},"locations":[{"start":{"line":295,"column":16},"end":{"line":296,"column":61}}]},"65":{"type":"branch","line":297,"loc":{"start":{"line":297,"column":16},"end":{"line":298,"column":108}},"locations":[{"start":{"line":297,"column":16},"end":{"line":298,"column":108}}]},"66":{"type":"branch","line":298,"loc":{"start":{"line":298,"column":89},"end":{"line":298,"column":106}},"locations":[{"start":{"line":298,"column":89},"end":{"line":298,"column":106}}]},"67":{"type":"branch","line":299,"loc":{"start":{"line":299,"column":14},"end":{"line":299,"column":79}},"locations":[{"start":{"line":299,"column":14},"end":{"line":299,"column":79}}]},"68":{"type":"branch","line":300,"loc":{"start":{"line":300,"column":17},"end":{"line":301,"column":98}},"locations":[{"start":{"line":300,"column":17},"end":{"line":301,"column":98}}]},"69":{"type":"branch","line":301,"loc":{"start":{"line":301,"column":77},"end":{"line":301,"column":96}},"locations":[{"start":{"line":301,"column":77},"end":{"line":301,"column":96}}]},"70":{"type":"branch","line":303,"loc":{"start":{"line":303,"column":17},"end":{"line":303,"column":90}},"locations":[{"start":{"line":303,"column":17},"end":{"line":303,"column":90}}]},"71":{"type":"branch","line":304,"loc":{"start":{"line":304,"column":18},"end":{"line":304,"column":92}},"locations":[{"start":{"line":304,"column":18},"end":{"line":304,"column":92}}]},"72":{"type":"branch","line":305,"loc":{"start":{"line":305,"column":20},"end":{"line":305,"column":96}},"locations":[{"start":{"line":305,"column":20},"end":{"line":305,"column":96}}]},"73":{"type":"branch","line":306,"loc":{"start":{"line":306,"column":19},"end":{"line":307,"column":79}},"locations":[{"start":{"line":306,"column":19},"end":{"line":307,"column":79}}]},"74":{"type":"branch","line":333,"loc":{"start":{"line":333,"column":19},"end":{"line":334,"column":83}},"locations":[{"start":{"line":333,"column":19},"end":{"line":334,"column":83}}]},"75":{"type":"branch","line":335,"loc":{"start":{"line":335,"column":11},"end":{"line":336,"column":133}},"locations":[{"start":{"line":335,"column":11},"end":{"line":336,"column":133}}]},"76":{"type":"branch","line":394,"loc":{"start":{"line":394,"column":19},"end":{"line":395,"column":114}},"locations":[{"start":{"line":394,"column":19},"end":{"line":395,"column":114}}]},"77":{"type":"branch","line":395,"loc":{"start":{"line":395,"column":92},"end":{"line":395,"column":112}},"locations":[{"start":{"line":395,"column":92},"end":{"line":395,"column":112}}]},"78":{"type":"branch","line":396,"loc":{"start":{"line":396,"column":20},"end":{"line":397,"column":76}},"locations":[{"start":{"line":396,"column":20},"end":{"line":397,"column":76}}]},"79":{"type":"branch","line":398,"loc":{"start":{"line":398,"column":20},"end":{"line":399,"column":83}},"locations":[{"start":{"line":398,"column":20},"end":{"line":399,"column":83}}]},"80":{"type":"branch","line":401,"loc":{"start":{"line":401,"column":16},"end":{"line":402,"column":108}},"locations":[{"start":{"line":401,"column":16},"end":{"line":402,"column":108}}]},"81":{"type":"branch","line":403,"loc":{"start":{"line":403,"column":13},"end":{"line":404,"column":74}},"locations":[{"start":{"line":403,"column":13},"end":{"line":404,"column":74}}]},"82":{"type":"branch","line":443,"loc":{"start":{"line":443,"column":0},"end":{"line":445,"column":1}},"locations":[{"start":{"line":443,"column":0},"end":{"line":445,"column":1}}]},"83":{"type":"branch","line":444,"loc":{"start":{"line":444,"column":9},"end":{"line":444,"column":40}},"locations":[{"start":{"line":444,"column":9},"end":{"line":444,"column":40}}]},"84":{"type":"branch","line":444,"loc":{"start":{"line":444,"column":35},"end":{"line":444,"column":43}},"locations":[{"start":{"line":444,"column":35},"end":{"line":444,"column":43}}]},"85":{"type":"branch","line":453,"loc":{"start":{"line":453,"column":14},"end":{"line":454,"column":97}},"locations":[{"start":{"line":453,"column":14},"end":{"line":454,"column":97}}]},"86":{"type":"branch","line":455,"loc":{"start":{"line":455,"column":16},"end":{"line":456,"column":82}},"locations":[{"start":{"line":455,"column":16},"end":{"line":456,"column":82}}]},"87":{"type":"branch","line":504,"loc":{"start":{"line":504,"column":0},"end":{"line":512,"column":1}},"locations":[{"start":{"line":504,"column":0},"end":{"line":512,"column":1}}]},"88":{"type":"branch","line":508,"loc":{"start":{"line":508,"column":23},"end":{"line":508,"column":63}},"locations":[{"start":{"line":508,"column":23},"end":{"line":508,"column":63}}]},"89":{"type":"branch","line":509,"loc":{"start":{"line":509,"column":16},"end":{"line":509,"column":42}},"locations":[{"start":{"line":509,"column":16},"end":{"line":509,"column":42}}]},"90":{"type":"branch","line":510,"loc":{"start":{"line":510,"column":13},"end":{"line":510,"column":34}},"locations":[{"start":{"line":510,"column":13},"end":{"line":510,"column":34}}]},"91":{"type":"branch","line":520,"loc":{"start":{"line":520,"column":12},"end":{"line":521,"column":92}},"locations":[{"start":{"line":520,"column":12},"end":{"line":521,"column":92}}]},"92":{"type":"branch","line":649,"loc":{"start":{"line":649,"column":0},"end":{"line":655,"column":1}},"locations":[{"start":{"line":649,"column":0},"end":{"line":655,"column":1}}]},"93":{"type":"branch","line":651,"loc":{"start":{"line":651,"column":23},"end":{"line":651,"column":63}},"locations":[{"start":{"line":651,"column":23},"end":{"line":651,"column":63}}]},"94":{"type":"branch","line":652,"loc":{"start":{"line":652,"column":16},"end":{"line":652,"column":42}},"locations":[{"start":{"line":652,"column":16},"end":{"line":652,"column":42}}]},"95":{"type":"branch","line":654,"loc":{"start":{"line":654,"column":9},"end":{"line":654,"column":23}},"locations":[{"start":{"line":654,"column":9},"end":{"line":654,"column":23}}]},"96":{"type":"branch","line":654,"loc":{"start":{"line":654,"column":18},"end":{"line":654,"column":26}},"locations":[{"start":{"line":654,"column":18},"end":{"line":654,"column":26}}]},"97":{"type":"branch","line":664,"loc":{"start":{"line":664,"column":13},"end":{"line":665,"column":82}},"locations":[{"start":{"line":664,"column":13},"end":{"line":665,"column":82}}]},"98":{"type":"branch","line":666,"loc":{"start":{"line":666,"column":11},"end":{"line":666,"column":99}},"locations":[{"start":{"line":666,"column":11},"end":{"line":666,"column":99}}]},"99":{"type":"branch","line":667,"loc":{"start":{"line":667,"column":14},"end":{"line":667,"column":113}},"locations":[{"start":{"line":667,"column":14},"end":{"line":667,"column":113}}]},"100":{"type":"branch","line":668,"loc":{"start":{"line":668,"column":12},"end":{"line":669,"column":81}},"locations":[{"start":{"line":668,"column":12},"end":{"line":669,"column":81}}]},"101":{"type":"branch","line":670,"loc":{"start":{"line":670,"column":13},"end":{"line":671,"column":92}},"locations":[{"start":{"line":670,"column":13},"end":{"line":671,"column":92}}]},"102":{"type":"branch","line":672,"loc":{"start":{"line":672,"column":10},"end":{"line":673,"column":83}},"locations":[{"start":{"line":672,"column":10},"end":{"line":673,"column":83}}]},"103":{"type":"branch","line":809,"loc":{"start":{"line":809,"column":17},"end":{"line":810,"column":98}},"locations":[{"start":{"line":809,"column":17},"end":{"line":810,"column":98}}]},"104":{"type":"branch","line":810,"loc":{"start":{"line":810,"column":61},"end":{"line":810,"column":92}},"locations":[{"start":{"line":810,"column":61},"end":{"line":810,"column":92}}]},"105":{"type":"branch","line":810,"loc":{"start":{"line":810,"column":87},"end":{"line":810,"column":94}},"locations":[{"start":{"line":810,"column":87},"end":{"line":810,"column":94}}]},"106":{"type":"branch","line":811,"loc":{"start":{"line":811,"column":15},"end":{"line":811,"column":107}},"locations":[{"start":{"line":811,"column":15},"end":{"line":811,"column":107}}]},"107":{"type":"branch","line":812,"loc":{"start":{"line":812,"column":19},"end":{"line":812,"column":114}},"locations":[{"start":{"line":812,"column":19},"end":{"line":812,"column":114}}]},"108":{"type":"branch","line":813,"loc":{"start":{"line":813,"column":15},"end":{"line":814,"column":100}},"locations":[{"start":{"line":813,"column":15},"end":{"line":814,"column":100}}]},"109":{"type":"branch","line":815,"loc":{"start":{"line":815,"column":19},"end":{"line":816,"column":81}},"locations":[{"start":{"line":815,"column":19},"end":{"line":816,"column":81}}]},"110":{"type":"branch","line":817,"loc":{"start":{"line":817,"column":21},"end":{"line":818,"column":83}},"locations":[{"start":{"line":817,"column":21},"end":{"line":818,"column":83}}]},"111":{"type":"branch","line":819,"loc":{"start":{"line":819,"column":20},"end":{"line":820,"column":88}},"locations":[{"start":{"line":819,"column":20},"end":{"line":820,"column":88}}]},"112":{"type":"branch","line":821,"loc":{"start":{"line":821,"column":17},"end":{"line":822,"column":99}},"locations":[{"start":{"line":821,"column":17},"end":{"line":822,"column":99}}]},"113":{"type":"branch","line":825,"loc":{"start":{"line":825,"column":18},"end":{"line":825,"column":85}},"locations":[{"start":{"line":825,"column":18},"end":{"line":825,"column":85}}]},"114":{"type":"branch","line":826,"loc":{"start":{"line":826,"column":16},"end":{"line":826,"column":113}},"locations":[{"start":{"line":826,"column":16},"end":{"line":826,"column":113}}]},"115":{"type":"branch","line":827,"loc":{"start":{"line":827,"column":22},"end":{"line":828,"column":69}},"locations":[{"start":{"line":827,"column":22},"end":{"line":828,"column":69}}]},"116":{"type":"branch","line":831,"loc":{"start":{"line":831,"column":23},"end":{"line":831,"column":90}},"locations":[{"start":{"line":831,"column":23},"end":{"line":831,"column":90}}]},"117":{"type":"branch","line":832,"loc":{"start":{"line":832,"column":23},"end":{"line":833,"column":72}},"locations":[{"start":{"line":832,"column":23},"end":{"line":833,"column":72}}]},"118":{"type":"branch","line":836,"loc":{"start":{"line":836,"column":15},"end":{"line":836,"column":114}},"locations":[{"start":{"line":836,"column":15},"end":{"line":836,"column":114}}]},"119":{"type":"branch","line":837,"loc":{"start":{"line":837,"column":13},"end":{"line":837,"column":106}},"locations":[{"start":{"line":837,"column":13},"end":{"line":837,"column":106}}]},"120":{"type":"branch","line":838,"loc":{"start":{"line":838,"column":18},"end":{"line":839,"column":69}},"locations":[{"start":{"line":838,"column":18},"end":{"line":839,"column":69}}]},"121":{"type":"branch","line":840,"loc":{"start":{"line":840,"column":16},"end":{"line":841,"column":82}},"locations":[{"start":{"line":840,"column":16},"end":{"line":841,"column":82}}]},"122":{"type":"branch","line":842,"loc":{"start":{"line":842,"column":18},"end":{"line":843,"column":84}},"locations":[{"start":{"line":842,"column":18},"end":{"line":843,"column":84}}]},"123":{"type":"branch","line":846,"loc":{"start":{"line":846,"column":15},"end":{"line":846,"column":74}},"locations":[{"start":{"line":846,"column":15},"end":{"line":846,"column":74}}]},"124":{"type":"branch","line":847,"loc":{"start":{"line":847,"column":15},"end":{"line":848,"column":72}},"locations":[{"start":{"line":847,"column":15},"end":{"line":848,"column":72}}]}},"b":{"0":[22],"1":[52],"2":[50],"3":[2],"4":[52],"5":[82],"6":[31],"7":[50],"8":[49],"9":[51],"10":[31],"11":[1],"12":[81],"13":[0],"14":[2],"15":[0],"16":[0],"17":[0],"18":[79],"19":[1],"20":[0],"21":[0],"22":[0],"23":[0],"24":[2],"25":[1],"26":[2],"27":[1],"28":[1],"29":[1],"30":[1],"31":[1],"32":[1],"33":[1],"34":[1],"35":[1],"36":[1],"37":[3],"38":[2],"39":[1],"40":[1],"41":[1],"42":[1],"43":[1],"44":[1],"45":[1],"46":[1],"47":[1],"48":[1],"49":[1],"50":[1],"51":[1],"52":[1],"53":[1],"54":[1],"55":[1],"56":[1],"57":[1],"58":[0],"59":[1],"60":[1],"61":[1],"62":[1],"63":[1],"64":[1],"65":[1],"66":[1],"67":[1],"68":[1],"69":[1],"70":[1],"71":[1],"72":[1],"73":[1],"74":[1],"75":[1],"76":[1],"77":[1],"78":[2],"79":[1],"80":[2],"81":[2],"82":[2],"83":[1],"84":[1],"85":[2],"86":[1],"87":[2],"88":[1],"89":[1],"90":[1],"91":[2],"92":[2],"93":[1],"94":[1],"95":[1],"96":[1],"97":[2],"98":[1],"99":[1],"100":[1],"101":[1],"102":[1],"103":[2],"104":[1],"105":[1],"106":[1],"107":[2],"108":[1],"109":[1],"110":[1],"111":[1],"112":[1],"113":[1],"114":[1],"115":[1],"116":[1],"117":[1],"118":[1],"119":[1],"120":[1],"121":[1],"122":[1],"123":[1],"124":[1]},"fnMap":{"0":{"name":"ApiError","decl":{"start":{"line":60,"column":2},"end":{"line":67,"column":3}},"loc":{"start":{"line":60,"column":2},"end":{"line":67,"column":3}},"line":60},"1":{"name":"readCookie","decl":{"start":{"line":71,"column":7},"end":{"line":74,"column":1}},"loc":{"start":{"line":71,"column":7},"end":{"line":74,"column":1}},"line":71},"2":{"name":"request","decl":{"start":{"line":78,"column":0},"end":{"line":99,"column":1}},"loc":{"start":{"line":78,"column":0},"end":{"line":99,"column":1}},"line":78},"3":{"name":"qs","decl":{"start":{"line":101,"column":0},"end":{"line":111,"column":1}},"loc":{"start":{"line":101,"column":0},"end":{"line":111,"column":1}},"line":101},"4":{"name":"login","decl":{"start":{"line":115,"column":9},"end":{"line":116,"column":87}},"loc":{"start":{"line":115,"column":9},"end":{"line":116,"column":87}},"line":115},"5":{"name":"me","decl":{"start":{"line":117,"column":6},"end":{"line":117,"column":56}},"loc":{"start":{"line":117,"column":6},"end":{"line":117,"column":56}},"line":117},"6":{"name":"logout","decl":{"start":{"line":118,"column":10},"end":{"line":118,"column":60}},"loc":{"start":{"line":118,"column":10},"end":{"line":118,"column":60}},"line":118},"7":{"name":"listUsers","decl":{"start":{"line":120,"column":13},"end":{"line":120,"column":93}},"loc":{"start":{"line":120,"column":13},"end":{"line":120,"column":93}},"line":120},"8":{"name":"createUser","decl":{"start":{"line":121,"column":14},"end":{"line":122,"column":79}},"loc":{"start":{"line":121,"column":14},"end":{"line":122,"column":79}},"line":121},"9":{"name":"updateUser","decl":{"start":{"line":123,"column":14},"end":{"line":124,"column":102}},"loc":{"start":{"line":123,"column":14},"end":{"line":124,"column":102}},"line":123},"10":{"name":"listApiKeys","decl":{"start":{"line":126,"column":15},"end":{"line":126,"column":99}},"loc":{"start":{"line":126,"column":15},"end":{"line":126,"column":99}},"line":126},"11":{"name":"createApiKey","decl":{"start":{"line":127,"column":16},"end":{"line":127,"column":95}},"loc":{"start":{"line":127,"column":16},"end":{"line":127,"column":95}},"line":127},"12":{"name":"rotateApiKey","decl":{"start":{"line":128,"column":16},"end":{"line":128,"column":97}},"loc":{"start":{"line":128,"column":16},"end":{"line":128,"column":97}},"line":128},"13":{"name":"revokeApiKey","decl":{"start":{"line":129,"column":16},"end":{"line":130,"column":87}},"loc":{"start":{"line":129,"column":16},"end":{"line":130,"column":87}},"line":129},"14":{"name":"listAudit","decl":{"start":{"line":132,"column":13},"end":{"line":132,"column":95}},"loc":{"start":{"line":132,"column":13},"end":{"line":132,"column":95}},"line":132},"15":{"name":"statusQs","decl":{"start":{"line":196,"column":0},"end":{"line":198,"column":1}},"loc":{"start":{"line":196,"column":0},"end":{"line":198,"column":1}},"line":196},"16":{"name":"listProducts","decl":{"start":{"line":202,"column":16},"end":{"line":203,"column":114}},"loc":{"start":{"line":202,"column":16},"end":{"line":203,"column":114}},"line":202},"17":{"name":"createProduct","decl":{"start":{"line":204,"column":17},"end":{"line":205,"column":63}},"loc":{"start":{"line":204,"column":17},"end":{"line":205,"column":63}},"line":204},"18":{"name":"archiveProduct","decl":{"start":{"line":206,"column":18},"end":{"line":206,"column":100}},"loc":{"start":{"line":206,"column":18},"end":{"line":206,"column":100}},"line":206},"19":{"name":"listPlans","decl":{"start":{"line":208,"column":13},"end":{"line":209,"column":124}},"loc":{"start":{"line":208,"column":13},"end":{"line":209,"column":124}},"line":208},"20":{"name":"createPlan","decl":{"start":{"line":210,"column":14},"end":{"line":211,"column":79}},"loc":{"start":{"line":210,"column":14},"end":{"line":211,"column":79}},"line":210},"21":{"name":"archivePlan","decl":{"start":{"line":212,"column":15},"end":{"line":212,"column":91}},"loc":{"start":{"line":212,"column":15},"end":{"line":212,"column":91}},"line":212},"22":{"name":"listEntitlements","decl":{"start":{"line":214,"column":20},"end":{"line":215,"column":130}},"loc":{"start":{"line":214,"column":20},"end":{"line":215,"column":130}},"line":214},"23":{"name":"createEntitlement","decl":{"start":{"line":216,"column":21},"end":{"line":224,"column":75}},"loc":{"start":{"line":216,"column":21},"end":{"line":224,"column":75}},"line":216},"24":{"name":"archiveEntitlement","decl":{"start":{"line":225,"column":22},"end":{"line":225,"column":112}},"loc":{"start":{"line":225,"column":22},"end":{"line":225,"column":112}},"line":225},"25":{"name":"listPlanEntitlements","decl":{"start":{"line":227,"column":24},"end":{"line":228,"column":136}},"loc":{"start":{"line":227,"column":24},"end":{"line":228,"column":136}},"line":227},"26":{"name":"setPlanValue","decl":{"start":{"line":229,"column":16},"end":{"line":230,"column":116}},"loc":{"start":{"line":229,"column":16},"end":{"line":230,"column":116}},"line":229},"27":{"name":"removePlanValue","decl":{"start":{"line":231,"column":19},"end":{"line":232,"column":92}},"loc":{"start":{"line":231,"column":19},"end":{"line":232,"column":92}},"line":231},"28":{"name":"getEffective","decl":{"start":{"line":235,"column":16},"end":{"line":236,"column":88}},"loc":{"start":{"line":235,"column":16},"end":{"line":236,"column":88}},"line":235},"29":{"name":"licenseQs","decl":{"start":{"line":277,"column":0},"end":{"line":284,"column":1}},"loc":{"start":{"line":277,"column":0},"end":{"line":284,"column":1}},"line":277},"30":{"name":"listCustomers","decl":{"start":{"line":288,"column":17},"end":{"line":289,"column":91}},"loc":{"start":{"line":288,"column":17},"end":{"line":289,"column":91}},"line":288},"31":{"name":"createCustomer","decl":{"start":{"line":290,"column":18},"end":{"line":291,"column":57}},"loc":{"start":{"line":290,"column":18},"end":{"line":291,"column":57}},"line":290},"32":{"name":"getCustomer","decl":{"start":{"line":292,"column":15},"end":{"line":292,"column":82}},"loc":{"start":{"line":292,"column":15},"end":{"line":292,"column":82}},"line":292},"33":{"name":"eraseCustomer","decl":{"start":{"line":293,"column":17},"end":{"line":293,"column":83}},"loc":{"start":{"line":293,"column":17},"end":{"line":293,"column":83}},"line":293},"34":{"name":"issueLicense","decl":{"start":{"line":295,"column":16},"end":{"line":296,"column":61}},"loc":{"start":{"line":295,"column":16},"end":{"line":296,"column":61}},"line":295},"35":{"name":"listLicenses","decl":{"start":{"line":297,"column":16},"end":{"line":298,"column":108}},"loc":{"start":{"line":297,"column":16},"end":{"line":298,"column":108}},"line":297},"36":{"name":"getLicense","decl":{"start":{"line":299,"column":14},"end":{"line":299,"column":79}},"loc":{"start":{"line":299,"column":14},"end":{"line":299,"column":79}},"line":299},"37":{"name":"getLicenseKey","decl":{"start":{"line":300,"column":17},"end":{"line":301,"column":98}},"loc":{"start":{"line":300,"column":17},"end":{"line":301,"column":98}},"line":300},"38":{"name":"revokeLicense","decl":{"start":{"line":303,"column":17},"end":{"line":303,"column":90}},"loc":{"start":{"line":303,"column":17},"end":{"line":303,"column":90}},"line":303},"39":{"name":"suspendLicense","decl":{"start":{"line":304,"column":18},"end":{"line":304,"column":92}},"loc":{"start":{"line":304,"column":18},"end":{"line":304,"column":92}},"line":304},"40":{"name":"reinstateLicense","decl":{"start":{"line":305,"column":20},"end":{"line":305,"column":96}},"loc":{"start":{"line":305,"column":20},"end":{"line":305,"column":96}},"line":305},"41":{"name":"transferLicense","decl":{"start":{"line":306,"column":19},"end":{"line":307,"column":79}},"loc":{"start":{"line":306,"column":19},"end":{"line":307,"column":79}},"line":306},"42":{"name":"listActivations","decl":{"start":{"line":333,"column":19},"end":{"line":334,"column":83}},"loc":{"start":{"line":333,"column":19},"end":{"line":334,"column":83}},"line":333},"43":{"name":"reclaim","decl":{"start":{"line":335,"column":11},"end":{"line":336,"column":133}},"loc":{"start":{"line":335,"column":11},"end":{"line":336,"column":133}},"line":335},"44":{"name":"listConnections","decl":{"start":{"line":394,"column":19},"end":{"line":395,"column":114}},"loc":{"start":{"line":394,"column":19},"end":{"line":395,"column":114}},"line":394},"45":{"name":"createConnection","decl":{"start":{"line":396,"column":20},"end":{"line":397,"column":76}},"loc":{"start":{"line":396,"column":20},"end":{"line":397,"column":76}},"line":396},"46":{"name":"updateConnection","decl":{"start":{"line":398,"column":20},"end":{"line":399,"column":83}},"loc":{"start":{"line":398,"column":20},"end":{"line":399,"column":83}},"line":398},"47":{"name":"rotateSecret","decl":{"start":{"line":401,"column":16},"end":{"line":402,"column":108}},"loc":{"start":{"line":401,"column":16},"end":{"line":402,"column":108}},"line":401},"48":{"name":"reconcile","decl":{"start":{"line":403,"column":13},"end":{"line":404,"column":74}},"loc":{"start":{"line":403,"column":13},"end":{"line":404,"column":74}},"line":403},"49":{"name":"leaseStatusQs","decl":{"start":{"line":443,"column":0},"end":{"line":445,"column":1}},"loc":{"start":{"line":443,"column":0},"end":{"line":445,"column":1}},"line":443},"50":{"name":"listLeases","decl":{"start":{"line":453,"column":14},"end":{"line":454,"column":97}},"loc":{"start":{"line":453,"column":14},"end":{"line":454,"column":97}},"line":453},"51":{"name":"forceRelease","decl":{"start":{"line":455,"column":16},"end":{"line":456,"column":82}},"loc":{"start":{"line":455,"column":16},"end":{"line":456,"column":82}},"line":455},"52":{"name":"usageQs","decl":{"start":{"line":504,"column":0},"end":{"line":512,"column":1}},"loc":{"start":{"line":504,"column":0},"end":{"line":512,"column":1}},"line":504},"53":{"name":"getUsage","decl":{"start":{"line":520,"column":12},"end":{"line":521,"column":92}},"loc":{"start":{"line":520,"column":12},"end":{"line":521,"column":92}},"line":520},"54":{"name":"policyListQs","decl":{"start":{"line":649,"column":0},"end":{"line":655,"column":1}},"loc":{"start":{"line":649,"column":0},"end":{"line":655,"column":1}},"line":649},"55":{"name":"listRules","decl":{"start":{"line":664,"column":13},"end":{"line":665,"column":82}},"loc":{"start":{"line":664,"column":13},"end":{"line":665,"column":82}},"line":664},"56":{"name":"getRule","decl":{"start":{"line":666,"column":11},"end":{"line":666,"column":99}},"loc":{"start":{"line":666,"column":11},"end":{"line":666,"column":99}},"line":666},"57":{"name":"createRule","decl":{"start":{"line":667,"column":14},"end":{"line":667,"column":113}},"loc":{"start":{"line":667,"column":14},"end":{"line":667,"column":113}},"line":667},"58":{"name":"editRule","decl":{"start":{"line":668,"column":12},"end":{"line":669,"column":81}},"loc":{"start":{"line":668,"column":12},"end":{"line":669,"column":81}},"line":668},"59":{"name":"setStatus","decl":{"start":{"line":670,"column":13},"end":{"line":671,"column":92}},"loc":{"start":{"line":670,"column":13},"end":{"line":671,"column":92}},"line":670},"60":{"name":"dryRun","decl":{"start":{"line":672,"column":10},"end":{"line":673,"column":83}},"loc":{"start":{"line":672,"column":10},"end":{"line":673,"column":83}},"line":672},"61":{"name":"listResellers","decl":{"start":{"line":809,"column":17},"end":{"line":810,"column":98}},"loc":{"start":{"line":809,"column":17},"end":{"line":810,"column":98}},"line":809},"62":{"name":"getReseller","decl":{"start":{"line":811,"column":15},"end":{"line":811,"column":107}},"loc":{"start":{"line":811,"column":15},"end":{"line":811,"column":107}},"line":811},"63":{"name":"onboardReseller","decl":{"start":{"line":812,"column":19},"end":{"line":812,"column":114}},"loc":{"start":{"line":812,"column":19},"end":{"line":812,"column":114}},"line":812},"64":{"name":"updateQuota","decl":{"start":{"line":813,"column":15},"end":{"line":814,"column":100}},"loc":{"start":{"line":813,"column":15},"end":{"line":814,"column":100}},"line":813},"65":{"name":"suspendReseller","decl":{"start":{"line":815,"column":19},"end":{"line":816,"column":81}},"loc":{"start":{"line":815,"column":19},"end":{"line":816,"column":81}},"line":815},"66":{"name":"reinstateReseller","decl":{"start":{"line":817,"column":21},"end":{"line":818,"column":83}},"loc":{"start":{"line":817,"column":21},"end":{"line":818,"column":83}},"line":817},"67":{"name":"offboardReseller","decl":{"start":{"line":819,"column":20},"end":{"line":820,"column":88}},"loc":{"start":{"line":819,"column":20},"end":{"line":820,"column":88}},"line":819},"68":{"name":"moveSubTenant","decl":{"start":{"line":821,"column":17},"end":{"line":822,"column":99}},"loc":{"start":{"line":821,"column":17},"end":{"line":822,"column":99}},"line":821},"69":{"name":"listSubTenants","decl":{"start":{"line":825,"column":18},"end":{"line":825,"column":85}},"loc":{"start":{"line":825,"column":18},"end":{"line":825,"column":85}},"line":825},"70":{"name":"getSubTenant","decl":{"start":{"line":826,"column":16},"end":{"line":826,"column":113}},"loc":{"start":{"line":826,"column":16},"end":{"line":826,"column":113}},"line":826},"71":{"name":"provisionSubTenant","decl":{"start":{"line":827,"column":22},"end":{"line":828,"column":69}},"loc":{"start":{"line":827,"column":22},"end":{"line":828,"column":69}},"line":827},"72":{"name":"getResellerBranding","decl":{"start":{"line":831,"column":23},"end":{"line":831,"column":90}},"loc":{"start":{"line":831,"column":23},"end":{"line":831,"column":90}},"line":831},"73":{"name":"setResellerBranding","decl":{"start":{"line":832,"column":23},"end":{"line":833,"column":72}},"loc":{"start":{"line":832,"column":23},"end":{"line":833,"column":72}},"line":832},"74":{"name":"listDomains","decl":{"start":{"line":836,"column":15},"end":{"line":836,"column":114}},"loc":{"start":{"line":836,"column":15},"end":{"line":836,"column":114}},"line":836},"75":{"name":"getDomain","decl":{"start":{"line":837,"column":13},"end":{"line":837,"column":106}},"loc":{"start":{"line":837,"column":13},"end":{"line":837,"column":106}},"line":837},"76":{"name":"initiateDomain","decl":{"start":{"line":838,"column":18},"end":{"line":839,"column":69}},"loc":{"start":{"line":838,"column":18},"end":{"line":839,"column":69}},"line":838},"77":{"name":"verifyDomain","decl":{"start":{"line":840,"column":16},"end":{"line":841,"column":82}},"loc":{"start":{"line":840,"column":16},"end":{"line":841,"column":82}},"line":840},"78":{"name":"activateDomain","decl":{"start":{"line":842,"column":18},"end":{"line":843,"column":84}},"loc":{"start":{"line":842,"column":18},"end":{"line":843,"column":84}},"line":842},"79":{"name":"getBranding","decl":{"start":{"line":846,"column":15},"end":{"line":846,"column":74}},"loc":{"start":{"line":846,"column":15},"end":{"line":846,"column":74}},"line":846},"80":{"name":"setBranding","decl":{"start":{"line":847,"column":15},"end":{"line":848,"column":72}},"loc":{"start":{"line":847,"column":15},"end":{"line":848,"column":72}},"line":847}},"f":{"0":22,"1":52,"2":82,"3":1,"4":2,"5":1,"6":2,"7":1,"8":1,"9":1,"10":1,"11":1,"12":1,"13":1,"14":1,"15":3,"16":1,"17":1,"18":1,"19":1,"20":1,"21":1,"22":1,"23":1,"24":1,"25":1,"26":1,"27":1,"28":1,"29":1,"30":1,"31":1,"32":1,"33":1,"34":1,"35":1,"36":1,"37":1,"38":1,"39":1,"40":1,"41":1,"42":1,"43":1,"44":1,"45":2,"46":1,"47":2,"48":2,"49":2,"50":2,"51":1,"52":2,"53":2,"54":2,"55":2,"56":1,"57":1,"58":1,"59":1,"60":1,"61":2,"62":1,"63":2,"64":1,"65":1,"66":1,"67":1,"68":1,"69":1,"70":1,"71":1,"72":1,"73":1,"74":1,"75":1,"76":1,"77":1,"78":1,"79":1,"80":1}}
,"S:\\claudecode\\LicenseSrv\\src\\admin-ui\\src\\session.ts": {"path":"S:\\claudecode\\LicenseSrv\\src\\admin-ui\\src\\session.ts","all":false,"statementMap":{"0":{"start":{"line":1,"column":0},"end":{"line":1,"column":93}},"10":{"start":{"line":11,"column":0},"end":{"line":11,"column":91}},"12":{"start":{"line":13,"column":0},"end":{"line":13,"column":73}}},"s":{"0":1,"10":1,"12":1},"branchMap":{"0":{"type":"branch","line":13,"loc":{"start":{"line":13,"column":26},"end":{"line":13,"column":73}},"locations":[{"start":{"line":13,"column":26},"end":{"line":13,"column":73}}]}},"b":{"0":[9]},"fnMap":{"0":{"name":"setWho","decl":{"start":{"line":11,"column":79},"end":{"line":11,"column":88}},"loc":{"start":{"line":11,"column":79},"end":{"line":11,"column":88}},"line":11},"1":{"name":"useSession","decl":{"start":{"line":13,"column":26},"end":{"line":13,"column":73}},"loc":{"start":{"line":13,"column":26},"end":{"line":13,"column":73}},"line":13}},"f":{"0":0,"1":9}}
,"S:\\claudecode\\LicenseSrv\\src\\admin-ui\\src\\components\\AppLayout.tsx": {"path":"S:\\claudecode\\LicenseSrv\\src\\admin-ui\\src\\components\\AppLayout.tsx","all":false,"statementMap":{"0":{"start":{"line":1,"column":0},"end":{"line":1,"column":95}},"10":{"start":{"line":11,"column":0},"end":{"line":11,"column":51}},"11":{"start":{"line":12,"column":0},"end":{"line":12,"column":35}},"12":{"start":{"line":13,"column":0},"end":{"line":13,"column":41}},"13":{"start":{"line":14,"column":0},"end":{"line":14,"column":35}},"14":{"start":{"line":15,"column":0},"end":{"line":15,"column":39}},"15":{"start":{"line":16,"column":0},"end":{"line":16,"column":43}},"16":{"start":{"line":17,"column":0},"end":{"line":17,"column":39}},"17":{"start":{"line":18,"column":0},"end":{"line":18,"column":37}},"18":{"start":{"line":19,"column":0},"end":{"line":19,"column":35}},"19":{"start":{"line":20,"column":0},"end":{"line":20,"column":37}},"20":{"start":{"line":21,"column":0},"end":{"line":21,"column":41}},"21":{"start":{"line":22,"column":0},"end":{"line":22,"column":2}},"23":{"start":{"line":24,"column":0},"end":{"line":24,"column":47}},"24":{"start":{"line":25,"column":0},"end":{"line":25,"column":94}},"25":{"start":{"line":26,"column":0},"end":{"line":26,"column":19}},"26":{"start":{"line":27,"column":0},"end":{"line":27,"column":60}},"27":{"start":{"line":28,"column":0},"end":{"line":28,"column":9}},"28":{"start":{"line":29,"column":0},"end":{"line":29,"column":64}},"29":{"start":{"line":30,"column":0},"end":{"line":30,"column":13}},"31":{"start":{"line":32,"column":0},"end":{"line":32,"column":5}},"32":{"start":{"line":33,"column":0},"end":{"line":33,"column":13}},"33":{"start":{"line":34,"column":0},"end":{"line":34,"column":42}},"34":{"start":{"line":35,"column":0},"end":{"line":35,"column":1}},"36":{"start":{"line":37,"column":0},"end":{"line":37,"column":49}},"37":{"start":{"line":38,"column":0},"end":{"line":38,"column":39}},"38":{"start":{"line":39,"column":0},"end":{"line":39,"column":43}},"39":{"start":{"line":40,"column":0},"end":{"line":40,"column":24}},"41":{"start":{"line":42,"column":0},"end":{"line":42,"column":43}},"42":{"start":{"line":43,"column":0},"end":{"line":43,"column":9}},"43":{"start":{"line":44,"column":0},"end":{"line":44,"column":30}},"44":{"start":{"line":45,"column":0},"end":{"line":45,"column":15}},"45":{"start":{"line":46,"column":0},"end":{"line":46,"column":19}},"46":{"start":{"line":47,"column":0},"end":{"line":47,"column":5}},"47":{"start":{"line":48,"column":0},"end":{"line":48,"column":3}},"49":{"start":{"line":50,"column":0},"end":{"line":50,"column":10}},"50":{"start":{"line":51,"column":0},"end":{"line":51,"column":33}},"51":{"start":{"line":52,"column":0},"end":{"line":52,"column":87}},"52":{"start":{"line":53,"column":0},"end":{"line":53,"column":82}},"53":{"start":{"line":54,"column":0},"end":{"line":54,"column":116}},"55":{"start":{"line":56,"column":0},"end":{"line":56,"column":17}},"56":{"start":{"line":57,"column":0},"end":{"line":57,"column":74}},"57":{"start":{"line":58,"column":0},"end":{"line":58,"column":14}},"58":{"start":{"line":59,"column":0},"end":{"line":59,"column":86}},"59":{"start":{"line":60,"column":0},"end":{"line":60,"column":32}},"60":{"start":{"line":61,"column":0},"end":{"line":61,"column":20}},"61":{"start":{"line":62,"column":0},"end":{"line":62,"column":24}},"62":{"start":{"line":63,"column":0},"end":{"line":63,"column":23}},"63":{"start":{"line":64,"column":0},"end":{"line":64,"column":42}},"64":{"start":{"line":65,"column":0},"end":{"line":65,"column":84}},"65":{"start":{"line":66,"column":0},"end":{"line":66,"column":26}},"66":{"start":{"line":67,"column":0},"end":{"line":67,"column":50}},"67":{"start":{"line":68,"column":0},"end":{"line":68,"column":74}},"68":{"start":{"line":69,"column":0},"end":{"line":69,"column":18}},"71":{"start":{"line":72,"column":0},"end":{"line":72,"column":23}},"72":{"start":{"line":73,"column":0},"end":{"line":73,"column":22}},"73":{"start":{"line":74,"column":0},"end":{"line":74,"column":13}},"74":{"start":{"line":75,"column":0},"end":{"line":75,"column":14}},"75":{"start":{"line":76,"column":0},"end":{"line":76,"column":14}},"77":{"start":{"line":78,"column":0},"end":{"line":78,"column":52}},"78":{"start":{"line":79,"column":0},"end":{"line":79,"column":117}},"79":{"start":{"line":80,"column":0},"end":{"line":80,"column":59}},"80":{"start":{"line":81,"column":0},"end":{"line":81,"column":54}},"81":{"start":{"line":82,"column":0},"end":{"line":82,"column":24}},"82":{"start":{"line":83,"column":0},"end":{"line":83,"column":20}},"83":{"start":{"line":84,"column":0},"end":{"line":84,"column":19}},"84":{"start":{"line":85,"column":0},"end":{"line":85,"column":27}},"85":{"start":{"line":86,"column":0},"end":{"line":86,"column":34}},"86":{"start":{"line":87,"column":0},"end":{"line":87,"column":43}},"87":{"start":{"line":88,"column":0},"end":{"line":88,"column":93}},"89":{"start":{"line":90,"column":0},"end":{"line":90,"column":32}},"90":{"start":{"line":91,"column":0},"end":{"line":91,"column":21}},"91":{"start":{"line":92,"column":0},"end":{"line":92,"column":19}},"92":{"start":{"line":93,"column":0},"end":{"line":93,"column":27}},"93":{"start":{"line":94,"column":0},"end":{"line":94,"column":44}},"94":{"start":{"line":95,"column":0},"end":{"line":95,"column":112}},"95":{"start":{"line":96,"column":0},"end":{"line":96,"column":13}},"97":{"start":{"line":98,"column":0},"end":{"line":98,"column":21}},"98":{"start":{"line":99,"column":0},"end":{"line":99,"column":16}},"99":{"start":{"line":100,"column":0},"end":{"line":100,"column":17}},"100":{"start":{"line":101,"column":0},"end":{"line":101,"column":61}},"101":{"start":{"line":102,"column":0},"end":{"line":102,"column":20}},"102":{"start":{"line":103,"column":0},"end":{"line":103,"column":15}},"103":{"start":{"line":104,"column":0},"end":{"line":104,"column":12}},"104":{"start":{"line":105,"column":0},"end":{"line":105,"column":10}},"106":{"start":{"line":107,"column":0},"end":{"line":107,"column":1}}},"s":{"0":1,"10":1,"11":1,"12":1,"13":1,"14":1,"15":1,"16":1,"17":1,"18":1,"19":1,"20":1,"21":1,"23":7,"24":7,"25":7,"26":7,"27":7,"28":7,"29":7,"31":0,"32":7,"33":7,"34":7,"36":1,"37":7,"38":7,"39":7,"41":7,"42":3,"43":3,"44":3,"45":3,"46":3,"47":3,"49":7,"50":7,"51":7,"52":7,"53":7,"55":7,"56":7,"57":7,"58":7,"59":7,"60":70,"61":70,"62":70,"63":70,"64":100,"65":100,"66":9,"67":91,"68":100,"71":70,"72":70,"73":7,"74":7,"75":7,"77":7,"78":7,"79":7,"80":7,"81":7,"82":7,"83":7,"84":7,"85":7,"86":7,"87":7,"89":7,"90":7,"91":7,"92":7,"93":7,"94":7,"95":7,"97":7,"98":7,"99":7,"100":7,"101":7,"102":7,"103":7,"104":7,"106":7},"branchMap":{"0":{"type":"branch","line":24,"loc":{"start":{"line":24,"column":0},"end":{"line":35,"column":1}},"locations":[{"start":{"line":24,"column":0},"end":{"line":35,"column":1}}]},"1":{"type":"branch","line":25,"loc":{"start":{"line":25,"column":35},"end":{"line":25,"column":92}},"locations":[{"start":{"line":25,"column":35},"end":{"line":25,"column":92}}]},"2":{"type":"branch","line":26,"loc":{"start":{"line":26,"column":12},"end":{"line":33,"column":5}},"locations":[{"start":{"line":26,"column":12},"end":{"line":33,"column":5}}]},"3":{"type":"branch","line":29,"loc":{"start":{"line":29,"column":39},"end":{"line":29,"column":55}},"locations":[{"start":{"line":29,"column":39},"end":{"line":29,"column":55}}]},"4":{"type":"branch","line":29,"loc":{"start":{"line":29,"column":46},"end":{"line":29,"column":62}},"locations":[{"start":{"line":29,"column":46},"end":{"line":29,"column":62}}]},"5":{"type":"branch","line":30,"loc":{"start":{"line":30,"column":4},"end":{"line":32,"column":5}},"locations":[{"start":{"line":30,"column":4},"end":{"line":32,"column":5}}]},"6":{"type":"branch","line":34,"loc":{"start":{"line":34,"column":16},"end":{"line":34,"column":40}},"locations":[{"start":{"line":34,"column":16},"end":{"line":34,"column":40}}]},"7":{"type":"branch","line":34,"loc":{"start":{"line":34,"column":30},"end":{"line":34,"column":39}},"locations":[{"start":{"line":34,"column":30},"end":{"line":34,"column":39}}]},"8":{"type":"branch","line":37,"loc":{"start":{"line":37,"column":7},"end":{"line":107,"column":1}},"locations":[{"start":{"line":37,"column":7},"end":{"line":107,"column":1}}]},"9":{"type":"branch","line":40,"loc":{"start":{"line":40,"column":12},"end":{"line":40,"column":24}},"locations":[{"start":{"line":40,"column":12},"end":{"line":40,"column":24}}]},"10":{"type":"branch","line":90,"loc":{"start":{"line":90,"column":15},"end":{"line":90,"column":28}},"locations":[{"start":{"line":90,"column":15},"end":{"line":90,"column":28}}]},"11":{"type":"branch","line":90,"loc":{"start":{"line":90,"column":22},"end":{"line":90,"column":32}},"locations":[{"start":{"line":90,"column":22},"end":{"line":90,"column":32}}]},"12":{"type":"branch","line":42,"loc":{"start":{"line":42,"column":2},"end":{"line":48,"column":3}},"locations":[{"start":{"line":42,"column":2},"end":{"line":48,"column":3}}]},"13":{"type":"branch","line":60,"loc":{"start":{"line":60,"column":24},"end":{"line":73,"column":22}},"locations":[{"start":{"line":60,"column":24},"end":{"line":73,"column":22}}]},"14":{"type":"branch","line":64,"loc":{"start":{"line":64,"column":25},"end":{"line":69,"column":18}},"locations":[{"start":{"line":64,"column":25},"end":{"line":69,"column":18}}]},"15":{"type":"branch","line":66,"loc":{"start":{"line":66,"column":18},"end":{"line":67,"column":50}},"locations":[{"start":{"line":66,"column":18},"end":{"line":67,"column":50}}]},"16":{"type":"branch","line":67,"loc":{"start":{"line":67,"column":22},"end":{"line":68,"column":74}},"locations":[{"start":{"line":67,"column":22},"end":{"line":68,"column":74}}]},"17":{"type":"branch","line":94,"loc":{"start":{"line":94,"column":23},"end":{"line":94,"column":44}},"locations":[{"start":{"line":94,"column":23},"end":{"line":94,"column":44}}]}},"b":{"0":[7],"1":[6],"2":[7],"3":[1],"4":[6],"5":[0],"6":[1],"7":[1],"8":[7],"9":[0],"10":[1],"11":[6],"12":[3],"13":[70],"14":[100],"15":[9],"16":[91],"17":[3]},"fnMap":{"0":{"name":"useDarkMode","decl":{"start":{"line":24,"column":0},"end":{"line":35,"column":1}},"loc":{"start":{"line":24,"column":0},"end":{"line":35,"column":1}},"line":24},"1":{"name":"AppLayout","decl":{"start":{"line":37,"column":7},"end":{"line":107,"column":1}},"loc":{"start":{"line":37,"column":7},"end":{"line":107,"column":1}},"line":37},"2":{"name":"signOut","decl":{"start":{"line":42,"column":2},"end":{"line":48,"column":3}},"loc":{"start":{"line":42,"column":2},"end":{"line":48,"column":3}},"line":42},"3":{"name":"className","decl":{"start":{"line":64,"column":25},"end":{"line":69,"column":18}},"loc":{"start":{"line":64,"column":25},"end":{"line":69,"column":18}},"line":64},"4":{"name":"onClick","decl":{"start":{"line":94,"column":23},"end":{"line":94,"column":44}},"loc":{"start":{"line":94,"column":23},"end":{"line":94,"column":44}},"line":94}},"f":{"0":7,"1":7,"2":3,"3":100,"4":3}}
,"S:\\claudecode\\LicenseSrv\\src\\admin-ui\\src\\components\\RequireRole.tsx": {"path":"S:\\claudecode\\LicenseSrv\\src\\admin-ui\\src\\components\\RequireRole.tsx","all":false,"statementMap":{"0":{"start":{"line":1,"column":0},"end":{"line":1,"column":103}},"7":{"start":{"line":8,"column":0},"end":{"line":8,"column":69}},"10":{"start":{"line":11,"column":0},"end":{"line":11,"column":61}},"11":{"start":{"line":12,"column":0},"end":{"line":12,"column":33}},"12":{"start":{"line":13,"column":0},"end":{"line":13,"column":1}},"14":{"start":{"line":15,"column":0},"end":{"line":15,"column":29}},"15":{"start":{"line":16,"column":0},"end":{"line":16,"column":7}},"16":{"start":{"line":17,"column":0},"end":{"line":17,"column":6}},"17":{"start":{"line":18,"column":0},"end":{"line":18,"column":11}},"18":{"start":{"line":19,"column":0},"end":{"line":19,"column":4}},"22":{"start":{"line":23,"column":0},"end":{"line":23,"column":24}},"23":{"start":{"line":24,"column":0},"end":{"line":24,"column":57}},"24":{"start":{"line":25,"column":0},"end":{"line":25,"column":1}}},"s":{"0":1,"7":1,"10":1,"11":1278,"12":1278,"14":1,"15":1275,"16":1275,"17":1275,"18":1275,"22":1275,"23":1275,"24":1275},"branchMap":{"0":{"type":"branch","line":11,"loc":{"start":{"line":11,"column":7},"end":{"line":13,"column":1}},"locations":[{"start":{"line":11,"column":7},"end":{"line":13,"column":1}}]},"1":{"type":"branch","line":15,"loc":{"start":{"line":15,"column":7},"end":{"line":25,"column":1}},"locations":[{"start":{"line":15,"column":7},"end":{"line":25,"column":1}}]},"2":{"type":"branch","line":24,"loc":{"start":{"line":24,"column":30},"end":{"line":24,"column":52}},"locations":[{"start":{"line":24,"column":30},"end":{"line":24,"column":52}}]},"3":{"type":"branch","line":24,"loc":{"start":{"line":24,"column":46},"end":{"line":24,"column":57}},"locations":[{"start":{"line":24,"column":46},"end":{"line":24,"column":57}}]}},"b":{"0":[1278],"1":[1275],"2":[1228],"3":[47]},"fnMap":{"0":{"name":"roleAtLeast","decl":{"start":{"line":11,"column":7},"end":{"line":13,"column":1}},"loc":{"start":{"line":11,"column":7},"end":{"line":13,"column":1}},"line":11},"1":{"name":"RequireRole","decl":{"start":{"line":15,"column":7},"end":{"line":25,"column":1}},"loc":{"start":{"line":15,"column":7},"end":{"line":25,"column":1}},"line":15}},"f":{"0":1278,"1":1275}}
,"S:\\claudecode\\LicenseSrv\\src\\admin-ui\\src\\components\\ui\\Badge.tsx": {"path":"S:\\claudecode\\LicenseSrv\\src\\admin-ui\\src\\components\\ui\\Badge.tsx","all":false,"statementMap":{"0":{"start":{"line":1,"column":0},"end":{"line":1,"column":44}},"4":{"start":{"line":5,"column":0},"end":{"line":5,"column":37}},"5":{"start":{"line":6,"column":0},"end":{"line":6,"column":40}},"6":{"start":{"line":7,"column":0},"end":{"line":7,"column":40}},"7":{"start":{"line":8,"column":0},"end":{"line":8,"column":37}},"8":{"start":{"line":9,"column":0},"end":{"line":9,"column":31}},"9":{"start":{"line":10,"column":0},"end":{"line":10,"column":37}},"10":{"start":{"line":11,"column":0},"end":{"line":11,"column":2}},"13":{"start":{"line":14,"column":0},"end":{"line":14,"column":23}},"14":{"start":{"line":15,"column":0},"end":{"line":15,"column":17}},"15":{"start":{"line":16,"column":0},"end":{"line":16,"column":17}},"16":{"start":{"line":17,"column":0},"end":{"line":17,"column":9}},"17":{"start":{"line":18,"column":0},"end":{"line":18,"column":68}},"18":{"start":{"line":19,"column":0},"end":{"line":19,"column":10}},"19":{"start":{"line":20,"column":0},"end":{"line":20,"column":9}},"20":{"start":{"line":21,"column":0},"end":{"line":21,"column":117}},"21":{"start":{"line":22,"column":0},"end":{"line":22,"column":15}},"22":{"start":{"line":23,"column":0},"end":{"line":23,"column":6}},"24":{"start":{"line":25,"column":0},"end":{"line":25,"column":1}},"27":{"start":{"line":28,"column":0},"end":{"line":28,"column":50}},"28":{"start":{"line":29,"column":0},"end":{"line":29,"column":33}},"29":{"start":{"line":30,"column":0},"end":{"line":30,"column":99}},"30":{"start":{"line":31,"column":0},"end":{"line":31,"column":119}},"31":{"start":{"line":32,"column":0},"end":{"line":32,"column":120}},"32":{"start":{"line":33,"column":0},"end":{"line":33,"column":70}},"33":{"start":{"line":34,"column":0},"end":{"line":34,"column":17}},"34":{"start":{"line":35,"column":0},"end":{"line":35,"column":1}}},"s":{"0":1,"4":1,"5":1,"6":1,"7":1,"8":1,"9":1,"10":1,"13":1,"14":592,"15":592,"16":592,"17":592,"18":592,"19":592,"20":592,"21":592,"22":592,"24":592,"27":1,"28":711,"29":711,"30":711,"31":44,"32":29,"33":11,"34":11},"branchMap":{"0":{"type":"branch","line":14,"loc":{"start":{"line":14,"column":7},"end":{"line":25,"column":1}},"locations":[{"start":{"line":14,"column":7},"end":{"line":25,"column":1}}]},"1":{"type":"branch","line":28,"loc":{"start":{"line":28,"column":7},"end":{"line":35,"column":1}},"locations":[{"start":{"line":28,"column":7},"end":{"line":35,"column":1}}]},"2":{"type":"branch","line":30,"loc":{"start":{"line":30,"column":82},"end":{"line":31,"co
[...]
e":106,"loc":{"start":{"line":106,"column":29},"end":{"line":107,"column":82}},"locations":[{"start":{"line":106,"column":29},"end":{"line":107,"column":82}}]},"23":{"type":"branch","line":107,"loc":{"start":{"line":107,"column":78},"end":{"line":123,"column":16}},"locations":[{"start":{"line":107,"column":78},"end":{"line":123,"column":16}}]},"24":{"type":"branch","line":39,"loc":{"start":{"line":39,"column":54},"end":{"line":39,"column":90}},"locations":[{"start":{"line":39,"column":54},"end":{"line":39,"column":90}}]},"25":{"type":"branch","line":49,"loc":{"start":{"line":49,"column":2},"end":{"line":66,"column":3}},"locations":[{"start":{"line":49,"column":2},"end":{"line":66,"column":3}}]},"26":{"type":"branch","line":53,"loc":{"start":{"line":53,"column":51},"end":{"line":53,"column":58}},"locations":[{"start":{"line":53,"column":51},"end":{"line":53,"column":58}}]},"27":{"type":"branch","line":58,"loc":{"start":{"line":58,"column":7},"end":{"line":65,"column":5}},"locations":[{"start":{"line":58,"column":7},"end":{"line":65,"column":5}}]},"28":{"type":"branch","line":90,"loc":{"start":{"line":90,"column":24},"end":{"line":90,"column":62}},"locations":[{"start":{"line":90,"column":24},"end":{"line":90,"column":62}}]},"29":{"type":"branch","line":97,"loc":{"start":{"line":97,"column":24},"end":{"line":97,"column":61}},"locations":[{"start":{"line":97,"column":24},"end":{"line":97,"column":61}}]},"30":{"type":"branch","line":114,"loc":{"start":{"line":114,"column":28},"end":{"line":120,"column":19}},"locations":[{"start":{"line":114,"column":28},"end":{"line":120,"column":19}}]},"31":{"type":"branch","line":118,"loc":{"start":{"line":118,"column":23},"end":{"line":118,"column":48}},"locations":[{"start":{"line":118,"column":23},"end":{"line":118,"column":48}}]}},"b":{"0":[1],"1":[0],"2":[0],"3":[0],"4":[0],"5":[0],"6":[56],"7":[52],"8":[4],"9":[52],"10":[4],"11":[52],"12":[4],"13":[52],"14":[52],"15":[5],"16":[47],"17":[55],"18":[1],"19":[0],"20":[2],"21":[0],"22":[4],"23":[52],"24":[5],"25":[2],"26":[0],"27":[1],"28":[24],"29":[15],"30":[104],"31":[0]},"fnMap":{"0":{"name":"provisionErrorMessage","decl":{"start":{"line":20,"column":0},"end":{"line":36,"column":1}},"loc":{"start":{"line":20,"column":0},"end":{"line":36,"column":1}},"line":20},"1":{"name":"SubTenants","decl":{"start":{"line":38,"column":7},"end":{"line":127,"column":1}},"loc":{"start":{"line":38,"column":7},"end":{"line":127,"column":1}},"line":38},"2":{"name":"provision","decl":{"start":{"line":49,"column":2},"end":{"line":66,"column":3}},"loc":{"start":{"line":49,"column":2},"end":{"line":66,"column":3}},"line":49},"3":{"name":"onChange","decl":{"start":{"line":90,"column":24},"end":{"line":90,"column":62}},"loc":{"start":{"line":90,"column":24},"end":{"line":90,"column":62}},"line":90},"4":{"name":"onChange","decl":{"start":{"line":97,"column":24},"end":{"line":97,"column":61}},"loc":{"start":{"line":97,"column":24},"end":{"line":97,"column":61}},"line":97}},"f":{"0":1,"1":56,"2":2,"3":24,"4":15}}
,"S:\\claudecode\\LicenseSrv\\src\\admin-ui\\src\\pages\\reseller\\index.tsx": {"path":"S:\\claudecode\\LicenseSrv\\src\\admin-ui\\src\\pages\\reseller\\index.tsx","all":false,"statementMap":{"0":{"start":{"line":1,"column":0},"end":{"line":1,"column":107}},"18":{"start":{"line":19,"column":0},"end":{"line":19,"column":48}},"19":{"start":{"line":20,"column":0},"end":{"line":20,"column":42}},"20":{"start":{"line":21,"column":0},"end":{"line":21,"column":46}},"21":{"start":{"line":22,"column":0},"end":{"line":22,"column":40}},"22":{"start":{"line":23,"column":0},"end":{"line":23,"column":38}},"23":{"start":{"line":24,"column":0},"end":{"line":24,"column":2}},"25":{"start":{"line":26,"column":0},"end":{"line":26,"column":85}},"26":{"start":{"line":27,"column":0},"end":{"line":27,"column":45}},"27":{"start":{"line":28,"column":0},"end":{"line":28,"column":85}},"29":{"start":{"line":30,"column":0},"end":{"line":30,"column":79}},"30":{"start":{"line":31,"column":0},"end":{"line":31,"column":57}},"32":{"start":{"line":33,"column":0},"end":{"line":33,"column":10}},"33":{"start":{"line":34,"column":0},"end":{"line":34,"column":57}},"34":{"start":{"line":35,"column":0},"end":{"line":35,"column":88}},"35":{"start":{"line":36,"column":0},"end":{"line":36,"column":26}},"36":{"start":{"line":37,"column":0},"end":{"line":37,"column":17}},"37":{"start":{"line":38,"column":0},"end":{"line":38,"column":22}},"38":{"start":{"line":39,"column":0},"end":{"line":39,"column":25}},"39":{"start":{"line":40,"column":0},"end":{"line":40,"column":40}},"40":{"start":{"line":41,"column":0},"end":{"line":41,"column":41}},"41":{"start":{"line":42,"column":0},"end":{"line":42,"column":73}},"43":{"start":{"line":44,"column":0},"end":{"line":44,"column":21}},"44":{"start":{"line":45,"column":0},"end":{"line":45,"column":19}},"45":{"start":{"line":46,"column":0},"end":{"line":46,"column":11}},"46":{"start":{"line":47,"column":0},"end":{"line":47,"column":12}},"47":{"start":{"line":48,"column":0},"end":{"line":48,"column":71}},"48":{"start":{"line":49,"column":0},"end":{"line":49,"column":74}},"49":{"start":{"line":50,"column":0},"end":{"line":50,"column":69}},"50":{"start":{"line":51,"column":0},"end":{"line":51,"column":67}},"51":{"start":{"line":52,"column":0},"end":{"line":52,"column":14}},"53":{"start":{"line":54,"column":0},"end":{"line":54,"column":1}}},"s":{"0":1,"18":1,"19":1,"20":1,"21":1,"22":1,"23":1,"25":1,"26":1,"27":1,"29":1,"30":6,"32":6,"33":6,"34":6,"35":6,"36":24,"37":24,"38":24,"39":24,"40":24,"41":24,"43":24,"44":24,"45":6,"46":6,"47":6,"48":6,"49":6,"50":6,"51":6,"53":6},"branchMap":{"0":{"type":"branch","line":30,"loc":{"start":{"line":30,"column":7},"end":{"line":54,"column":1}},"locations":[{"start":{"line":30,"column":7},"end":{"line":54,"column":1}}]},"1":{"type":"branch","line":48,"loc":{"start":{"line":48,"column":16},"end":{"line":48,"column":71}},"locations":[{"start":{"line":48,"column":16},"end":{"line":48,"column":71}}]},"2":{"type":"branch","line":49,"loc":{"start":{"line":49,"column":16},"end":{"line":49,"column":74}},"locations":[{"start":{"line":49,"column":16},"end":{"line":49,"column":74}}]},"3":{"type":"branch","line":50,"loc":{"start":{"line":50,"column":16},"end":{"line":50,"column":69}},"locations":[{"start":{"line":50,"column":16},"end":{"line":50,"column":69}}]},"4":{"type":"branch","line":51,"loc":{"start":{"line":51,"column":16},"end":{"line":51,"column":67}},"locations":[{"start":{"line":51,"column":16},"end":{"line":51,"column":67}}]},"5":{"type":"branch","line":36,"loc":{"start":{"line":36,"column":18},"end":{"line":45,"column":19}},"locations":[{"start":{"line":36,"column":18},"end":{"line":45,"column":19}}]},"6":{"type":"branch","line":42,"loc":{"start":{"line":42,"column":49},"end":{"line":42,"column":63}},"locations":[{"start":{"line":42,"column":49},"end":{"line":42,"column":63}}]},"7":{"type":"branch","line":42,"loc":{"start":{"line":42,"column":54},"end":{"line":42,"column":70}},"locations":[{"start":{"line":42,"column":54},"end":{"line":42,"column":70}}]},"8":{"type":"branch","line":41,"loc":{"start":{"line":41,"column":21},"end":{"line":41,"column":41}},"locations":[{"start":{"line":41,"column":21},"end":{"line":41,"column":41}}]}},"b":{"0":[6],"1":[3],"2":[1],"3":[1],"4":[1],"5":[24],"6":[6],"7":[18],"8":[4]},"fnMap":{"0":{"name":"Reseller","decl":{"start":{"line":30,"column":7},"end":{"line":54,"column":1}},"loc":{"start":{"line":30,"column":7},"end":{"line":54,"column":1}},"line":30},"1":{"name":"onClick","decl":{"start":{"line":41,"column":21},"end":{"line":41,"column":41}},"loc":{"start":{"line":41,"column":21},"end":{"line":41,"column":41}},"line":41}},"f":{"0":6,"1":4}}
,"S:\\claudecode\\LicenseSrv\\src\\admin-ui\\src\\pages\\usage\\Usage.tsx": {"path":"S:\\claudecode\\LicenseSrv\\src\\admin-ui\\src\\pages\\usage\\Usage.tsx","all":false,"statementMap":{"0":{"start":{"line":1,"column":0},"end":{"line":1,"column":108}},"18":{"start":{"line":19,"column":0},"end":{"line":19,"column":56}},"19":{"start":{"line":20,"column":0},"end":{"line":20,"column":25}},"20":{"start":{"line":21,"column":0},"end":{"line":21,"column":101}},"21":{"start":{"line":22,"column":0},"end":{"line":22,"column":1}},"23":{"start":{"line":24,"column":0},"end":{"line":24,"column":76}},"24":{"start":{"line":25,"column":0},"end":{"line":25,"column":49}},"25":{"start":{"line":26,"column":0},"end":{"line":26,"column":40}},"26":{"start":{"line":27,"column":0},"end":{"line":27,"column":70}},"27":{"start":{"line":28,"column":0},"end":{"line":28,"column":58}},"29":{"start":{"line":30,"column":0},"end":{"line":30,"column":27}},"30":{"start":{"line":31,"column":0},"end":{"line":31,"column":45}},"31":{"start":{"line":32,"column":0},"end":{"line":32,"column":21}},"32":{"start":{"line":33,"column":0},"end":{"line":33,"column":11}},"33":{"start":{"line":34,"column":0},"end":{"line":34,"column":36}},"34":{"start":{"line":35,"column":0},"end":{"line":35,"column":111}},"35":{"start":{"line":36,"column":0},"end":{"line":36,"column":23}},"36":{"start":{"line":37,"column":0},"end":{"line":37,"column":21}},"37":{"start":{"line":38,"column":0},"end":{"line":38,"column":24}},"38":{"start":{"line":39,"column":0},"end":{"line":39,"column":106}},"39":{"start":{"line":40,"column":0},"end":{"line":40,"column":121}},"40":{"start":{"line":41,"column":0},"end":{"line":41,"column":47}},"41":{"start":{"line":42,"column":0},"end":{"line":42,"column":7}},"42":{"start":{"line":43,"column":0},"end":{"line":43,"column":6}},"43":{"start":{"line":44,"column":0},"end":{"line":44,"column":18}},"44":{"start":{"line":45,"column":0},"end":{"line":45,"column":4}},"46":{"start":{"line":47,"column":0},"end":{"line":47,"column":56}},"47":{"start":{"line":48,"column":0},"end":{"line":48,"column":23}},"48":{"start":{"line":49,"column":0},"end":{"line":49,"column":34}},"49":{"start":{"line":50,"column":0},"end":{"line":50,"column":38}},"50":{"start":{"line":51,"column":0},"end":{"line":51,"column":3}},"52":{"start":{"line":53,"column":0},"end":{"line":53,"column":58}},"53":{"start":{"line":54,"column":0},"end":{"line":54,"column":17}},"54":{"start":{"line":55,"column":0},"end":{"line":55,"column":51}},"55":{"start":{"line":56,"column":0},"end":{"line":56,"column":3}},"57":{"start":{"line":58,"column":0},"end":{"line":58,"column":10}},"58":{"start":{"line":59,"column":0},"end":{"line":59,"column":54}},"59":{"start":{"line":60,"column":0},"end":{"line":60,"column":126}},"60":{"start":{"line":61,"column":0},"end":{"line":61,"column":12}},"61":{"start":{"line":62,"column":0},"end":{"line":62,"column":109}},"62":{"start":{"line":63,"column":0},"end":{"line":63,"column":16}},"63":{"start":{"line":64,"column":0},"end":{"line":64,"column":35}},"64":{"start":{"line":65,"column":0},"end":{"line":65,"column":38}},"65":{"start":{"line":66,"column":0},"end":{"line":66,"column":29}},"66":{"start":{"line":67,"column":0},"end":{"line":67,"column":58}},"67":{"start":{"line":68,"column":0},"end":{"line":68,"column":28}},"68":{"start":{"line":69,"column":0},"end":{"line":69,"column":12}},"69":{"start":{"line":70,"column":0},"end":{"line":70,"column":51}},"70":{"start":{"line":71,"column":0},"end":{"line":71,"column":54}},"71":{"start":{"line":72,"column":0},"end":{"line":72,"column":63}},"72":{"start":{"line":73,"column":0},"end":{"line":73,"column":20}},"73":{"start":{"line":74,"column":0},"end":{"line":74,"column":31}},"74":{"start":{"line":75,"column":0},"end":{"line":75,"column":49}},"75":{"start":{"line":76,"column":0},"end":{"line":76,"column":29}},"76":{"start":{"line":77,"column":0},"end":{"line":77,"column":66}},"77":{"start":{"line":78,"column":0},"end":{"line":78,"column":16}},"79":{"start":{"line":80,"column":0},"end":{"line":80,"column":20}},"80":{"start":{"line":81,"column":0},"end":{"line":81,"column":24}},"81":{"start":{"line":82,"column":0},"end":{"line":82,"column":15}},"82":{"start":{"line":83,"column":0},"end":{"line":83,"column":13}},"84":{"start":{"line":85,"column":0},"end":{"line":85,"column":82}},"86":{"start":{"line":87,"column":0},"end":{"line":87,"column":18}},"87":{"start":{"line":88,"column":0},"end":{"line":88,"column":10}},"88":{"start":{"line":89,"column":0},"end":{"line":89,"column":146}},"89":{"start":{"line":90,"column":0},"end":{"line":90,"column":140}},"90":{"start":{"line":91,"column":0},"end":{"line":91,"column":47}},"91":{"start":{"line":92,"column":0},"end":{"line":92,"column":91}},"93":{"start":{"line":94,"column":0},"end":{"line":94,"column":19}},"94":{"start":{"line":95,"column":0},"end":{"line":95,"column":21}},"95":{"start":{"line":96,"column":0},"end":{"line":96,"column":129}},"96":{"start":{"line":97,"column":0},"end":{"line":97,"column":22}},"97":{"start":{"line":98,"column":0},"end":{"line":98,"column":21}},"98":{"start":{"line":99,"column":0},"end":{"line":99,"column":49}},"99":{"start":{"line":100,"column":0},"end":{"line":100,"column":44}},"100":{"start":{"line":101,"column":0},"end":{"line":101,"column":76}},"101":{"start":{"line":102,"column":0},"end":{"line":102,"column":44}},"102":{"start":{"line":103,"column":0},"end":{"line":103,"column":37}},"103":{"start":{"line":104,"column":0},"end":{"line":104,"column":38}},"104":{"start":{"line":105,"column":0},"end":{"line":105,"column":49}},"105":{"start":{"line":106,"column":0},"end":{"line":106,"column":63}},"106":{"start":{"line":107,"column":0},"end":{"line":107,"column":23}},"107":{"start":{"line":108,"column":0},"end":{"line":108,"column":19}},"108":{"start":{"line":109,"column":0},"end":{"line":109,"column":22}},"109":{"start":{"line":110,"column":0},"end":{"line":110,"column":20}},"111":{"start":{"line":112,"column":0},"end":{"line":112,"column":11}},"113":{"start":{"line":114,"column":0},"end":{"line":114,"column":14}},"115":{"start":{"line":116,"column":0},"end":{"line":116,"column":1}}},"s":{"0":1,"18":6,"19":6,"20":6,"21":6,"23":1,"24":43,"25":43,"26":43,"27":43,"29":43,"30":43,"31":6,"32":6,"33":6,"34":6,"35":5,"36":6,"37":1,"38":1,"39":0,"40":0,"41":1,"42":6,"43":43,"44":43,"46":43,"47":5,"48":5,"49":5,"50":5,"52":43,"53":1,"54":1,"55":1,"57":43,"58":43,"59":43,"60":43,"61":43,"62":43,"63":43,"64":43,"65":43,"66":43,"67":43,"68":43,"69":43,"70":43,"71":43,"72":43,"73":43,"74":43,"75":43,"76":43,"77":43,"79":43,"80":43,"81":43,"82":43,"84":43,"86":43,"87":6,"88":6,"89":6,"90":6,"91":1,"93":5,"94":5,"95":5,"96":5,"97":5,"98":5,"99":9,"100":9,"101":9,"102":9,"103":9,"104":9,"105":9,"106":9,"107":5,"108":5,"109":5,"111":6,"113":43,"115":43},"branchMap":{"0":{"type":"branch","line":19,"loc":{"start":{"line":19,"column":0},"end":{"line":22,"column":1}},"locations":[{"start":{"line":19,"column":0},"end":{"line":22,"column":1}}]},"1":{"type":"branch","line":24,"loc":{"start":{"line":24,"column":7},"end":{"line":116,"column":1}},"locations":[{"start":{"line":24,"column":7},"end":{"line":116,"column":1}}]},"2":{"type":"branch","line":85,"loc":{"start":{"line":85,"column":7},"end":{"line":85,"column":82}},"locations":[{"start":{"line":85,"column":7},"end":{"line":85,"column":82}}]},"3":{"type":"branch","line":87,"loc":{"start":{"line":87,"column":7},"end":{"line":112,"column":11}},"locations":[{"start":{"line":87,"column":7},"end":{"line":112,"column":11}}]},"4":{"type":"branch","line":89,"loc":{"start":{"line":89,"column":108},"end":{"line":89,"column":137}},"locations":[{"start":{"line":89,"column":108},"end":{"line":89,"column":137}}]},"5":{"type":"branch","line":89,"loc":{"start":{"line":89,"column":114},"end":{"line":89,"column":139}},"locations":[{"start":{"line":89,"column":114},"end":{"line":89,"column":139}}]},"6":{"type":"branch","line":90,"loc":{"start":{"line":90,"column":18},"end":{"line":90,"column":140}},"locations":[{"start":{"line":90,"column":18},"end":{"line":90,"column":140}}]},"7":{"type":"branch","line":91,"loc":{"start":{"line":91,"column":42},"end":{"line":92,"column":91}},"locations":[{"start":{"line":91,"column":42},"end":{"line":92,"column":91}}]},"8":{"type":"branch","line":92,"loc":{"start":{"line":92,"column":87},"end":{"line":110,"column":20}},"locations":[{"start":{"line":92,"column":87},"end":{"line":110,"column":20}}]},"9":{"type":"branch","line":31,"loc":{"start":{"line":31,"column":4},"end":{"line":43,"column":6}},"locations":[{"start":{"line":31,"column":4},"end":{"line":43,"column":6}}]},"10":{"type":"branch","line":35,"loc":{"start":{"line":35,"column":63},"end":{"line":35,"column":108}},"locations":[{"start":{"line":35,"column":63},"end":{"line":35,"column":108}}]},"11":{"type":"branch","line":35,"loc":{"start":{"line":35,"column":109},"end":{"line":37,"column":15}},"locations":[{"start":{"line":35,"column":109},"end":{"line":37,"column":15}}]},"12":{"type":"branch","line":37,"loc":{"start":{"line":37,"column":6},"end":{"line":42,"column":7}},"locations":[{"start":{"line":37,"column":6},"end":{"line":42,"column":7}}]},"13":{"type":"branch","line":39,"loc":{"start":{"line":39,"column":104},"end":{"line":41,"column":47}},"locations":[{"start":{"line":39,"column":104},"end":{"line":41,"column":47}}]},"14":{"type":"branch","line":47,"loc":{"start":{"line":47,"column":2},"end":{"line":51,"column":3}},"locations":[{"start":{"line":47,"column":2},"end":{"line":51,"column":3}}]},"15":{"type":"branch","line":49,"loc":{"start":{"line":49,"column":27},"end":{"line":49,"column":34}},"locations":[{"start":{"line":49,"column":27},"end":{"line":49,"column":34}}]},"16":{"type":"branch","line":53,"loc":{"start":{"line":53,"column":2},"end":{"line":56,"column":3}},"locations":[{"start":{"line":53,"column":2},"end":{"line":56,"column":3}}]},"17":{"type":"branch","line":67,"loc":{"start":{"line":67,"column":22},"end":{"line":67,"column":58}},"locations":[{"start":{"line":67,"column":22},"end":{"line":67,"column":58}}]},"18":{"type":"branch","line":77,"loc":{"start":{"line":77,"column":26},"end":{"line":77,"column":66}},"locations":[{"start":{"line":77,"column":26},"end":{"line":77,"column":66}}]},"19":{"type":"branch","line":99,"loc":{"start":{"line":99,"column":41},"end":{"line":107,"column":23}},"locations":[{"start":{"line":99,"column":41},"end":{"line":107,"column":23}}]},"20":{"type":"branch","line":105,"loc":{"start":{"line":105,"column":27},"end":{"line":105,"column":44}},"locations":[{"start":{"line":105,"column":27},"end":{"line":105,"column":44}}]},"21":{"type":"branch","line":106,"loc":{"start":{"line":106,"column":27},"end":{"line":106,"column":54}},"locations":[{"start":{"line":106,"column":27},"end":{"line":106,"column":54}}]},"22":{"type":"branch","line":106,"loc":{"start":{"line":106,"column":39},"end":{"line":106,"column":58}},"locations":[{"start":{"line":106,"column":39},"end":{"line":106,"column":58}}]}},"b":{"0":[6],"1":[43],"2":[1],"3":[6],"4":[1],"5":[5],"6":[0],"7":[1],"8":[5],"9":[6],"10":[1],"11":[5],"12":[1],"13":[0],"14":[5],"15":[0],"16":[1],"17":[25],"18":[1],"19":[9],"20":[4],"21":[4],"22":[5]},"fnMap":{"0":{"name":"defaultWindow","decl":{"start":{"line":19,"column":0},"end":{"line":22,"column":1}},"loc":{"start":{"line":19,"column":0},"end":{"line":22,"column":1}},"line":19},"1":{"name":"Usage","decl":{"start":{"line":24,"column":7},"end":{"line":116,"column":1}},"loc":{"start":{"line":24,"column":7},"end":{"line":116,"column":1}},"line":24},"2":{"name":"onSubmit","decl":{"start":{"line":47,"column":2},"end":{"line":51,"column":3}},"loc":{"start":{"line":47,"column":2},"end":{"line":51,"column":3}},"line":47},"3":{"name":"toggleRaw","decl":{"start":{"line":53,"column":2},"end":{"line":56,"column":3}},"loc":{"start":{"line":53,"column":2},"end":{"line":56,"column":3}},"line":53},"4":{"name":"onChange","decl":{"start":{"line":67,"column":22},"end":{"line":67,"column":58}},"loc":{"start":{"line":67,"column":22},"end":{"line":67,"column":58}},"line":67},"5":{"name":"onChange","decl":{"start":{"line":77,"column":26},"end":{"line":77,"column":66}},"loc":{"start":{"line":77,"column":26},"end":{"line":77,"column":66}},"line":77}},"f":{"0":6,"1":43,"2":5,"3":1,"4":25,"5":1}}
}
