{"total": {"lines":{"total":10398,"covered":4282,"skipped":0,"pct":41.18},"statements":{"total":10398,"covered":4282,"skipped":0,"pct":41.18},"functions":{"total":619,"covered":239,"skipped":0,"pct":38.61},"branches":{"total":1074,"covered":747,"skipped":0,"pct":69.55},"branchesTrue":{"total":0,"covered":0,"skipped":0,"pct":100}}
,"S:\\claudecode\\LicenseSrv\\src\\server\\app.ts": {"lines":{"total":59,"covered":36,"skipped":0,"pct":61.01},"functions":{"total":2,"covered":2,"skipped":0,"pct":100},"statements":{"total":59,"covered":36,"skipped":0,"pct":61.01},"branches":{"total":12,"covered":6,"skipped":0,"pct":50}}
,"S:\\claudecode\\LicenseSrv\\src\\server\\audit\\index.ts": {"lines":{"total":19,"covered":19,"skipped":0,"pct":100},"functions":{"total":2,"covered":2,"skipped":0,"pct":100},"statements":{"total":19,"covered":19,"skipped":0,"pct":100},"branches":{"total":7,"covered":6,"skipped":0,"pct":85.71}}
,"S:\\claudecode\\LicenseSrv\\src\\server\\auth\\apikey.ts": {"lines":{"total":17,"covered":1,"skipped":0,"pct":5.88},"functions":{"total":1,"covered":0,"skipped":0,"pct":0},"statements":{"total":17,"covered":1,"skipped":0,"pct":5.88},"branches":{"total":0,"covered":0,"skipped":0,"pct":100}}
,"S:\\claudecode\\LicenseSrv\\src\\server\\auth\\rbac.ts": {"lines":{"total":10,"covered":8,"skipped":0,"pct":80},"functions":{"total":1,"covered":1,"skipped":0,"pct":100},"statements":{"total":10,"covered":8,"skipped":0,"pct":80},"branches":{"total":5,"covered":4,"skipped":0,"pct":80}}
,"S:\\claudecode\\LicenseSrv\\src\\server\\config\\index.ts": {"lines":{"total":235,"covered":81,"skipped":0,"pct":34.46},"functions":{"total":5,"covered":0,"skipped":0,"pct":0},"statements":{"total":235,"covered":81,"skipped":0,"pct":34.46},"branches":{"total":0,"covered":0,"skipped":0,"pct":100}}
,"S:\\claudecode\\LicenseSrv\\src\\server\\config\\secrets.ts": {"lines":{"total":19,"covered":3,"skipped":0,"pct":15.78},"functions":{"total":2,"covered":0,"skipped":0,"pct":0},"statements":{"total":19,"covered":3,"skipped":0,"pct":15.78},"branches":{"total":0,"covered":0,"skipped":0,"pct":100}}
,"S:\\claudecode\\LicenseSrv\\src\\server\\console\\csrf.ts": {"lines":{"total":12,"covered":12,"skipped":0,"pct":100},"functions":{"total":2,"covered":2,"skipped":0,"pct":100},"statements":{"total":12,"covered":12,"skipped":0,"pct":100},"branches":{"total":4,"covered":4,"skipped":0,"pct":100}}
,"S:\\claudecode\\LicenseSrv\\src\\server\\console\\rbac-middleware.ts": {"lines":{"total":61,"covered":48,"skipped":0,"pct":78.68},"functions":{"total":4,"covered":4,"skipped":0,"pct":100},"statements":{"total":61,"covered":48,"skipped":0,"pct":78.68},"branches":{"total":21,"covered":16,"skipped":0,"pct":76.19}}
,"S:\\claudecode\\LicenseSrv\\src\\server\\console\\session.ts": {"lines":{"total":43,"covered":38,"skipped":0,"pct":88.37},"functions":{"total":5,"covered":4,"skipped":0,"pct":80},"statements":{"total":43,"covered":38,"skipped":0,"pct":88.37},"branches":{"total":7,"covered":6,"skipped":0,"pct":85.71}}
,"S:\\claudecode\\LicenseSrv\\src\\server\\db\\client.ts": {"lines":{"total":47,"covered":39,"skipped":0,"pct":82.97},"functions":{"total":6,"covered":5,"skipped":0,"pct":83.33},"statements":{"total":47,"covered":39,"skipped":0,"pct":82.97},"branches":{"total":11,"covered":9,"skipped":0,"pct":81.81}}
,"S:\\claudecode\\LicenseSrv\\src\\server\\db\\gdpr.ts": {"lines":{"total":29,"covered":0,"skipped":0,"pct":0},"functions":{"total":1,"covered":0,"skipped":0,"pct":0},"statements":{"total":29,"covered":0,"skipped":0,"pct":0},"branches":{"total":1,"covered":0,"skipped":0,"pct":0}}
,"S:\\claudecode\\LicenseSrv\\src\\server\\db\\hash.ts": {"lines":{"total":12,"covered":6,"skipped":0,"pct":50},"functions":{"total":3,"covered":1,"skipped":0,"pct":33.33},"statements":{"total":12,"covered":6,"skipped":0,"pct":50},"branches":{"total":1,"covered":1,"skipped":0,"pct":100}}
,"S:\\claudecode\\LicenseSrv\\src\\server\\db\\migrate.ts": {"lines":{"total":62,"covered":38,"skipped":0,"pct":61.29},"functions":{"total":1,"covered":1,"skipped":0,"pct":100},"statements":{"total":62,"covered":38,"skipped":0,"pct":61.29},"branches":{"total":8,"covered":3,"skipped":0,"pct":37.5}}
,"S:\\claudecode\\LicenseSrv\\src\\server\\db\\repository.ts": {"lines":{"total":60,"covered":17,"skipped":0,"pct":28.33},"functions":{"total":5,"covered":1,"skipped":0,"pct":20},"statements":{"total":60,"covered":17,"skipped":0,"pct":28.33},"branches":{"total":2,"covered":2,"skipped":0,"pct":100}}
,"S:\\claudecode\\LicenseSrv\\src\\server\\health\\index.ts": {"lines":{"total":27,"covered":0,"skipped":0,"pct":0},"functions":{"total":1,"covered":1,"skipped":0,"pct":100},"statements":{"total":27,"covered":0,"skipped":0,"pct":0},"branches":{"total":1,"covered":1,"skipped":0,"pct":100}}
,"S:\\claudecode\\LicenseSrv\\src\\server\\modules\\index.ts": {"lines":{"total":16,"covered":16,"skipped":0,"pct":100},"functions":{"total":1,"covered":1,"skipped":0,"pct":100},"statements":{"total":16,"covered":16,"skipped":0,"pct":100},"branches":{"total":2,"covered":2,"skipped":0,"pct":100}}
,"S:\\claudecode\\LicenseSrv\\src\\server\\modules\\activation\\activate.ts": {"lines":{"total":106,"covered":2,"skipped":0,"pct":1.88},"functions":{"total":2,"covered":0,"skipped":0,"pct":0},"statements":{"total":106,"covered":2,"skipped":0,"pct":1.88},"branches":{"total":0,"covered":0,"skipped":0,"pct":100}}
,"S:\\claudecode\\LicenseSrv\\src\\server\\modules\\activation\\airgap.ts": {"lines":{"total":74,"covered":16,"skipped":0,"pct":21.62},"functions":{"total":4,"covered":0,"skipped":0,"pct":0},"statements":{"total":74,"covered":16,"skipped":0,"pct":21.62},"branches":{"total":0,"covered":0,"skipped":0,"pct":100}}
,"S:\\claudecode\\LicenseSrv\\src\\server\\modules\\activation\\claims.ts": {"lines":{"total":31,"covered":4,"skipped":0,"pct":12.9},"functions":{"total":2,"covered":0,"skipped":0,"pct":0},"statements":{"total":31,"covered":4,"skipped":0,"pct":12.9},"branches":{"total":0,"covered":0,"skipped":0,"pct":100}}
,"S:\\claudecode\\LicenseSrv\\src\\server\\modules\\activation\\deactivate.ts": {"lines":{"total":21,"covered":1,"skipped":0,"pct":4.76},"functions":{"total":1,"covered":0,"skipped":0,"pct":0},"statements":{"total":21,"covered":1,"skipped":0,"pct":4.76},"branches":{"total":0,"covered":0,"skipped":0,"pct":100}}
,"S:\\claudecode\\LicenseSrv\\src\\server\\modules\\activation\\fingerprint.ts": {"lines":{"total":31,"covered":4,"skipped":0,"pct":12.9},"functions":{"total":3,"covered":0,"skipped":0,"pct":0},"statements":{"total":31,"covered":4,"skipped":0,"pct":12.9},"branches":{"total":0,"covered":0,"skipped":0,"pct":100}}
,"S:\\claudecode\\LicenseSrv\\src\\server\\modules\\activation\\index.ts": {"lines":{"total":48,"covered":40,"skipped":0,"pct":83.33},"functions":{"total":4,"covered":3,"skipped":0,"pct":75},"statements":{"total":48,"covered":40,"skipped":0,"pct":83.33},"branches":{"total":7,"covered":3,"skipped":0,"pct":42.85}}
,"S:\\claudecode\\LicenseSrv\\src\\server\\modules\\activation\\registry.ts": {"lines":{"total":30,"covered":1,"skipped":0,"pct":3.33},"functions":{"total":2,"covered":0,"skipped":0,"pct":0},"statements":{"total":30,"covered":1,"skipped":0,"pct":3.33},"branches":{"total":0,"covered":0,"skipped":0,"pct":100}}
,"S:\\claudecode\\LicenseSrv\\src\\server\\modules\\activation\\routes.ts": {"lines":{"total":157,"covered":43,"skipped":0,"pct":27.38},"functions":{"total":12,"covered":1,"skipped":0,"pct":8.33},"statements":{"total":157,"covered":43,"skipped":0,"pct":27.38},"branches":{"total":2,"covered":2,"skipped":0,"pct":100}}
,"S:\\claudecode\\LicenseSrv\\src\\server\\modules\\admin\\apikeys.ts": {"lines":{"total":78,"covered":2,"skipped":0,"pct":2.56},"functions":{"total":5,"covered":0,"skipped":0,"pct":0},"statements":{"total":78,"covered":2,"skipped":0,"pct":2.56},"branches":{"total":0,"covered":0,"skipped":0,"pct":100}}
,"S:\\claudecode\\LicenseSrv\\src\\server\\modules\\admin\\audit.ts": {"lines":{"total":74,"covered":3,"skipped":0,"pct":4.05},"functions":{"total":3,"covered":0,"skipped":0,"pct":0},"statements":{"total":74,"covered":3,"skipped":0,"pct":4.05},"branches":{"total":0,"covered":0,"skipped":0,"pct":100}}
,"S:\\claudecode\\LicenseSrv\\src\\server\\modules\\admin\\auth.ts": {"lines":{"total":68,"covered":49,"skipped":0,"pct":72.05},"functions":{"total":3,"covered":2,"skipped":0,"pct":66.66},"statements":{"total":68,"covered":49,"skipped":0,"pct":72.05},"branches":{"total":13,"covered":5,"skipped":0,"pct":38.46}}
,"S:\\claudecode\\LicenseSrv\\src\\server\\modules\\admin\\index.ts": {"lines":{"total":28,"covered":27,"skipped":0,"pct":96.42},"functions":{"total":3,"covered":3,"skipped":0,"pct":100},"statements":{"total":28,"covered":27,"skipped":0,"pct":96.42},"branches":{"total":7,"covered":3,"skipped":0,"pct":42.85}}
,"S:\\claudecode\\LicenseSrv\\src\\server\\modules\\admin\\password.ts": {"lines":{"total":28,"covered":26,"skipped":0,"pct":92.85},"functions":{"total":2,"covered":2,"skipped":0,"pct":100},"statements":{"total":28,"covered":26,"skipped":0,"pct":92.85},"branches":{"total":5,"covered":2,"skipped":0,"pct":40}}
,"S:\\claudecode\\LicenseSrv\\src\\server\\modules\\admin\\routes.ts": {"lines":{"total":137,"covered":71,"skipped":0,"pct":51.82},"functions":{"total":5,"covered":3,"skipped":0,"pct":60},"statements":{"total":137,"covered":71,"skipped":0,"pct":51.82},"branches":{"total":6,"covered":4,"skipped":0,"pct":66.66}}
,"S:\\claudecode\\LicenseSrv\\src\\server\\modules\\admin\\users.ts": {"lines":{"total":105,"covered":2,"skipped":0,"pct":1.9},"functions":{"total":5,"covered":0,"skipped":0,"pct":0},"statements":{"total":105,"covered":2,"skipped":0,"pct":1.9},"branches":{"total":0,"covered":0,"skipped":0,"pct":100}}
,"S:\\claudecode\\LicenseSrv\\src\\server\\modules\\billing\\config.ts": {"lines":{"total":61,"covered":41,"skipped":0,"pct":67.21},"functions":{"total":7,"covered":3,"skipped":0,"pct":42.85},"statements":{"total":61,"covered":41,"skipped":0,"pct":67.21},"branches":{"total":7,"covered":3,"skipped":0,"pct":42.85}}
,"S:\\claudecode\\LicenseSrv\\src\\server\\modules\\billing\\connection-repo.ts": {"lines":{"total":166,"covered":20,"skipped":0,"pct":12.04},"functions":{"total":12,"covered":1,"skipped":0,"pct":8.33},"statements":{"total":166,"covered":20,"skipped":0,"pct":12.04},"branches":{"total":1,"covered":1,"skipped":0,"pct":100}}
,"S:\\claudecode\\LicenseSrv\\src\\server\\modules\\billing\\events.ts": {"lines":{"total":39,"covered":11,"skipped":0,"pct":28.2},"functions":{"total":3,"covered":0,"skipped":0,"pct":0},"statements":{"total":39,"covered":11,"skipped":0,"pct":28.2},"branches":{"total":0,"covered":0,"skipped":0,"pct":100}}
,"S:\\claudecode\\LicenseSrv\\src\\server\\modules\\billing\\grace-worker.ts": {"lines":{"total":90,"covered":0,"skipped":0,"pct":0},"functions":{"total":1,"covered":0,"skipped":0,"pct":0},"statements":{"total":90,"covered":0,"skipped":0,"pct":0},"branches":{"total":1,"covered":0,"skipped":0,"pct":0}}
,"S:\\claudecode\\LicenseSrv\\src\\server\\modules\\billing\\index.ts": {"lines":{"total":27,"covered":19,"skipped":0,"pct":70.37},"functions":{"total":3,"covered":2,"skipped":0,"pct":66.66},"statements":{"total":27,"covered":19,"skipped":0,"pct":70.37},"branches":{"total":2,"covered":2,"skipped":0,"pct":100}}
,"S:\\claudecode\\LicenseSrv\\src\\server\\modules\\billing\\ledger-repo.ts": {"lines":{"total":78,"covered":1,"skipped":0,"pct":1.28},"functions":{"total":6,"covered":0,"skipped":0,"pct":0},"statements":{"total":78,"covered":1,"skipped":0,"pct":1.28},"branches":{"total":0,"covered":0,"skipped":0,"pct":100}}
,"S:\\claudecode\\LicenseSrv\\src\\server\\modules\\billing\\lifecycle.ts": {"lines":{"total":165,"covered":3,"skipped":0,"pct":1.81},"functions":{"total":7,"covered":0,"skipped":0,"pct":0},"statements":{"total":165,"covered":3,"skipped":0,"pct":1.81},"branches":{"total":0,"covered":0,"skipped":0,"pct":100}}
,"S:\\claudecode\\LicenseSrv\\src\\server\\modules\\billing\\reconcile-worker.ts": {"lines":{"total":211,"covered":4,"skipped":0,"pct":1.89},"functions":{"total":10,"covered":0,"skipped":0,"pct":0},"statements":{"total":211,"covered":4,"skipped":0,"pct":1.89},"branches":{"total":0,"covered":0,"skipped":0,"pct":100}}
,"S:\\claudecode\\LicenseSrv\\src\\server\\modules\\billing\\retention-worker.ts": {"lines":{"total":49,"covered":0,"skipped":0,"pct":0},"functions":{"total":1,"covered":0,"skipped":0,"pct":0},"statements":{"total":49,"covered":0,"skipped":0,"pct":0},"branches":{"total":1,"covered":0,"skipped":0,"pct":0}}
,"S:\\claudecode\\LicenseSrv\\src\\server\\modules\\billing\\routes.ts": {"lines":{"total":283,"covered":102,"skipped":0,"pct":36.04},"functions":{"total":18,"covered":1,"skipped":0,"pct":5.55},"statements":{"total":283,"covered":102,"skipped":0,"pct":36.04},"branches":{"total":3,"covered":3,"skipped":0,"pct":100}}
,"S:\\claudecode\\LicenseSrv\\src\\server\\modules\\billing\\signature.ts": {"lines":{"total":66,"covered":3,"skipped":0,"pct":4.54},"functions":{"total":5,"covered":0,"skipped":0,"pct":0},"statements":{"total":66,"covered":3,"skipped":0,"pct":4.54},"branches":{"total":0,"covered":0,"skipped":0,"pct":100}}
,"S:\\claudecode\\LicenseSrv\\src\\server\\modules\\billing\\subscription-repo.ts": {"lines":{"total":110,"covered":11,"skipped":0,"pct":10},"functions":{"total":13,"covered":0,"skipped":0,"pct":0},"statements":{"total":110,"covered":11,"skipped":0,"pct":10},"branches":{"total":0,"covered":0,"skipped":0,"pct":100}}
,"S:\\claudecode\\LicenseSrv\\src\\server\\modules\\billing\\webhook.ts": {"lines":{"total":124,"covered":2,"skipped":0,"pct":1.61},"functions":{"total":7,"covered":0,"skipped":0,"pct":0},"statements":{"total":124,"covered":2,"skipped":0,"pct":1.61},"branches":{"total":0,"covered":0,"skipped":0,"pct":100}}
,"S:\\claudecode\\LicenseSrv\\src\\server\\modules\\billing\\adapters\\generic.ts": {"lines":{"total":48,"covered":17,"skipped":0,"pct":35.41},"functions":{"total":3,"covered":1,"skipped":0,"pct":33.33},"statements":{"total":48,"covered":17,"skipped":0,"pct":35.41},"branches":{"total":1,"covered":1,"skipped":0,"pct":100}}
,"S:\\claudecode\\LicenseSrv\\src\\server\\modules\\billing\\adapters\\index.ts": {"lines":{"total":9,"covered":7,"skipped":0,"pct":77.77},"functions":{"total":1,"covered":0,"skipped":0,"pct":0},"statements":{"total":9,"covered":7,"skipped":0,"pct":77.77},"branches":{"total":0,"covered":0,"skipped":0,"pct":100}}
,"S:\\claudecode\\LicenseSrv\\src\\server\\modules\\billing\\adapters\\shared.ts": {"lines":{"total":114,"covered":9,"skipped":0,"pct":7.89},"functions":{"total":8,"covered":0,"skipped":0,"pct":0},"statements":{"total":114,"covered":9,"skipped":0,"pct":7.89},"branches":{"total":0,"covered":0,"skipped":0,"pct":100}}
,"S:\\claudecode\\LicenseSrv\\src\\server\\modules\\billing\\adapters\\stripe.ts": {"lines":{"total":34,"covered":7,"skipped":0,"pct":20.58},"functions":{"total":2,"covered":0,"skipped":0,"pct":0},"statements":{"total":34,"covered":7,"skipped":0,"pct":20.58},"branches":{"total":0,"covered":0,"skipped":0,"pct":100}}
,"S:\\claudecode\\LicenseSrv\\src\\server\\modules\\catalog\\effective.ts": {"lines":{"total":38,"covered":38,"skipped":0,"pct":100},"functions":{"total":1,"covered":1,"skipped":0,"pct":100},"statements":{"total":38,"covered":38,"skipped":0,"pct":100},"branches":{"total":7,"covered":5,"skipped":0,"pct":71.42}}
,"S:\\claudecode\\LicenseSrv\\src\\server\\modules\\catalog\\entitlements.ts": {"lines":{"total":192,"covered":64,"skipped":0,"pct":33.33},"functions":{"total":10,"covered":4,"skipped":0,"pct":40},"statements":{"total":192,"covered":64,"skipped":0,"pct":33.33},"branches":{"total":16,"covered":8,"skipped":0,"pct":50}}
,"S:\\claudecode\\LicenseSrv\\src\\server\\modules\\catalog\\index.ts": {"lines":{"total":16,"covered":16,"skipped":0,"pct":100},"functions":{"total":2,"covered":2,"skipped":0,"pct":100},"statements":{"total":16,"covered":16,"skipped":0,"pct":100},"branches":{"total":7,"covered":2,"skipped":0,"pct":28.57}}
,"S:\\claudecode\\LicenseSrv\\src\\server\\modules\\catalog\\plans.ts": {"lines":{"total":92,"covered":38,"skipped":0,"pct":41.3},"functions":{"total":7,"covered":2,"skipped":0,"pct":28.57},"statements":{"total":92,"covered":38,"skipped":0,"pct":41.3},"branches":{"total":6,"covered":3,"skipped":0,"pct":50}}
,"S:\\claudecode\\LicenseSrv\\src\\server\\modules\\catalog\\products.ts": {"lines":{"total":84,"covered":33,"skipped":0,"pct":39.28},"functions":{"total":7,"covered":2,"skipped":0,"pct":28.57},"statements":{"total":84,"covered":33,"skipped":0,"pct":39.28},"branches":{"total":4,"covered":3,"skipped":0,"pct":75}}
,"S:\\claudecode\\LicenseSrv\\src\\server\\modules\\catalog\\routes.ts": {"lines":{"total":220,"covered":137,"skipped":0,"pct":62.27},"functions":{"total":8,"covered":2,"skipped":0,"pct":25},"statements":{"total":220,"covered":137,"skipped":0,"pct":62.27},"branches":{"total":17,"covered":10,"skipped":0,"pct":58.82}}
,"S:\\claudecode\\LicenseSrv\\src\\server\\modules\\catalog\\validation.ts": {"lines":{"total":107,"covered":23,"skipped":0,"pct":21.49},"functions":{"total":5,"covered":1,"skipped":0,"pct":20},"statements":{"total":107,"covered":23,"skipped":0,"pct":21.49},"branches":{"total":3,"covered":1,"skipped":0,"pct":33.33}}
,"S:\\claudecode\\LicenseSrv\\src\\server\\modules\\catalog\\values.ts": {"lines":{"total":57,"covered":29,"skipped":0,"pct":50.87},"functions":{"total":4,"covered":2,"skipped":0,"pct":50},"statements":{"total":57,"covered":29,"skipped":0,"pct":50.87},"branches":{"total":8,"covered":3,"skipped":0,"pct":37.5}}
,"S:\\claudecode\\LicenseSrv\\src\\server\\modules\\enforcement\\checkin-repo.ts": {"lines":{"total":63,"covered":1,"skipped":0,"pct":1.58},"functions":{"total":5,"covered":0,"skipped":0,"pct":0},"statements":{"total":63,"covered":1,"skipped":0,"pct":1.58},"branches":{"total":0,"covered":0,"skipped":0,"pct":100}}
,"S:\\claudecode\\LicenseSrv\\src\\server\\modules\\enforcement\\config.ts": {"lines":{"total":77,"covered":39,"skipped":0,"pct":50.64},"functions":{"total":5,"covered":3,"skipped":0,"pct":60},"statements":{"total":77,"covered":39,"skipped":0,"pct":50.64},"branches":{"total":9,"covered":3,"skipped":0,"pct":33.33}}
,"S:\\claudecode\\LicenseSrv\\src\\server\\modules\\enforcement\\crl-worker.ts": {"lines":{"total":103,"covered":0,"skipped":0,"pct":0},"functions":{"total":1,"covered":0,"skipped":0,"pct":0},"statements":{"total":103,"covered":0,"skipped":0,"pct":0},"branches":{"total":1,"covered":0,"skipped":0,"pct":0}}
,"S:\\claudecode\\LicenseSrv\\src\\server\\modules\\enforcement\\crl.ts": {"lines":{"total":120,"covered":6,"skipped":0,"pct":5},"functions":{"total":10,"covered":0,"skipped":0,"pct":0},"statements":{"total":120,"covered":6,"skipped":0,"pct":5},"branches":{"total":0,"covered":0,"skipped":0,"pct":100}}
,"S:\\claudecode\\LicenseSrv\\src\\server\\modules\\enforcement\\enforce.ts": {"lines":{"total":22,"covered":2,"skipped":0,"pct":9.09},"functions":{"total":2,"covered":0,"skipped":0,"pct":0},"statements":{"total":22,"covered":2,"skipped":0,"pct":9.09},"branches":{"total":0,"covered":0,"skipped":0,"pct":100}}
,"S:\\claudecode\\LicenseSrv\\src\\server\\modules\\enforcement\\heartbeat.ts": {"lines":{"total":10,"covered":1,"skipped":0,"pct":10},"functions":{"total":1,"covered":0,"skipped":0,"pct":0},"statements":{"total":10,"covered":1,"skipped":0,"pct":10},"branches":{"total":0,"covered":0,"skipped":0,"pct":100}}
,"S:\\claudecode\\LicenseSrv\\src\\server\\modules\\enforcement\\index.ts": {"lines":{"total":20,"covered":12,"skipped":0,"pct":60},"functions":{"total":2,"covered":1,"skipped":0,"pct":50},"statements":{"total":20,"covered":12,"skipped":0,"pct":60},"branches":{"total":1,"covered":1,"skipped":0,"pct":100}}
,"S:\\claudecode\\LicenseSrv\\src\\server\\modules\\enforcement\\revocation-list.ts": {"lines":{"total":40,"covered":2,"skipped":0,"pct":5},"functions":{"total":3,"covered":0,"skipped":0,"pct":0},"statements":{"total":40,"covered":2,"skipped":0,"pct":5},"branches":{"total":0,"covered":0,"skipped":0,"pct":100}}
,"S:\\claudecode\\LicenseSrv\\src\\server\\modules\\enforcement\\routes.ts": {"lines":{"total":134,"covered":37,"skipped":0,"pct":27.61},"functions":{"total":12,"covered":2,"skipped":0,"pct":16.66},"statements":{"total":134,"covered":37,"skipped":0,"pct":27.61},"branches":{"total":3,"covered":3,"skipped":0,"pct":100}}
,"S:\\claudecode\\LicenseSrv\\src\\server\\modules\\enforcement\\token.ts": {"lines":{"total":21,"covered":1,"skipped":0,"pct":4.76},"functions":{"total":1,"covered":0,"skipped":0,"pct":0},"statements":{"total":21,"covered":1,"skipped":0,"pct":4.76},"branches":{"total":0,"covered":0,"skipped":0,"pct":100}}
,"S:\\claudecode\\LicenseSrv\\src\\server\\modules\\enforcement\\validate.ts": {"lines":{"total":140,"covered":3,"skipped":0,"pct":2.14},"functions":{"total":7,"covered":0,"skipped":0,"pct":0},"statements":{"total":140,"covered":3,"skipped":0,"pct":2.14},"branches":{"total":0,"covered":0,"skipped":0,"pct":100}}
,"S:\\claudecode\\LicenseSrv\\src\\server\\modules\\issuance\\claims.ts": {"lines":{"total":24,"covered":24,"skipped":0,"pct":100},"functions":{"total":2,"covered":2,"skipped":0,"pct":100},"statements":{"total":24,"covered":24,"skipped":0,"pct":100},"branches":{"total":3,"covered":3,"skipped":0,"pct":100}}
,"S:\\claudecode\\LicenseSrv\\src\\server\\modules\\issuance\\customers.ts": {"lines":{"total":58,"covered":24,"skipped":0,"pct":41.37},"functions":{"total":7,"covered":2,"skipped":0,"pct":28.57},"statements":{"total":58,"covered":24,"skipped":0,"pct":41.37},"branches":{"total":5,"covered":3,"skipped":0,"pct":60}}
,"S:\\claudecode\\LicenseSrv\\src\\server\\modules\\issuance\\index.ts": {"lines":{"total":22,"covered":15,"skipped":0,"pct":68.18},"functions":{"total":3,"covered":2,"skipped":0,"pct":66.66},"statements":{"total":22,"covered":15,"skipped":0,"pct":68.18},"branches":{"total":4,"covered":2,"skipped":0,"pct":50}}
,"S:\\claudecode\\LicenseSrv\\src\\server\\modules\\issuance\\licenses.ts": {"lines":{"total":167,"covered":125,"skipped":0,"pct":74.85},"functions":{"total":8,"covered":6,"skipped":0,"pct":75},"statements":{"total":167,"covered":125,"skipped":0,"pct":74.85},"branches":{"total":30,"covered":14,"skipped":0,"pct":46.66}}
,"S:\\claudecode\\LicenseSrv\\src\\server\\modules\\issuance\\lifecycle.ts": {"lines":{"total":63,"covered":1,"skipped":0,"pct":1.58},"functions":{"total":7,"covered":0,"skipped":0,"pct":0},"statements":{"total":63,"covered":1,"skipped":0,"pct":1.58},"branches":{"total":0,"covered":0,"skipped":0,"pct":100}}
,"S:\\claudecode\\LicenseSrv\\src\\server\\modules\\issuance\\routes.ts": {"lines":{"total":96,"covered":64,"skipped":0,"pct":66.66},"functions":{"total":5,"covered":3,"skipped":0,"pct":60},"statements":{"total":96,"covered":64,"skipped":0,"pct":66.66},"branches":{"total":17,"covered":9,"skipped":0,"pct":52.94}}
,"S:\\claudecode\\LicenseSrv\\src\\server\\modules\\lease\\acquire.ts": {"lines":{"total":194,"covered":4,"skipped":0,"pct":2.06},"functions":{"total":6,"covered":0,"skipped":0,"pct":0},"statements":{"total":194,"covered":4,"skipped":0,"pct":2.06},"branches":{"total":0,"covered":0,"skipped":0,"pct":100}}
,"S:\\claudecode\\LicenseSrv\\src\\server\\modules\\lease\\config.ts": {"lines":{"total":74,"covered":64,"skipped":0,"pct":86.48},"functions":{"total":11,"covered":8,"skipped":0,"pct":72.72},"statements":{"total":74,"covered":64,"skipped":0,"pct":86.48},"branches":{"total":27,"covered":8,"skipped":0,"pct":29.62}}
,"S:\\claudecode\\LicenseSrv\\src\\server\\modules\\lease\\handle.ts": {"lines":{"total":62,"covered":6,"skipped":0,"pct":9.67},"functions":{"total":6,"covered":0,"skipped":0,"pct":0},"statements":{"total":62,"covered":6,"skipped":0,"pct":9.67},"branches":{"total":0,"covered":0,"skipped":0,"pct":100}}
,"S:\\claudecode\\LicenseSrv\\src\\server\\modules\\lease\\holder-key.ts": {"lines":{"total":35,"covered":7,"skipped":0,"pct":20},"functions":{"total":5,"covered":0,"skipped":0,"pct":0},"statements":{"total":35,"covered":7,"skipped":0,"pct":20},"branches":{"total":0,"covered":0,"skipped":0,"pct":100}}
,"S:\\claudecode\\LicenseSrv\\src\\server\\modules\\lease\\index.ts": {"lines":{"total":34,"covered":20,"skipped":0,"pct":58.82},"functions":{"total":4,"covered":2,"skipped":0,"pct":50},"statements":{"total":34,"covered":20,"skipped":0,"pct":58.82},"branches":{"total":2,"covered":2,"skipped":0,"pct":100}}
,"S:\\claudecode\\LicenseSrv\\src\\server\\modules\\lease\\lease-repo.ts": {"lines":{"total":165,"covered":14,"skipped":0,"pct":8.48},"functions":{"total":10,"covered":0,"skipped":0,"pct":0},"statements":{"total":165,"covered":14,"skipped":0,"pct":8.48},"branches":{"total":0,"covered":0,"skipped":0,"pct":100}}
,"S:\\claudecode\\LicenseSrv\\src\\server\\modules\\lease\\reclaim-worker.ts": {"lines":{"total":83,"covered":0,"skipped":0,"pct":0},"functions":{"total":1,"covered":0,"skipped":0,"pct":0},"statements":{"total":83,"covered":0,"skipped":0,"pct":0},"branches":{"total":1,"covered":0,"skipped":0,"pct":0}}
,"S:\\claudecode\\LicenseSrv\\src\\server\\modules\\lease\\release.ts": {"lines":{"total":10,"covered":2,"skipped":0,"pct":20},"functions":{"total":1,"covered":0,"skipped":0,"pct":0},"statements":{"total":10,"covered":2,"skipped":0,"pct":20},"branches":{"total":0,"covered":0,"skipped":0,"pct":100}}
,"S:\\claudecode\\LicenseSrv\\src\\server\\modules\\lease\\renew.ts": {"lines":{"total":51,"covered":2,"skipped":0,"pct":3.92},"functions":{"total":3,"covered":0,"skipped":0,"pct":0},"statements":{"total":51,"covered":2,"skipped":0,"pct":3.92},"branches":{"total":0,"covered":0,"skipped":0,"pct":100}}
,"S:\\claudecode\\LicenseSrv\\src\\server\\modules\\lease\\routes.ts": {"lines":{"total":204,"covered":56,"skipped":0,"pct":27.45},"functions":{"total":15,"covered":2,"skipped":0,"pct":13.33},"statements":{"total":204,"covered":56,"skipped":0,"pct":27.45},"branches":{"total":4,"covered":4,"skipped":0,"pct":100}}
,"S:\\claudecode\\LicenseSrv\\src\\server\\modules\\policy\\condition.ts": {"lines":{"total":215,"covered":188,"skipped":0,"pct":87.44},"functions":{"total":12,"covered":12,"skipped":0,"pct":100},"statements":{"total":215,"covered":188,"skipped":0,"pct":87.44},"branches":{"total":105,"covered":79,"skipped":0,"pct":75.23}}
,"S:\\claudecode\\LicenseSrv\\src\\server\\modules\\policy\\config.ts": {"lines":{"total":44,"covered":44,"skipped":0,"pct":100},"functions":{"total":4,"covered":4,"skipped":0,"pct":100},"statements":{"total":44,"covered":44,"skipped":0,"pct":100},"branches":{"total":13,"covered":13,"skipped":0,"pct":100}}
,"S:\\claudecode\\LicenseSrv\\src\\server\\modules\\policy\\context.ts": {"lines":{"total":193,"covered":187,"skipped":0,"pct":96.89},"functions":{"total":11,"covered":11,"skipped":0,"pct":100},"statements":{"total":193,"covered":187,"skipped":0,"pct":96.89},"branches":{"total":84,"covered":72,"skipped":0,"pct":85.71}}
,"S:\\claudecode\\LicenseSrv\\src\\server\\modules\\policy\\effect.ts": {"lines":{"total":49,"covered":47,"skipped":0,"pct":95.91},"functions":{"total":3,"covered":3,"skipped":0,"pct":100},"statements":{"total":49,"covered":47,"skipped":0,"pct":95.91},"branches":{"total":31,"covered":29,"skipped":0,"pct":93.54}}
,"S:\\claudecode\\LicenseSrv\\src\\server\\modules\\policy\\evaluate.ts": {"lines":{"total":229,"covered":210,"skipped":0,"pct":91.7},"functions":{"total":7,"covered":6,"skipped":0,"pct":85.71},"statements":{"total":229,"covered":210,"skipped":0,"pct":91.7},"branches":{"total":57,"covered":51,"skipped":0,"pct":89.47}}
,"S:\\claudecode\\LicenseSrv\\src\\server\\modules\\policy\\index.ts": {"lines":{"total":28,"covered":28,"skipped":0,"pct":100},"functions":{"total":4,"covered":4,"skipped":0,"pct":100},"statements":{"total":28,"covered":28,"skipped":0,"pct":100},"branches":{"total":4,"covered":4,"skipped":0,"pct":100}}
,"S:\\claudecode\\LicenseSrv\\src\\server\\modules\\policy\\retention-worker.ts": {"lines":{"total":89,"covered":81,"skipped":0,"pct":91.01},"functions":{"total":7,"covered":7,"skipped":0,"pct":100},"statements":{"total":89,"covered":81,"skipped":0,"pct":91.01},"branches":{"total":24,"covered":14,"skipped":0,"pct":58.33}}
,"S:\\claudecode\\LicenseSrv\\src\\server\\modules\\policy\\routes.ts": {"lines":{"total":469,"covered":445,"skipped":0,"pct":94.88},"functions":{"total":10,"covered":10,"skipped":0,"pct":100},"statements":{"total":469,"covered":445,"skipped":0,"pct":94.88},"branches":{"total":120,"covered":82,"skipped":0,"pct":68.33}}
,"S:\\claudecode\\LicenseSrv\\src\\server\\modules\\policy\\rule-repo.ts": {"lines":{"total":174,"covered":144,"skipped":0,"pct":82.75},"functions":{"total":13,"covered":11,"skipped":0,"pct":84.61},"statements":{"total":174,"covered":144,"skipped":0,"pct":82.75},"branches":{"total":31,"covered":26,"skipped":0,"pct":83.87}}
,"S:\\claudecode\\LicenseSrv\\src\\server\\modules\\policy\\validate.ts": {"lines":{"total":202,"covered":175,"skipped":0,"pct":86.63},"functions":{"total":11,"covered":11,"skipped":0,"pct":100},"statements":{"total":202,"covered":175,"skipped":0,"pct":86.63},"branches":{"total":90,"covered":79,"skipped":0,"pct":87.77}}
,"S:\\claudecode\\LicenseSrv\\src\\server\\modules\\signing\\custody.ts": {"lines":{"total":111,"covered":106,"skipped":0,"pct":95.49},"functions":{"total":12,"covered":11,"skipped":0,"pct":91.66},"statements":{"total":111,"covered":106,"skipped":0,"pct":95.49},"branches":{"total":40,"covered":29,"skipped":0,"pct":72.5}}
,"S:\\claudecode\\LicenseSrv\\src\\server\\modules\\signing\\edkeys.ts": {"lines":{"total":24,"covered":19,"skipped":0,"pct":79.16},"functions":{"total":5,"covered":3,"skipped":0,"pct":60},"statements":{"total":24,"covered":19,"skipped":0,"pct":79.16},"branches":{"total":3,"covered":3,"skipped":0,"pct":100}}
,"S:\\claudecode\\LicenseSrv\\src\\server\\modules\\signing\\index.ts": {"lines":{"total":46,"covered":41,"skipped":0,"pct":89.13},"functions":{"total":5,"covered":4,"skipped":0,"pct":80},"statements":{"total":46,"covered":41,"skipped":0,"pct":89.13},"branches":{"total":14,"covered":9,"skipped":0,"pct":64.28}}
,"S:\\claudecode\\LicenseSrv\\src\\server\\modules\\signing\\keyring.ts": {"lines":{"total":27,"covered":2,"skipped":0,"pct":7.4},"functions":{"total":2,"covered":0,"skipped":0,"pct":0},"statements":{"total":27,"covered":2,"skipped":0,"pct":7.4},"branches":{"total":0,"covered":0,"skipped":0,"pct":100}}
,"S:\\claudecode\\LicenseSrv\\src\\server\\modules\\signing\\keystore-signer.ts": {"lines":{"total":97,"covered":37,"skipped":0,"pct":38.14},"functions":{"total":7,"covered":3,"skipped":0,"pct":42.85},"statements":{"total":97,"covered":37,"skipped":0,"pct":38.14},"branches":{"total":10,"covered":4,"skipped":0,"pct":40}}
,"S:\\claudecode\\LicenseSrv\\src\\server\\modules\\signing\\registry.ts": {"lines":{"total":79,"covered":79,"skipped":0,"pct":100},"functions":{"total":5,"covered":5,"skipped":0,"pct":100},"statements":{"total":79,"covered":79,"skipped":0,"pct":100},"branches":{"total":14,"covered":8,"skipped":0,"pct":57.14}}
,"S:\\claudecode\\LicenseSrv\\src\\server\\modules\\signing\\rotation.ts": {"lines":{"total":87,"covered":2,"skipped":0,"pct":2.29},"functions":{"total":4,"covered":0,"skipped":0,"pct":0},"statements":{"total":87,"covered":2,"skipped":0,"pct":2.29},"branches":{"total":0,"covered":0,"skipped":0,"pct":100}}
,"S:\\claudecode\\LicenseSrv\\src\\server\\modules\\signing\\routes.ts": {"lines":{"total":92,"covered":20,"skipped":0,"pct":21.73},"functions":{"total":4,"covered":1,"skipped":0,"pct":25},"statements":{"total":92,"covered":20,"skipped":0,"pct":21.73},"branches":{"total":1,"covered":1,"skipped":0,"pct":100}}
,"S:\\claudecode\\LicenseSrv\\src\\server\\modules\\signing\\signer.ts": {"lines":{"total":31,"covered":18,"skipped":0,"pct":58.06},"functions":{"total":7,"covered":3,"skipped":0,"pct":42.85},"statements":{"total":31,"covered":18,"skipped":0,"pct":58.06},"branches":{"total":3,"covered":3,"skipped":0,"pct":100}}
,"S:\\claudecode\\LicenseSrv\\src\\server\\modules\\signing\\token.ts": {"lines":{"total":93,"covered":85,"skipped":0,"pct":91.39},"functions":{"total":10,"covered":9,"skipped":0,"pct":90},"statements":{"total":93,"covered":85,"skipped":0,"pct":91.39},"branches":{"total":29,"covered":18,"skipped":0,"pct":62.06}}
,"S:\\claudecode\\LicenseSrv\\src\\server\\modules\\usage\\config.ts": {"lines":{"total":29,"covered":29,"skipped":0,"pct":100},"functions":{"total":3,"covered":3,"skipped":0,"pct":100},"statements":{"total":29,"covered":29,"skipped":0,"pct":100},"branches":{"total":7,"covered":3,"skipped":0,"pct":42.85}}
,"S:\\claudecode\\LicenseSrv\\src\\server\\modules\\usage\\dimension-schema.ts": {"lines":{"total":59,"covered":6,"skipped":0,"pct":10.16},"functions":{"total":2,"covered":0,"skipped":0,"pct":0},"statements":{"total":59,"covered":6,"skipped":0,"pct":10.16},"branches":{"total":0,"covered":0,"skipped":0,"pct":100}}
,"S:\\claudecode\\LicenseSrv\\src\\server\\modules\\usage\\index.ts": {"lines":{"total":25,"covered":17,"skipped":0,"pct":68},"functions":{"total":3,"covered":2,"skipped":0,"pct":66.66},"statements":{"total":25,"covered":17,"skipped":0,"pct":68},"branches":{"total":2,"covered":2,"skipped":0,"pct":100}}
,"S:\\claudecode\\LicenseSrv\\src\\server\\modules\\usage\\ingest.ts": {"lines":{"total":133,"covered":12,"skipped":0,"pct":9.02},"functions":{"total":4,"covered":0,"skipped":0,"pct":0},"statements":{"total":133,"covered":12,"skipped":0,"pct":9.02},"branches":{"total":0,"covered":0,"skipped":0,"pct":100}}
,"S:\\claudecode\\LicenseSrv\\src\\server\\modules\\usage\\query.ts": {"lines":{"total":77,"covered":3,"skipped":0,"pct":3.89},"functions":{"total":3,"covered":0,"skipped":0,"pct":0},"statements":{"total":77,"covered":3,"skipped":0,"pct":3.89},"branches":{"total":0,"covered":0,"skipped":0,"pct":100}}
,"S:\\claudecode\\LicenseSrv\\src\\server\\modules\\usage\\retention-worker.ts": {"lines":{"total":108,"covered":0,"skipped":0,"pct":0},"functions":{"total":1,"covered":0,"skipped":0,"pct":0},"statements":{"total":108,"covered":0,"skipped":0,"pct":0},"branches":{"total":1,"covered":0,"skipped":0,"pct":0}}
,"S:\\claudecode\\LicenseSrv\\src\\server\\modules\\usage\\rollup-worker.ts": {"lines":{"total":125,"covered":0,"skipped":0,"pct":0},"functions":{"total":1,"covered":0,"skipped":0,"pct":0},"statements":{"total":125,"covered":0,"skipped":0,"pct":0},"branches":{"total":1,"covered":0,"skipped":0,"pct":0}}
,"S:\\claudecode\\LicenseSrv\\src\\server\\modules\\usage\\rollup.ts": {"lines":{"total":81,"covered":10,"skipped":0,"pct":12.34},"functions":{"total":9,"covered":0,"skipped":0,"pct":0},"statements":{"total":81,"covered":10,"skipped":0,"pct":12.34},"branches":{"total":0,"covered":0,"skipped":0,"pct":100}}
,"S:\\claudecode\\LicenseSrv\\src\\server\\modules\\usage\\routes.ts": {"lines":{"total":170,"covered":50,"skipped":0,"pct":29.41},"functions":{"total":12,"covered":1,"skipped":0,"pct":8.33},"statements":{"total":170,"covered":50,"skipped":0,"pct":29.41},"branches":{"total":3,"covered":3,"skipped":0,"pct":100}}
,"S:\\claudecode\\LicenseSrv\\src\\server\\modules\\usage\\usage-repo.ts": {"lines":{"total":155,"covered":12,"skipped":0,"pct":7.74},"functions":{"total":9,"covered":0,"skipped":0,"pct":0},"statements":{"total":155,"covered":12,"skipped":0,"pct":7.74},"branches":{"total":0,"covered":0,"skipped":0,"pct":100}}
,"S:\\claudecode\\LicenseSrv\\src\\server\\observability\\canary.ts": {"lines":{"total":71,"covered":0,"skipped":0,"pct":0},"functions":{"total":1,"covered":0,"skipped":0,"pct":0},"statements":{"total":71,"covered":0,"skipped":0,"pct":0},"branches":{"total":1,"covered":0,"skipped":0,"pct":0}}
,"S:\\claudecode\\LicenseSrv\\src\\server\\observability\\isolation-assertion.ts": {"lines":{"total":53,"covered":27,"skipped":0,"pct":50.94},"functions":{"total":5,"covered":2,"skipped":0,"pct":40},"statements":{"total":53,"covered":27,"skipped":0,"pct":50.94},"branches":{"total":5,"covered":3,"skipped":0,"pct":60}}
,"S:\\claudecode\\LicenseSrv\\src\\server\\observability\\logger.ts": {"lines":{"total":290,"covered":245,"skipped":0,"pct":84.48},"functions":{"total":13,"covered":10,"skipped":0,"pct":76.92},"statements":{"total":290,"covered":245,"skipped":0,"pct":84.48},"branches":{"total":57,"covered":29,"skipped":0,"pct":50.87}}
,"S:\\claudecode\\LicenseSrv\\src\\server\\observability\\metrics.ts": {"lines":{"total":150,"covered":77,"skipped":0,"pct":51.33},"functions":{"total":11,"covered":3,"skipped":0,"pct":27.27},"statements":{"total":150,"covered":77,"skipped":0,"pct":51.33},"branches":{"total":5,"covered":3,"skipped":0,"pct":60}}
,"S:\\claudecode\\LicenseSrv\\src\\server\\observability\\request-context.ts": {"lines":{"total":25,"covered":16,"skipped":0,"pct":64},"functions":{"total":6,"covered":4,"skipped":0,"pct":66.66},"statements":{"total":25,"covered":16,"skipped":0,"pct":64},"branches":{"total":5,"covered":4,"skipped":0,"pct":80}}
,"S:\\claudecode\\LicenseSrv\\src\\server\\observability\\tracing.ts": {"lines":{"total":152,"covered":0,"skipped":0,"pct":0},"functions":{"total":1,"covered":0,"skipped":0,"pct":0},"statements":{"total":152,"covered":0,"skipped":0,"pct":0},"branches":{"total":1,"covered":0,"skipped":0,"pct":0}}
}
